#
# A fatal error has been detected by the Java Runtime Environment:
#
#  EXCEPTION_ACCESS_VIOLATION (0xc0000005) at pc=0x00007ff8ecfb9670, pid=11108, tid=18872
#
# JRE version: OpenJDK Runtime Environment (11.0.2+9) (build 11.0.2+9)
# Java VM: OpenJDK 64-Bit Server VM (11.0.2+9, mixed mode, tiered, compressed oops, g1 gc, windows-amd64)
# Problematic frame:
# C  0x00007ff8ecfb9670
#
# No core dump will be written. Minidumps are not enabled by default on client versions of Windows
#
# If you would like to submit a bug report, please visit:
#   http://bugreport.java.com/bugreport/crash.jsp
# The crash happened outside the Java Virtual Machine in native code.
# See problematic frame for where to report the bug.
#

---------------  S U M M A R Y ------------

Command Line: -Dsun.java2d.pmoffscreen=false -Dhttps.protocols=TLSv1,TLSv1.1,TLSv1.2 -Dsun.java2d.xrender=false -Dsun.java2d.d3d=false -Dsun.awt.nopixfmt=true -Dsun.java2d.dpiaware=true -Dsun.java2d.uiScale.enabled=false -Xverify:none -Dswing.aatext=true -XX:-UsePerfData -Djdk.map.althashing.threshold=512 -XX:StringTableSize=4072 --add-opens=java.base/java.nio=ALL-UNNAMED --add-opens=java.desktop/sun.swing=ALL-UNNAMED --add-opens=java.desktop/javax.swing=ALL-UNNAMED --add-opens=java.desktop/javax.swing.tree=ALL-UNNAMED --add-opens=java.desktop/javax.swing.plaf.basic=ALL-UNNAMED --add-opens=java.desktop/javax.swing.plaf.synth=ALL-UNNAMED --add-opens=java.desktop/com.sun.awt=ALL-UNNAMED -XX:NewSize=60m -XX:MaxNewSize=60m -Xms128m -Xmx3072m -Xss5m 

Host: AMD Ryzen 5 4600U with Radeon Graphics         , 12 cores, 15G,  Windows 10 , 64 bit Build 22621 (10.0.22621.608)
Time: Tue Oct 25 18:59:36 2022 中国标准时间 elapsed time: 10788 seconds (0d 2h 59m 48s)

---------------  T H R E A D  ---------------

Current thread (0x00000255f638a000):  JavaThread "AWT-EventQueue-0" [_thread_in_native, id=18872, stack(0x000000e750a00000,0x000000e750f00000)]

Stack: [0x000000e750a00000,0x000000e750f00000],  sp=0x000000e750ef39d8,  free space=5070k
Native frames: (J=compiled Java code, j=interpreted, Vv=VM code, C=native code)
C  0x00007ff8ecfb9670

Java frames: (J=compiled Java code, j=interpreted, Vv=VM code)
J 25625  ui.views.waveform.waveformi.WVExecutive_getGraphicsDataSize(J)J (0 bytes) @ 0x0000025589321a91 [0x0000025589321a40+0x0000000000000051]
J 25624 c1 ui.views.waveform.executive.a.klK()Ljava/io/ByteArrayInputStream; (93 bytes) @ 0x00000255834508ac [0x00000255834507c0+0x00000000000000ec]
J 25623 c1 ui.views.waveform.b.a.klh()V (144 bytes) @ 0x000002558344c2b4 [0x000002558344c220+0x0000000000000094]
J 25590 c1 ui.views.waveform.w.aH(ZZ)V (48 bytes) @ 0x0000025583431aec [0x0000025583431560+0x000000000000058c]
J 24519 c1 ui.views.waveform.c.b.j(Lui/frmwork/a/l;)V (605 bytes) @ 0x00000255831d260c [0x00000255831ca840+0x0000000000007dcc]
J 24518 c1 ui.views.waveform.w.handleTclEvent(Lui/frmwork/a/l;)V (17 bytes) @ 0x00000255831c953c [0x00000255831c9460+0x00000000000000dc]
J 27812 c2 ui.frmwork.a.o.c(Lui/frmwork/a/l;)V (61 bytes) @ 0x00000255895d92dc [0x00000255895d9040+0x000000000000029c]
J 26453 c2 ui.frmwork.E.i(JZ)V (471 bytes) @ 0x0000025588bfafdc [0x0000025588bf9a00+0x00000000000015dc]
J 27897 c2 ui.frmwork.E.fireTclEvent(J)I (113 bytes) @ 0x00000255895f9d74 [0x00000255895f95e0+0x0000000000000794]
v  ~StubRoutines::call_stub
J 28224  ui.views.waveform.waveformi.WVExecutive_processModelEvent(JJ)V (0 bytes) @ 0x00000255884f7714 [0x00000255884f76c0+0x0000000000000054]
J 28358 c1 ui.views.waveform.c.b.ga(J)V (109 bytes) @ 0x000002558111afec [0x000002558111af20+0x00000000000000cc]
J 24519 c1 ui.views.waveform.c.b.j(Lui/frmwork/a/l;)V (605 bytes) @ 0x00000255831d3394 [0x00000255831ca840+0x0000000000008b54]
J 24518 c1 ui.views.waveform.w.handleTclEvent(Lui/frmwork/a/l;)V (17 bytes) @ 0x00000255831c953c [0x00000255831c9460+0x00000000000000dc]
J 27812 c2 ui.frmwork.a.o.c(Lui/frmwork/a/l;)V (61 bytes) @ 0x00000255895d92dc [0x00000255895d9040+0x000000000000029c]
J 26453 c2 ui.frmwork.E.i(JZ)V (471 bytes) @ 0x0000025588bfafdc [0x0000025588bf9a00+0x00000000000015dc]
J 27897 c2 ui.frmwork.E.fireTclEvent(J)I (113 bytes) @ 0x00000255895f9d74 [0x00000255895f95e0+0x0000000000000794]
v  ~StubRoutines::call_stub
J 28224  ui.views.waveform.waveformi.WVExecutive_processModelEvent(JJ)V (0 bytes) @ 0x00000255884f7714 [0x00000255884f76c0+0x0000000000000054]
J 28358 c1 ui.views.waveform.c.b.ga(J)V (109 bytes) @ 0x000002558111afec [0x000002558111af20+0x00000000000000cc]
j  ui.views.waveform.c.e.actionPerformed(Ljava/awt/event/ActionEvent;)V+8
J 17590 c2 javax.swing.Timer.fireActionPerformed(Ljava/awt/event/ActionEvent;)V java.desktop@11.0.2 (46 bytes) @ 0x0000025588a3d0d4 [0x0000025588a3cfc0+0x0000000000000114]
J 17587 c2 javax.swing.Timer$DoPostEvent.run()V java.desktop@11.0.2 (82 bytes) @ 0x0000025588a3c458 [0x0000025588a3c160+0x00000000000002f8]
J 14372 c2 java.awt.event.InvocationEvent.dispatch()V java.desktop@11.0.2 (69 bytes) @ 0x000002558859eb1c [0x000002558859eac0+0x000000000000005c]
J 14314 c2 java.awt.EventQueue$4.run()Ljava/lang/Object; java.desktop@11.0.2 (5 bytes) @ 0x000002558856a59c [0x000002558856a4e0+0x00000000000000bc]
v  ~StubRoutines::call_stub
J 3665  java.security.AccessController.doPrivileged(Ljava/security/PrivilegedAction;Ljava/security/AccessControlContext;)Ljava/lang/Object; java.base@11.0.2 (0 bytes) @ 0x0000025587ccdc36 [0x0000025587ccdbc0+0x0000000000000076]
J 14294 c2 java.awt.EventQueue.dispatchEvent(Ljava/awt/AWTEvent;)V java.desktop@11.0.2 (80 bytes) @ 0x0000025588568b4c [0x00000255885685c0+0x000000000000058c]
J 25667 c2 ui.frmwork.a.d.dispatchEvent(Ljava/awt/AWTEvent;)V (42 bytes) @ 0x000002558934957c [0x0000025589349460+0x000000000000011c]
J 21937 c2 java.awt.EventDispatchThread.pumpOneEventForFilters(I)V java.desktop@11.0.2 (113 bytes) @ 0x0000025588f4c528 [0x0000025588f4c020+0x0000000000000508]
J 19891 c2 java.awt.EventDispatchThread.pumpEventsForFilter(ILjava/awt/Conditional;Ljava/awt/EventFilter;)V java.desktop@11.0.2 (47 bytes) @ 0x0000025588d04f68 [0x0000025588d04d60+0x0000000000000208]
j  java.awt.EventDispatchThread.pumpEventsForFilter(Ljava/awt/Conditional;Ljava/awt/EventFilter;)V+4 java.desktop@11.0.2
j  java.awt.WaitDispatchSupport$2.run()V+59 java.desktop@11.0.2
j  java.awt.WaitDispatchSupport$4.run()Ljava/lang/Void;+4 java.desktop@11.0.2
j  java.awt.WaitDispatchSupport$4.run()Ljava/lang/Object;+1 java.desktop@11.0.2
v  ~StubRoutines::call_stub
J 946  java.security.AccessController.doPrivileged(Ljava/security/PrivilegedAction;)Ljava/lang/Object; java.base@11.0.2 (0 bytes) @ 0x0000025587b27022 [0x0000025587b26fc0+0x0000000000000062]
j  java.awt.WaitDispatchSupport.enter()Z+260 java.desktop@11.0.2
j  java.awt.Dialog.show()V+224 java.desktop@11.0.2
J 29189 c1 ui.dlg.c.g.setVisible(Z)V (15 bytes) @ 0x000002558185d764 [0x000002558185d4a0+0x00000000000002c4]
j  ui.dlg.c.bz.bIi()V+64
j  ui.dlg.c.bI.actionPerformed(Ljava/awt/event/ActionEvent;)V+8
j  ui.dlg.c.bz.fud()V+388
j  ui.views.c.t.b.a.run()V+60
j  ui.frmwork.cmd.a.hsT()Z+66
j  ui.frmwork.cmd.d.htb()V+42
j  ui.bm.actionPerformed(Ljava/awt/event/ActionEvent;)V+25
J 22729 c1 javax.swing.AbstractButton.fireActionPerformed(Ljava/awt/event/ActionEvent;)V java.desktop@11.0.2 (95 bytes) @ 0x00000255826a0314 [0x000002558269fa60+0x00000000000008b4]
j  ui.utils.swing.b.E.fireActionPerformed(Ljava/awt/event/ActionEvent;)V+7
J 22728 c1 javax.swing.AbstractButton$Handler.actionPerformed(Ljava/awt/event/ActionEvent;)V java.desktop@11.0.2 (9 bytes) @ 0x0000025581a359ec [0x0000025581a358e0+0x000000000000010c]
J 22726 c1 javax.swing.DefaultButtonModel.fireActionPerformed(Ljava/awt/event/ActionEvent;)V java.desktop@11.0.2 (46 bytes) @ 0x0000025581e591d4 [0x0000025581e58f00+0x00000000000002d4]
J 17490 c1 javax.swing.DefaultButtonModel.setPressed(Z)V java.desktop@11.0.2 (125 bytes) @ 0x0000025581bf3124 [0x0000025581bf2180+0x0000000000000fa4]
J 22731 c1 javax.swing.plaf.basic.BasicButtonListener.mouseReleased(Ljava/awt/event/MouseEvent;)V java.desktop@11.0.2 (48 bytes) @ 0x00000255822fe464 [0x00000255822fe000+0x0000000000000464]
j  com.jidesoft.plaf.basic.BasicJideButtonListener.mouseReleased(Ljava/awt/event/MouseEvent;)V+61
J 17453 c1 java.awt.AWTEventMulticaster.mouseReleased(Ljava/awt/event/MouseEvent;)V java.desktop@11.0.2 (27 bytes) @ 0x00000255817b1f2c [0x00000255817b1d00+0x000000000000022c]
J 17453 c1 java.awt.AWTEventMulticaster.mouseReleased(Ljava/awt/event/MouseEvent;)V java.desktop@11.0.2 (27 bytes) @ 0x00000255817b1f2c [0x00000255817b1d00+0x000000000000022c]
J 17453 c1 java.awt.AWTEventMulticaster.mouseReleased(Ljava/awt/event/MouseEvent;)V java.desktop@11.0.2 (27 bytes) @ 0x00000255817b1f2c [0x00000255817b1d00+0x000000000000022c]
J 25867 c2 javax.swing.JComponent.processMouseEvent(Ljava/awt/event/MouseEvent;)V java.desktop@11.0.2 (27 bytes) @ 0x00000255893a2174 [0x00000255893a1da0+0x00000000000003d4]
J 25431 c2 java.awt.Container.processEvent(Ljava/awt/AWTEvent;)V java.desktop@11.0.2 (22 bytes) @ 0x00000255892db3c8 [0x00000255892db140+0x0000000000000288]
J 29786 c2 java.awt.Component.dispatchEventImpl(Ljava/awt/AWTEvent;)V java.desktop@11.0.2 (777 bytes) @ 0x00000255898f3ce0 [0x00000255898f2c40+0x00000000000010a0]
J 25869 c2 java.awt.Container.dispatchEventImpl(Ljava/awt/AWTEvent;)V java.desktop@11.0.2 (129 bytes) @ 0x00000255893acdb8 [0x00000255893acd60+0x0000000000000058]
J 25551 c2 java.awt.LightweightDispatcher.retargetMouseEvent(Ljava/awt/Component;ILjava/awt/event/MouseEvent;)V java.desktop@11.0.2 (372 bytes) @ 0x0000025589303284 [0x0000025589302a20+0x0000000000000864]
J 17537 c2 java.awt.LightweightDispatcher.processMouseEvent(Ljava/awt/event/MouseEvent;)Z java.desktop@11.0.2 (265 bytes) @ 0x0000025588a2a440 [0x0000025588a29da0+0x00000000000006a0]
J 25424 c2 java.awt.Window.dispatchEventImpl(Ljava/awt/AWTEvent;)V java.desktop@11.0.2 (23 bytes) @ 0x00000255892d5800 [0x00000255892d5480+0x0000000000000380]
J 14314 c2 java.awt.EventQueue$4.run()Ljava/lang/Object; java.desktop@11.0.2 (5 bytes) @ 0x000002558856a62c [0x000002558856a4e0+0x000000000000014c]
v  ~StubRoutines::call_stub
J 3665  java.security.AccessController.doPrivileged(Ljava/security/PrivilegedAction;Ljava/security/AccessControlContext;)Ljava/lang/Object; java.base@11.0.2 (0 bytes) @ 0x0000025587ccdc36 [0x0000025587ccdbc0+0x0000000000000076]
J 17071 c2 java.awt.EventQueue$5.run()Ljava/lang/Object; java.desktop@11.0.2 (5 bytes) @ 0x0000025588980274 [0x0000025588980000+0x0000000000000274]
v  ~StubRoutines::call_stub
J 3665  java.security.AccessController.doPrivileged(Ljava/security/PrivilegedAction;Ljava/security/AccessControlContext;)Ljava/lang/Object; java.base@11.0.2 (0 bytes) @ 0x0000025587ccdc36 [0x0000025587ccdbc0+0x0000000000000076]
J 14294 c2 java.awt.EventQueue.dispatchEvent(Ljava/awt/AWTEvent;)V java.desktop@11.0.2 (80 bytes) @ 0x0000025588568968 [0x00000255885685c0+0x00000000000003a8]
J 25667 c2 ui.frmwork.a.d.dispatchEvent(Ljava/awt/AWTEvent;)V (42 bytes) @ 0x000002558934957c [0x0000025589349460+0x000000000000011c]
J 21937 c2 java.awt.EventDispatchThread.pumpOneEventForFilters(I)V java.desktop@11.0.2 (113 bytes) @ 0x0000025588f4c528 [0x0000025588f4c020+0x0000000000000508]
J 19848% c2 java.awt.EventDispatchThread.pumpEventsForFilter(ILjava/awt/Conditional;Ljava/awt/EventFilter;)V java.desktop@11.0.2 (47 bytes) @ 0x0000025588cd057c [0x0000025588cd0460+0x000000000000011c]
j  java.awt.EventDispatchThread.pumpEventsForHierarchy(ILjava/awt/Conditional;Ljava/awt/Component;)V+11 java.desktop@11.0.2
j  java.awt.EventDispatchThread.pumpEvents(ILjava/awt/Conditional;)V+4 java.desktop@11.0.2
j  java.awt.EventDispatchThread.pumpEvents(Ljava/awt/Conditional;)V+3 java.desktop@11.0.2
j  java.awt.EventDispatchThread.run()V+9 java.desktop@11.0.2
v  ~StubRoutines::call_stub

siginfo: EXCEPTION_ACCESS_VIOLATION (0xc0000005), data execution prevention violation at address 0x00007ff8ecfb9670


Register to memory mapping:

RIP=0x00007ff8ecfb9670 points into unknown readable memory: 01 00 00 00 00 00 00 00
RAX=0x00007ff8ecf60720 points into unknown readable memory: 00 88 bc ec f8 7f 00 00
RBX=0x0000000000000001 is an unknown value
RCX=0x0000025631d46f10 points into unknown readable memory: 20 07 f6 ec f8 7f 00 00
RDX=0x0000025593f3eae0 points into unknown readable memory: d8 84 8b 37 f9 7f 00 00
RSP=0x000000e750ef39d8 is pointing into the stack for thread: 0x00000255f638a000
RBP=0x000000e750ef3bd0 is pointing into the stack for thread: 0x00000255f638a000
RSI=0x0000025633671ba0 points into unknown readable memory: 30 07 f6 ec f8 7f 00 00
RDI=0x0000025631d46f10 points into unknown readable memory: 20 07 f6 ec f8 7f 00 00
R8 =0x000000e750ef3bc0 is pointing into the stack for thread: 0x00000255f638a000
R9 =0x000000e750ef3c00 is pointing into the stack for thread: 0x00000255f638a000
R10=0x00007ff9788a0000 VCRUNTIME140.dll
R11=0x0010010000080000 is an unknown value
R12=0x000000e750ef3bc0 is pointing into the stack for thread: 0x00000255f638a000
R13=0x000000e750ef3c00 is pointing into the stack for thread: 0x00000255f638a000
R14=0x000000e750ef3cd8 is pointing into the stack for thread: 0x00000255f638a000
R15=0x0000025593f3eae0 points into unknown readable memory: d8 84 8b 37 f9 7f 00 00


Registers:
RAX=0x00007ff8ecf60720, RBX=0x0000000000000001, RCX=0x0000025631d46f10, RDX=0x0000025593f3eae0
RSP=0x000000e750ef39d8, RBP=0x000000e750ef3bd0, RSI=0x0000025633671ba0, RDI=0x0000025631d46f10
R8 =0x000000e750ef3bc0, R9 =0x000000e750ef3c00, R10=0x00007ff9788a0000, R11=0x0010010000080000
R12=0x000000e750ef3bc0, R13=0x000000e750ef3c00, R14=0x000000e750ef3cd8, R15=0x0000025593f3eae0
RIP=0x00007ff8ecfb9670, EFLAGS=0x0000000000010202

Top of Stack: (sp=0x000000e750ef39d8)
0x000000e750ef39d8:   00007ff8ecc90855 000000e750ef3aa0
0x000000e750ef39e8:   00000255f638a000 000000e750ef3aa0
0x000000e750ef39f8:   00007ff9a35ed83a fffffffffffffffe
0x000000e750ef3a08:   0000000000000010 0000025631a1a460
0x000000e750ef3a18:   00000255f638a000 00000255f5b63808
0x000000e750ef3a28:   00000255f638a000 000000e700000000
0x000000e750ef3a38:   00000255d7bb8f40 000000e750ef4f40
0x000000e750ef3a48:   00007ff935843baa 00000255d7bb02a4
0x000000e750ef3a58:   0000000000000010 00000255d7bb0e40
0x000000e750ef3a68:   000002559a4c9f40 0000f9ed537485b3
0x000000e750ef3a78:   0000000000000008 0000000000000000
0x000000e750ef3a88:   0000000000000000 000000e750ef3cd8
0x000000e750ef3a98:   00000256333d5a28 0000025631d46f10
0x000000e750ef3aa8:   0000025593f3eae0 0000025633671ba0
0x000000e750ef3ab8:   000000e750ef3bd0 0000000000000001
0x000000e750ef3ac8:   00007ff8ecc883a6 0000000000000008 

Instructions: (pc=0x00007ff8ecfb9670)
0x00007ff8ecfb9650:   00 00 00 00 ff ff ff ff 00 00 00 00 40 00 00 00
0x00007ff8ecfb9660:   20 96 43 00 00 00 00 00 00 00 00 00 00 00 00 00
0x00007ff8ecfb9670:   01 00 00 00 00 00 00 00 00 00 00 00 a0 19 57 00
0x00007ff8ecfb9680:   98 96 43 00 70 96 43 00 00 00 00 00 00 00 00 00 


Stack slot to memory mapping:
stack at sp + 0 slots: 0x00007ff8ecc90855 points into unknown readable memory: 8b f0 83
stack at sp + 1 slots: 0x000000e750ef3aa0 is pointing into the stack for thread: 0x00000255f638a000
stack at sp + 2 slots: 0x00000255f638a000 is a thread
stack at sp + 3 slots: 0x000000e750ef3aa0 is pointing into the stack for thread: 0x00000255f638a000
stack at sp + 4 slots: 0x00007ff9a35ed83a ntdll.dll
stack at sp + 5 slots: 0xfffffffffffffffe is an unknown value
stack at sp + 6 slots: 0x0000000000000010 is an unknown value
stack at sp + 7 slots: 0x0000025631a1a460 points into unknown readable memory: 40 8f bb d7 55 02 00 00


---------------  P R O C E S S  ---------------

Threads class SMR info:
_java_thread_list=0x0000025616b8fa40, length=36, elements={
0x0000025598bbf800, 0x00000255e0a16800, 0x00000255e172a000, 0x00000255e0946800,
0x00000255e0947800, 0x00000255fe159800, 0x00000255fe15a000, 0x0000025599528800,
0x000002559a49f800, 0x000002559a0b1000, 0x00000255e0ae4000, 0x00000255e0a0a800,
0x00000255df7ae800, 0x00000255e2229000, 0x00000255f638a000, 0x00000255e261c000,
0x00000255f616f000, 0x00000255f6380000, 0x00000255e249c800, 0x00000255e249f000,
0x00000255e24a0000, 0x00000255e249a800, 0x00000255e24a1000, 0x0000025591460800,
0x000002559145a800, 0x000002559145c000, 0x0000025591463000, 0x000002559145d000,
0x000002559145e000, 0x0000025591461000, 0x000002559145b800, 0x0000025591467800,
0x0000025591466000, 0x00000255e249c000, 0x0000025610ca9800, 0x0000025610ca6800
}

Java Threads: ( => current thread )
  0x0000025598bbf800 JavaThread "main" [_thread_blocked, id=4228, stack(0x000000e74c200000,0x000000e74c300000)]
  0x00000255e0a16800 JavaThread "Reference Handler" daemon [_thread_blocked, id=8228, stack(0x000000e74c900000,0x000000e74ce00000)]
  0x00000255e172a000 JavaThread "Finalizer" daemon [_thread_blocked, id=8948, stack(0x000000e74ce00000,0x000000e74d300000)]
  0x00000255e0946800 JavaThread "Signal Dispatcher" daemon [_thread_blocked, id=22424, stack(0x000000e74d300000,0x000000e74d800000)]
  0x00000255e0947800 JavaThread "Attach Listener" daemon [_thread_blocked, id=9424, stack(0x000000e74d800000,0x000000e74dd00000)]
  0x00000255fe159800 JavaThread "C2 CompilerThread0" daemon [_thread_blocked, id=27040, stack(0x000000e74dd00000,0x000000e74de00000)]
  0x00000255fe15a000 JavaThread "C1 CompilerThread0" daemon [_thread_blocked, id=23028, stack(0x000000e74de00000,0x000000e74df00000)]
  0x0000025599528800 JavaThread "Sweeper thread" daemon [_thread_blocked, id=13572, stack(0x000000e74df00000,0x000000e74e400000)]
  0x000002559a49f800 JavaThread "Common-Cleaner" daemon [_thread_blocked, id=25976, stack(0x000000e74e500000,0x000000e74ea00000)]
  0x000002559a0b1000 JavaThread "Service Thread" daemon [_thread_blocked, id=14492, stack(0x000000e74ea00000,0x000000e74ef00000)]
  0x00000255e0ae4000 JavaThread "Java2D Disposer" daemon [_thread_blocked, id=24140, stack(0x000000e74f000000,0x000000e74f500000)]
  0x00000255e0a0a800 JavaThread "AWT-Shutdown" [_thread_blocked, id=21580, stack(0x000000e74f500000,0x000000e74fa00000)]
  0x00000255df7ae800 JavaThread "AWT-Windows" daemon [_thread_in_native, id=15228, stack(0x000000e74fa00000,0x000000e74ff00000)]
  0x00000255e2229000 JavaThread "TimerQueue" daemon [_thread_blocked, id=26032, stack(0x000000e74ff00000,0x000000e750400000)]
=>0x00000255f638a000 JavaThread "AWT-EventQueue-0" [_thread_in_native, id=18872, stack(0x000000e750a00000,0x000000e750f00000)]
  0x00000255e261c000 JavaThread "Thread-1" [_thread_in_native, id=17344, stack(0x000000e74ac00000,0x000000e74c000000)]
  0x00000255f616f000 JavaThread "Process Messages Thread" [_thread_blocked, id=7936, stack(0x000000e751400000,0x000000e751900000)]
  0x00000255f6380000 JavaThread "Batik CleanerThread" daemon [_thread_blocked, id=5204, stack(0x000000e752300000,0x000000e752800000)]
  0x00000255e249c800 JavaThread "SyntheticaCleanerThread" daemon [_thread_blocked, id=2488, stack(0x000000e752d00000,0x000000e753200000)]
  0x00000255e249f000 JavaThread "Monitor HEventQueue Thread" [_thread_blocked, id=2700, stack(0x000000e753200000,0x000000e753700000)]
  0x00000255e24a0000 JavaThread "SyntheticaAnimation 50" daemon [_thread_blocked, id=18352, stack(0x000000e753700000,0x000000e753c00000)]
  0x00000255e249a800 JavaThread "SyntheticaAnimation 25" daemon [_thread_blocked, id=3300, stack(0x000000e753c00000,0x000000e754100000)]
  0x00000255e24a1000 JavaThread "SyntheticaAnimation 70" daemon [_thread_blocked, id=26048, stack(0x000000e754700000,0x000000e754c00000)]
  0x0000025591460800 JavaThread "Refresh Filesets Swing Worker Thread" [_thread_blocked, id=3956, stack(0x000000e752800000,0x000000e752d00000)]
  0x000002559145a800 JavaThread "hw_ila_monitor" [_thread_blocked, id=18152, stack(0x000000e750400000,0x000000e750900000)]
  0x000002559145c000 JavaThread "pool-2-thread-1" [_thread_blocked, id=21332, stack(0x000000e755600000,0x000000e755b00000)]
  0x0000025591463000 JavaThread "pool-3-thread-1" [_thread_blocked, id=27292, stack(0x000000e755b00000,0x000000e756000000)]
  0x000002559145d000 JavaThread "pool-4-thread-1" [_thread_blocked, id=25628, stack(0x000000e756000000,0x000000e756500000)]
  0x000002559145e000 JavaThread "Update Runs Swing Worker Thread" [_thread_blocked, id=17200, stack(0x000000e756a00000,0x000000e756f00000)]
  0x0000025591461000 JavaThread "SyntheticaAnimation 50" daemon [_thread_blocked, id=2364, stack(0x000000e754200000,0x000000e754700000)]
  0x000002559145b800 JavaThread "Image Animator 3" daemon [_thread_blocked, id=20808, stack(0x000000e754c00000,0x000000e755100000)]
  0x0000025591467800 JavaThread "Timer-0" [_thread_blocked, id=13080, stack(0x000000e755100000,0x000000e755600000)]
  0x0000025591466000 JavaThread "Monitor File Timestamp Swing Worker Thread" [_thread_blocked, id=11272, stack(0x000000e757300000,0x000000e757800000)]
  0x00000255e249c000 JavaThread "Thread-3983" [_thread_in_native, id=9120, stack(0x000000e751200000,0x000000e751300000)]
  0x0000025610ca9800 JavaThread "Image Fetcher 0" daemon [_thread_blocked, id=6052, stack(0x000000e757800000,0x000000e757d00000)]
  0x0000025610ca6800 JavaThread "Relaunch Simulation Thread" [_thread_blocked, id=26412, stack(0x000000e757d00000,0x000000e758200000)]

Other Threads:
  0x00000255f76ca000 VMThread "VM Thread" [stack: 0x000000e74c800000,0x000000e74c900000] [id=23196]
  0x00000255df7a9000 WatcherThread [stack: 0x000000e74ef00000,0x000000e74f000000] [id=26572]
  0x00000255df13b800 GCTaskThread "GC Thread#0" [stack: 0x000000e74c300000,0x000000e74c400000] [id=22908]
  0x00000255f86da800 GCTaskThread "GC Thread#1" [stack: 0x000000e751900000,0x000000e751a00000] [id=5828]
  0x00000255f6656800 GCTaskThread "GC Thread#2" [stack: 0x000000e751a00000,0x000000e751b00000] [id=10060]
  0x00000255e2264000 GCTaskThread "GC Thread#3" [stack: 0x000000e751b00000,0x000000e751c00000] [id=6204]
  0x00000255e2265000 GCTaskThread "GC Thread#4" [stack: 0x000000e751c00000,0x000000e751d00000] [id=26724]
  0x00000255e2266000 GCTaskThread "GC Thread#5" [stack: 0x000000e751d00000,0x000000e751e00000] [id=22388]
  0x00000255e2267000 GCTaskThread "GC Thread#6" [stack: 0x000000e751e00000,0x000000e751f00000] [id=27236]
  0x00000255e20e8000 GCTaskThread "GC Thread#7" [stack: 0x000000e751f00000,0x000000e752000000] [id=13964]
  0x00000255e20e9000 GCTaskThread "GC Thread#8" [stack: 0x000000e752000000,0x000000e752100000] [id=6544]
  0x00000255f6576800 GCTaskThread "GC Thread#9" [stack: 0x000000e752100000,0x000000e752200000] [id=12848]
  0x00000255de76c800 ConcurrentGCThread "G1 Main Marker" [stack: 0x000000e74c400000,0x000000e74c500000] [id=26256]
  0x00000255fe05c800 ConcurrentGCThread "G1 Conc#0" [stack: 0x000000e74c500000,0x000000e74c600000] [id=4512]
  0x00000255f6145800 ConcurrentGCThread "G1 Conc#1" [stack: 0x000000e750f00000,0x000000e751000000] [id=9372]
  0x00000255f5fea800 ConcurrentGCThread "G1 Conc#2" [stack: 0x000000e751000000,0x000000e751100000] [id=13484]
  0x00000255def43800 ConcurrentGCThread "G1 Refine#0" [stack: 0x000000e74c600000,0x000000e74c700000] [id=27636]
  0x00000255e202b000 ConcurrentGCThread "G1 Refine#1" [stack: 0x000000e752200000,0x000000e752300000] [id=14012]
  0x00000255fdf29000 ConcurrentGCThread "G1 Refine#2" [stack: 0x000000e754100000,0x000000e754200000] [id=12044]
  0x0000025598ff3800 ConcurrentGCThread "G1 Young RemSet Sampling" [stack: 0x000000e74c700000,0x000000e74c800000] [id=2556]

Threads with active compile tasks:

VM state:not at safepoint (normal execution)

VM Mutex/Monitor currently owned by a thread: None

Heap address: 0x0000000740000000, size: 3072 MB, Compressed Oops mode: Zero based, Oop shift amount: 3
Narrow klass base: 0x0000000800000000, Narrow klass shift: 0
Compressed class space size: 1073741824 Address: 0x0000000800000000

Heap:
 garbage-first heap   total 226304K, used 127154K [0x0000000740000000, 0x0000000800000000)
  region size 1024K, 20 young (20480K), 1 survivors (1024K)
 Metaspace       used 101246K, capacity 102461K, committed 106832K, reserved 1140736K
  class space    used 13101K, capacity 13592K, committed 15104K, reserved 1048576K
Heap Regions: E=young(eden), S=young(survivor), O=old, HS=humongous(starts), HC=humongous(continues), CS=collection set, F=free, A=archive, TAMS=top-at-mark-start (previous, next)
|   0|0x0000000740000000, 0x0000000740100000, 0x0000000740100000|100%|HS|  |TAMS 0x0000000740000000, 0x0000000740000000| Untracked 
|   1|0x0000000740100000, 0x0000000740200000, 0x0000000740200000|100%|HC|  |TAMS 0x0000000740100000, 0x0000000740100000| Untracked 
|   2|0x0000000740200000, 0x0000000740300000, 0x0000000740300000|100%|HS|  |TAMS 0x0000000740200000, 0x0000000740200000| Untracked 
|   3|0x0000000740300000, 0x00000007403ffff0, 0x0000000740400000| 99%| O|  |TAMS 0x0000000740300000, 0x0000000740300000| Untracked 
|   4|0x0000000740400000, 0x0000000740500000, 0x0000000740500000|100%| O|  |TAMS 0x0000000740400000, 0x0000000740400000| Untracked 
|   5|0x0000000740500000, 0x00000007405fffe8, 0x0000000740600000| 99%| O|  |TAMS 0x0000000740500000, 0x0000000740500000| Untracked 
|   6|0x0000000740600000, 0x00000007406fffe8, 0x0000000740700000| 99%| O|  |TAMS 0x0000000740600000, 0x0000000740600000| Untracked 
|   7|0x0000000740700000, 0x0000000740800000, 0x0000000740800000|100%| O|  |TAMS 0x0000000740700000, 0x0000000740700000| Untracked 
|   8|0x0000000740800000, 0x0000000740900000, 0x0000000740900000|100%| O|  |TAMS 0x0000000740800000, 0x0000000740800000| Untracked 
|   9|0x0000000740900000, 0x00000007409ffff0, 0x0000000740a00000| 99%| O|  |TAMS 0x0000000740900000, 0x0000000740900000| Untracked 
|  10|0x0000000740a00000, 0x0000000740affff0, 0x0000000740b00000| 99%| O|  |TAMS 0x0000000740a00000, 0x0000000740a00000| Untracked 
|  11|0x0000000740b00000, 0x0000000740bffff0, 0x0000000740c00000| 99%| O|  |TAMS 0x0000000740b00000, 0x0000000740b00000| Untracked 
|  12|0x0000000740c00000, 0x0000000740cffff0, 0x0000000740d00000| 99%| O|  |TAMS 0x0000000740c00000, 0x0000000740c00000| Untracked 
|  13|0x0000000740d00000, 0x0000000740dffff8, 0x0000000740e00000| 99%| O|  |TAMS 0x0000000740d00000, 0x0000000740d00000| Untracked 
|  14|0x0000000740e00000, 0x0000000740f00000, 0x0000000740f00000|100%| O|  |TAMS 0x0000000740e00000, 0x0000000740e00000| Untracked 
|  15|0x0000000740f00000, 0x0000000740fffff0, 0x0000000741000000| 99%| O|  |TAMS 0x0000000740f00000, 0x0000000740f00000| Untracked 
|  16|0x0000000741000000, 0x00000007410ffff0, 0x0000000741100000| 99%| O|  |TAMS 0x0000000741000000, 0x0000000741000000| Untracked 
|  17|0x0000000741100000, 0x00000007411ffff8, 0x0000000741200000| 99%| O|  |TAMS 0x0000000741100000, 0x0000000741100000| Untracked 
|  18|0x0000000741200000, 0x00000007412ffff0, 0x0000000741300000| 99%| O|  |TAMS 0x0000000741200000, 0x0000000741200000| Untracked 
|  19|0x0000000741300000, 0x00000007413ffff8, 0x0000000741400000| 99%| O|  |TAMS 0x0000000741300000, 0x0000000741300000| Untracked 
|  20|0x0000000741400000, 0x0000000741500000, 0x0000000741500000|100%| O|  |TAMS 0x0000000741400000, 0x0000000741400000| Untracked 
|  21|0x0000000741500000, 0x0000000741600000, 0x0000000741600000|100%|HS|  |TAMS 0x0000000741500000, 0x0000000741500000| Untracked 
|  22|0x0000000741600000, 0x00000007416ffff0, 0x0000000741700000| 99%| O|  |TAMS 0x0000000741600000, 0x0000000741600000| Untracked 
|  23|0x0000000741700000, 0x00000007417ffff8, 0x0000000741800000| 99%| O|  |TAMS 0x0000000741700000, 0x0000000741700000| Untracked 
|  24|0x0000000741800000, 0x00000007418ffff0, 0x0000000741900000| 99%| O|  |TAMS 0x0000000741800000, 0x0000000741800000| Untracked 
|  25|0x0000000741900000, 0x0000000741a00000, 0x0000000741a00000|100%| O|  |TAMS 0x0000000741900000, 0x0000000741900000| Untracked 
|  26|0x0000000741a00000, 0x0000000741affff8, 0x0000000741b00000| 99%| O|  |TAMS 0x0000000741a00000, 0x0000000741a00000| Untracked 
|  27|0x0000000741b00000, 0x0000000741bffff8, 0x0000000741c00000| 99%| O|  |TAMS 0x0000000741b00000, 0x0000000741b00000| Untracked 
|  28|0x0000000741c00000, 0x0000000741d00000, 0x0000000741d00000|100%| O|  |TAMS 0x0000000741c00000, 0x0000000741c00000| Untracked 
|  29|0x0000000741d00000, 0x0000000741e00000, 0x0000000741e00000|100%| O|  |TAMS 0x0000000741d00000, 0x0000000741d00000| Untracked 
|  30|0x0000000741e00000, 0x0000000741efffe8, 0x0000000741f00000| 99%| O|  |TAMS 0x0000000741e00000, 0x0000000741e00000| Untracked 
|  31|0x0000000741f00000, 0x0000000741ffffe8, 0x0000000742000000| 99%| O|  |TAMS 0x0000000741f00000, 0x0000000741f00000| Untracked 
|  32|0x0000000742000000, 0x00000007420ffff8, 0x0000000742100000| 99%| O|  |TAMS 0x0000000742000000, 0x0000000742000000| Untracked 
|  33|0x0000000742100000, 0x00000007421ffff8, 0x0000000742200000| 99%| O|  |TAMS 0x0000000742100000, 0x0000000742100000| Untracked 
|  34|0x0000000742200000, 0x00000007422ffff8, 0x0000000742300000| 99%| O|  |TAMS 0x0000000742200000, 0x0000000742200000| Untracked 
|  35|0x0000000742300000, 0x0000000742400000, 0x0000000742400000|100%| O|  |TAMS 0x0000000742300000, 0x0000000742300000| Untracked 
|  36|0x0000000742400000, 0x00000007424ffff8, 0x0000000742500000| 99%| O|  |TAMS 0x0000000742400000, 0x0000000742400000| Untracked 
|  37|0x0000000742500000, 0x0000000742600000, 0x0000000742600000|100%| O|  |TAMS 0x0000000742500000, 0x0000000742500000| Untracked 
|  38|0x0000000742600000, 0x00000007426ffff0, 0x0000000742700000| 99%| O|  |TAMS 0x0000000742600000, 0x0000000742600000| Untracked 
|  39|0x0000000742700000, 0x0000000742800000, 0x0000000742800000|100%| O|  |TAMS 0x0000000742700000, 0x0000000742700000| Untracked 
|  40|0x0000000742800000, 0x0000000742900000, 0x0000000742900000|100%| O|  |TAMS 0x0000000742800000, 0x0000000742800000| Untracked 
|  41|0x0000000742900000, 0x00000007429ffff8, 0x0000000742a00000| 99%| O|  |TAMS 0x0000000742900000, 0x0000000742900000| Untracked 
|  42|0x0000000742a00000, 0x0000000742affff0, 0x0000000742b00000| 99%| O|  |TAMS 0x0000000742a00000, 0x0000000742a00000| Untracked 
|  43|0x0000000742b00000, 0x0000000742c00000, 0x0000000742c00000|100%| O|  |TAMS 0x0000000742b00000, 0x0000000742b00000| Untracked 
|  44|0x0000000742c00000, 0x0000000742d00000, 0x0000000742d00000|100%|HS|  |TAMS 0x0000000742c00000, 0x0000000742c00000| Untracked 
|  45|0x0000000742d00000, 0x0000000742e00000, 0x0000000742e00000|100%|HC|  |TAMS 0x0000000742d00000, 0x0000000742d00000| Untracked 
|  46|0x0000000742e00000, 0x0000000742f00000, 0x0000000742f00000|100%|HC|  |TAMS 0x0000000742e00000, 0x0000000742e00000| Untracked 
|  47|0x0000000742f00000, 0x0000000743000000, 0x0000000743000000|100%|HC|  |TAMS 0x0000000742f00000, 0x0000000742f00000| Untracked 
|  48|0x0000000743000000, 0x0000000743100000, 0x0000000743100000|100%|HC|  |TAMS 0x0000000743000000, 0x0000000743000000| Untracked 
|  49|0x0000000743100000, 0x0000000743200000, 0x0000000743200000|100%|HC|  |TAMS 0x0000000743100000, 0x0000000743100000| Untracked 
|  50|0x0000000743200000, 0x0000000743300000, 0x0000000743300000|100%|HC|  |TAMS 0x0000000743200000, 0x0000000743200000| Untracked 
|  51|0x0000000743300000, 0x0000000743400000, 0x0000000743400000|100%|HC|  |TAMS 0x0000000743300000, 0x0000000743300000| Untracked 
|  52|0x0000000743400000, 0x00000007434ffff8, 0x0000000743500000| 99%| O|  |TAMS 0x0000000743400000, 0x0000000743400000| Untracked 
|  53|0x0000000743500000, 0x00000007435ffff0, 0x0000000743600000| 99%| O|  |TAMS 0x0000000743500000, 0x0000000743500000| Untracked 
|  54|0x0000000743600000, 0x0000000743700000, 0x0000000743700000|100%| O|  |TAMS 0x0000000743600000, 0x0000000743600000| Untracked 
|  55|0x0000000743700000, 0x00000007437ffff8, 0x0000000743800000| 99%| O|  |TAMS 0x0000000743700000, 0x0000000743700000| Untracked 
|  56|0x0000000743800000, 0x0000000743900000, 0x0000000743900000|100%| O|  |TAMS 0x0000000743800000, 0x0000000743800000| Untracked 
|  57|0x0000000743900000, 0x00000007439fffe0, 0x0000000743a00000| 99%| O|  |TAMS 0x0000000743900000, 0x0000000743900000| Untracked 
|  58|0x0000000743a00000, 0x0000000743b00000, 0x0000000743b00000|100%| O|  |TAMS 0x0000000743a00000, 0x0000000743a00000| Untracked 
|  59|0x0000000743b00000, 0x0000000743bffff8, 0x0000000743c00000| 99%| O|  |TAMS 0x0000000743b00000, 0x0000000743b00000| Untracked 
|  60|0x0000000743c00000, 0x0000000743cffff8, 0x0000000743d00000| 99%| O|  |TAMS 0x0000000743c00000, 0x0000000743c00000| Untracked 
|  61|0x0000000743d00000, 0x0000000743dfffe8, 0x0000000743e00000| 99%| O|  |TAMS 0x0000000743d00000, 0x0000000743d00000| Untracked 
|  62|0x0000000743e00000, 0x0000000743effff8, 0x0000000743f00000| 99%| O|  |TAMS 0x0000000743e00000, 0x0000000743e00000| Untracked 
|  63|0x0000000743f00000, 0x0000000744000000, 0x0000000744000000|100%| O|  |TAMS 0x0000000743f00000, 0x0000000743f00000| Untracked 
|  64|0x0000000744000000, 0x00000007440ffff8, 0x0000000744100000| 99%| O|  |TAMS 0x0000000744000000, 0x0000000744000000| Untracked 
|  65|0x0000000744100000, 0x00000007441ffff0, 0x0000000744200000| 99%| O|  |TAMS 0x0000000744100000, 0x0000000744100000| Untracked 
|  66|0x0000000744200000, 0x0000000744300000, 0x0000000744300000|100%| O|  |TAMS 0x0000000744200000, 0x0000000744200000| Untracked 
|  67|0x0000000744300000, 0x00000007443fffc8, 0x0000000744400000| 99%| O|  |TAMS 0x0000000744300000, 0x0000000744300000| Untracked 
|  68|0x0000000744400000, 0x0000000744500000, 0x0000000744500000|100%| O|  |TAMS 0x0000000744400000, 0x0000000744400000| Untracked 
|  69|0x0000000744500000, 0x0000000744600000, 0x0000000744600000|100%| O|  |TAMS 0x0000000744500000, 0x0000000744500000| Untracked 
|  70|0x0000000744600000, 0x0000000744700000, 0x0000000744700000|100%| O|  |TAMS 0x0000000744600000, 0x0000000744600000| Untracked 
|  71|0x0000000744700000, 0x00000007447ffff0, 0x0000000744800000| 99%| O|  |TAMS 0x0000000744700000, 0x0000000744700000| Untracked 
|  72|0x0000000744800000, 0x00000007448ffff8, 0x0000000744900000| 99%| O|  |TAMS 0x0000000744800000, 0x0000000744800000| Untracked 
|  73|0x0000000744900000, 0x00000007449ffff8, 0x0000000744a00000| 99%| O|  |TAMS 0x0000000744900000, 0x0000000744900000| Untracked 
|  74|0x0000000744a00000, 0x0000000744afffb0, 0x0000000744b00000| 99%| O|  |TAMS 0x0000000744a00000, 0x0000000744a00000| Untracked 
|  75|0x0000000744b00000, 0x0000000744bffff8, 0x0000000744c00000| 99%| O|  |TAMS 0x0000000744b00000, 0x0000000744b00000| Untracked 
|  76|0x0000000744c00000, 0x0000000744cfff30, 0x0000000744d00000| 99%| O|  |TAMS 0x0000000744c00000, 0x0000000744c00000| Untracked 
|  77|0x0000000744d00000, 0x0000000744dfffe8, 0x0000000744e00000| 99%| O|  |TAMS 0x0000000744d00000, 0x0000000744d00000| Untracked 
|  78|0x0000000744e00000, 0x0000000744f00000, 0x0000000744f00000|100%| O|  |TAMS 0x0000000744e00000, 0x0000000744e00000| Untracked 
|  79|0x0000000744f00000, 0x0000000744fffff0, 0x0000000745000000| 99%| O|  |TAMS 0x0000000744f00000, 0x0000000744f00000| Untracked 
|  80|0x0000000745000000, 0x00000007450ffea0, 0x0000000745100000| 99%| O|  |TAMS 0x0000000745000000, 0x0000000745000000| Untracked 
|  81|0x0000000745100000, 0x0000000745200000, 0x0000000745200000|100%| O|  |TAMS 0x0000000745100000, 0x0000000745100000| Untracked 
|  82|0x0000000745200000, 0x00000007452ffff0, 0x0000000745300000| 99%| O|  |TAMS 0x0000000745200000, 0x0000000745200000| Untracked 
|  83|0x0000000745300000, 0x00000007453fffe8, 0x0000000745400000| 99%| O|  |TAMS 0x0000000745300000, 0x0000000745300000| Untracked 
|  84|0x0000000745400000, 0x00000007454fffe8, 0x0000000745500000| 99%| O|  |TAMS 0x0000000745400000, 0x0000000745400000| Untracked 
|  85|0x0000000745500000, 0x00000007455fff98, 0x0000000745600000| 99%| O|  |TAMS 0x0000000745500000, 0x0000000745500000| Untracked 
|  86|0x0000000745600000, 0x00000007456ffff0, 0x0000000745700000| 99%| O|  |TAMS 0x0000000745600000, 0x0000000745600000| Untracked 
|  87|0x0000000745700000, 0x00000007457fffe8, 0x0000000745800000| 99%| O|  |TAMS 0x0000000745700000, 0x0000000745700000| Untracked 
|  88|0x0000000745800000, 0x0000000745900000, 0x0000000745900000|100%|HS|  |TAMS 0x0000000745800000, 0x0000000745800000| Untracked 
|  89|0x0000000745900000, 0x0000000745a00000, 0x0000000745a00000|100%|HC|  |TAMS 0x0000000745900000, 0x0000000745900000| Untracked 
|  90|0x0000000745a00000, 0x0000000745affff8, 0x0000000745b00000| 99%| O|  |TAMS 0x0000000745a00000, 0x0000000745a00000| Untracked 
|  91|0x0000000745b00000, 0x0000000745c00000, 0x0000000745c00000|100%| O|  |TAMS 0x0000000745b00000, 0x0000000745b00000| Untracked 
|  92|0x0000000745c00000, 0x0000000745cff830, 0x0000000745d00000| 99%| O|  |TAMS 0x0000000745c00000, 0x0000000745c00000| Untracked 
|  93|0x0000000745d00000, 0x0000000745ded3d8, 0x0000000745e00000| 92%| O|  |TAMS 0x0000000745d00000, 0x0000000745d00000| Untracked 
|  94|0x0000000745e00000, 0x0000000745f00000, 0x0000000745f00000|100%| O|  |TAMS 0x0000000745e00000, 0x0000000745e00000| Untracked 
|  95|0x0000000745f00000, 0x0000000745fdbf88, 0x0000000746000000| 85%| O|  |TAMS 0x0000000745f00000, 0x0000000745f00000| Untracked 
|  96|0x0000000746000000, 0x00000007460df7c0, 0x0000000746100000| 87%| O|  |TAMS 0x0000000746000000, 0x0000000746000000| Untracked 
|  97|0x0000000746100000, 0x0000000746184760, 0x0000000746200000| 51%| O|  |TAMS 0x0000000746100000, 0x0000000746100000| Untracked 
|  98|0x0000000746200000, 0x0000000746300000, 0x0000000746300000|100%|HS|  |TAMS 0x0000000746200000, 0x0000000746200000| Untracked 
|  99|0x0000000746300000, 0x0000000746400000, 0x0000000746400000|100%|HC|  |TAMS 0x0000000746300000, 0x0000000746300000| Untracked 
| 100|0x0000000746400000, 0x0000000746500000, 0x0000000746500000|100%|HC|  |TAMS 0x0000000746400000, 0x0000000746400000| Untracked 
| 101|0x0000000746500000, 0x0000000746600000, 0x0000000746600000|100%|HC|  |TAMS 0x0000000746500000, 0x0000000746500000| Untracked 
| 102|0x0000000746600000, 0x0000000746600000, 0x0000000746700000|  0%| F|  |TAMS 0x0000000746600000, 0x0000000746600000| Untracked 
| 103|0x0000000746700000, 0x0000000746700000, 0x0000000746800000|  0%| F|  |TAMS 0x0000000746700000, 0x0000000746700000| Untracked 
| 104|0x0000000746800000, 0x0000000746800000, 0x0000000746900000|  0%| F|  |TAMS 0x0000000746800000, 0x0000000746800000| Untracked 
| 105|0x0000000746900000, 0x0000000746900000, 0x0000000746a00000|  0%| F|  |TAMS 0x0000000746900000, 0x0000000746900000| Untracked 
| 106|0x0000000746a00000, 0x0000000746a00000, 0x0000000746b00000|  0%| F|  |TAMS 0x0000000746a00000, 0x0000000746a00000| Untracked 
| 107|0x0000000746b00000, 0x0000000746b00000, 0x0000000746c00000|  0%| F|  |TAMS 0x0000000746b00000, 0x0000000746b00000| Untracked 
| 108|0x0000000746c00000, 0x0000000746d00000, 0x0000000746d00000|100%|HS|  |TAMS 0x0000000746c00000, 0x0000000746c00000| Complete 
| 109|0x0000000746d00000, 0x0000000746e00000, 0x0000000746e00000|100%|HC|  |TAMS 0x0000000746d00000, 0x0000000746d00000| Complete 
| 110|0x0000000746e00000, 0x0000000746f00000, 0x0000000746f00000|100%|HS|  |TAMS 0x0000000746e00000, 0x0000000746e00000| Complete 
| 111|0x0000000746f00000, 0x0000000747000000, 0x0000000747000000|100%|HC|  |TAMS 0x0000000746f00000, 0x0000000746f00000| Complete 
| 112|0x0000000747000000, 0x0000000747000000, 0x0000000747100000|  0%| F|  |TAMS 0x0000000747000000, 0x0000000747000000| Untracked 
| 113|0x0000000747100000, 0x0000000747100000, 0x0000000747200000|  0%| F|  |TAMS 0x0000000747100000, 0x0000000747100000| Untracked 
| 114|0x0000000747200000, 0x0000000747200000, 0x0000000747300000|  0%| F|  |TAMS 0x0000000747200000, 0x0000000747200000| Untracked 
| 115|0x0000000747300000, 0x0000000747300000, 0x0000000747400000|  0%| F|  |TAMS 0x0000000747300000, 0x0000000747300000| Untracked 
| 116|0x0000000747400000, 0x0000000747400000, 0x0000000747500000|  0%| F|  |TAMS 0x0000000747400000, 0x0000000747400000| Untracked 
| 117|0x0000000747500000, 0x0000000747500000, 0x0000000747600000|  0%| F|  |TAMS 0x0000000747500000, 0x0000000747500000| Untracked 
| 118|0x0000000747600000, 0x0000000747600000, 0x0000000747700000|  0%| F|  |TAMS 0x0000000747600000, 0x0000000747600000| Untracked 
| 119|0x0000000747700000, 0x0000000747700000, 0x0000000747800000|  0%| F|  |TAMS 0x0000000747700000, 0x0000000747700000| Untracked 
| 120|0x0000000747800000, 0x0000000747800000, 0x0000000747900000|  0%| F|  |TAMS 0x0000000747800000, 0x0000000747800000| Untracked 
| 121|0x0000000747900000, 0x0000000747900000, 0x0000000747a00000|  0%| F|  |TAMS 0x0000000747900000, 0x0000000747900000| Untracked 
| 122|0x0000000747a00000, 0x0000000747a00000, 0x0000000747b00000|  0%| F|  |TAMS 0x0000000747a00000, 0x0000000747a00000| Untracked 
| 123|0x0000000747b00000, 0x0000000747b00000, 0x0000000747c00000|  0%| F|  |TAMS 0x0000000747b00000, 0x0000000747b00000| Untracked 
| 124|0x0000000747c00000, 0x0000000747c00000, 0x0000000747d00000|  0%| F|  |TAMS 0x0000000747c00000, 0x0000000747c00000| Untracked 
| 125|0x0000000747d00000, 0x0000000747d00000, 0x0000000747e00000|  0%| F|  |TAMS 0x0000000747d00000, 0x0000000747d00000| Untracked 
| 126|0x0000000747e00000, 0x0000000747e00000, 0x0000000747f00000|  0%| F|  |TAMS 0x0000000747e00000, 0x0000000747e00000| Untracked 
| 127|0x0000000747f00000, 0x0000000747f00000, 0x0000000748000000|  0%| F|  |TAMS 0x0000000747f00000, 0x0000000747f00000| Untracked 
| 128|0x0000000748000000, 0x0000000748000000, 0x0000000748100000|  0%| F|  |TAMS 0x0000000748000000, 0x0000000748000000| Untracked 
| 129|0x0000000748100000, 0x0000000748100000, 0x0000000748200000|  0%| F|  |TAMS 0x0000000748100000, 0x0000000748100000| Untracked 
| 130|0x0000000748200000, 0x0000000748200000, 0x0000000748300000|  0%| F|  |TAMS 0x0000000748200000, 0x0000000748200000| Untracked 
| 131|0x0000000748300000, 0x0000000748300000, 0x0000000748400000|  0%| F|  |TAMS 0x0000000748300000, 0x0000000748300000| Untracked 
| 132|0x0000000748400000, 0x0000000748400000, 0x0000000748500000|  0%| F|  |TAMS 0x0000000748400000, 0x0000000748400000| Untracked 
| 133|0x0000000748500000, 0x0000000748500000, 0x0000000748600000|  0%| F|  |TAMS 0x0000000748500000, 0x0000000748500000| Untracked 
| 134|0x0000000748600000, 0x0000000748600000, 0x0000000748700000|  0%| F|  |TAMS 0x0000000748600000, 0x0000000748600000| Untracked 
| 135|0x0000000748700000, 0x0000000748700000, 0x0000000748800000|  0%| F|  |TAMS 0x0000000748700000, 0x0000000748700000| Untracked 
| 136|0x0000000748800000, 0x0000000748800000, 0x0000000748900000|  0%| F|  |TAMS 0x0000000748800000, 0x0000000748800000| Untracked 
| 137|0x0000000748900000, 0x0000000748900000, 0x0000000748a00000|  0%| F|  |TAMS 0x0000000748900000, 0x0000000748900000| Untracked 
| 138|0x0000000748a00000, 0x0000000748a00000, 0x0000000748b00000|  0%| F|  |TAMS 0x0000000748a00000, 0x0000000748a00000| Untracked 
| 139|0x0000000748b00000, 0x0000000748b00000, 0x0000000748c00000|  0%| F|  |TAMS 0x0000000748b00000, 0x0000000748b00000| Untracked 
| 140|0x0000000748c00000, 0x0000000748c00000, 0x0000000748d00000|  0%| F|  |TAMS 0x0000000748c00000, 0x0000000748c00000| Untracked 
| 141|0x0000000748d00000, 0x0000000748d00000, 0x0000000748e00000|  0%| F|  |TAMS 0x0000000748d00000, 0x0000000748d00000| Untracked 
| 142|0x0000000748e00000, 0x0000000748e00000, 0x0000000748f00000|  0%| F|  |TAMS 0x0000000748e00000, 0x0000000748e00000| Untracked 
| 143|0x0000000748f00000, 0x0000000748f00000, 0x0000000749000000|  0%| F|  |TAMS 0x0000000748f00000, 0x0000000748f00000| Untracked 
| 144|0x0000000749000000, 0x0000000749000000, 0x0000000749100000|  0%| F|  |TAMS 0x0000000749000000, 0x0000000749000000| Untracked 
| 145|0x0000000749100000, 0x0000000749100000, 0x0000000749200000|  0%| F|  |TAMS 0x0000000749100000, 0x0000000749100000| Untracked 
| 146|0x0000000749200000, 0x0000000749200000, 0x0000000749300000|  0%| F|  |TAMS 0x0000000749200000, 0x0000000749200000| Untracked 
| 147|0x0000000749300000, 0x0000000749300000, 0x0000000749400000|  0%| F|  |TAMS 0x0000000749300000, 0x0000000749300000| Untracked 
| 148|0x0000000749400000, 0x0000000749400000, 0x0000000749500000|  0%| F|  |TAMS 0x0000000749400000, 0x0000000749400000| Untracked 
| 149|0x0000000749500000, 0x0000000749500000, 0x0000000749600000|  0%| F|  |TAMS 0x0000000749500000, 0x0000000749500000| Untracked 
| 150|0x0000000749600000, 0x0000000749600000, 0x0000000749700000|  0%| F|  |TAMS 0x0000000749600000, 0x0000000749600000| Untracked 
| 151|0x0000000749700000, 0x0000000749700000, 0x0000000749800000|  0%| F|  |TAMS 0x0000000749700000, 0x0000000749700000| Untracked 
| 152|0x0000000749800000, 0x0000000749800000, 0x0000000749900000|  0%| F|  |TAMS 0x0000000749800000, 0x0000000749800000| Untracked 
| 153|0x0000000749900000, 0x0000000749900000, 0x0000000749a00000|  0%| F|  |TAMS 0x0000000749900000, 0x0000000749900000| Untracked 
| 154|0x0000000749a00000, 0x0000000749a00000, 0x0000000749b00000|  0%| F|  |TAMS 0x0000000749a00000, 0x0000000749a00000| Untracked 
| 155|0x0000000749b00000, 0x0000000749b00000, 0x0000000749c00000|  0%| F|  |TAMS 0x0000000749b00000, 0x0000000749b00000| Untracked 
| 156|0x0000000749c00000, 0x0000000749c00000, 0x0000000749d00000|  0%| F|  |TAMS 0x0000000749c00000, 0x0000000749c00000| Untracked 
| 157|0x0000000749d00000, 0x0000000749d00000, 0x0000000749e00000|  0%| F|  |TAMS 0x0000000749d00000, 0x0000000749d00000| Untracked 
| 158|0x0000000749e00000, 0x0000000749e00000, 0x0000000749f00000|  0%| F|  |TAMS 0x0000000749e00000, 0x0000000749e00000| Untracked 
| 159|0x0000000749f00000, 0x000000074a000000, 0x000000074a000000|100%| S|CS|TAMS 0x0000000749f00000, 0x0000000749f00000| Complete 
| 160|0x000000074a000000, 0x000000074a000000, 0x000000074a100000|  0%| F|  |TAMS 0x000000074a000000, 0x000000074a000000| Untracked 
| 161|0x000000074a100000, 0x000000074a100000, 0x000000074a200000|  0%| F|  |TAMS 0x000000074a100000, 0x000000074a100000| Untracked 
| 162|0x000000074a200000, 0x000000074a200000, 0x000000074a300000|  0%| F|  |TAMS 0x000000074a200000, 0x000000074a200000| Untracked 
| 163|0x000000074a300000, 0x000000074a300000, 0x000000074a400000|  0%| F|  |TAMS 0x000000074a300000, 0x000000074a300000| Untracked 
| 164|0x000000074a400000, 0x000000074a400000, 0x000000074a500000|  0%| F|  |TAMS 0x000000074a400000, 0x000000074a400000| Untracked 
| 165|0x000000074a500000, 0x000000074a500000, 0x000000074a600000|  0%| F|  |TAMS 0x000000074a500000, 0x000000074a500000| Untracked 
| 166|0x000000074a600000, 0x000000074a600000, 0x000000074a700000|  0%| F|  |TAMS 0x000000074a600000, 0x000000074a600000| Untracked 
| 167|0x000000074a700000, 0x000000074a700000, 0x000000074a800000|  0%| F|  |TAMS 0x000000074a700000, 0x000000074a700000| Untracked 
| 168|0x000000074a800000, 0x000000074a800000, 0x000000074a900000|  0%| F|  |TAMS 0x000000074a800000, 0x000000074a800000| Untracked 
| 169|0x000000074a900000, 0x000000074a900000, 0x000000074aa00000|  0%| F|  |TAMS 0x000000074a900000, 0x000000074a900000| Untracked 
| 170|0x000000074aa00000, 0x000000074aa00000, 0x000000074ab00000|  0%| F|  |TAMS 0x000000074aa00000, 0x000000074aa00000| Untracked 
| 171|0x000000074ab00000, 0x000000074ab00000, 0x000000074ac00000|  0%| F|  |TAMS 0x000000074ab00000, 0x000000074ab00000| Untracked 
| 172|0x000000074ac00000, 0x000000074ac00000, 0x000000074ad00000|  0%| F|  |TAMS 0x000000074ac00000, 0x000000074ac00000| Untracked 
| 173|0x000000074ad00000, 0x000000074ad00000, 0x000000074ae00000|  0%| F|  |TAMS 0x000000074ad00000, 0x000000074ad00000| Untracked 
| 174|0x000000074ae00000, 0x000000074ae00000, 0x000000074af00000|  0%| F|  |TAMS 0x000000074ae00000, 0x000000074ae00000| Untracked 
| 175|0x000000074af00000, 0x000000074af00000, 0x000000074b000000|  0%| F|  |TAMS 0x000000074af00000, 0x000000074af00000| Untracked 
| 176|0x000000074b000000, 0x000000074b000000, 0x000000074b100000|  0%| F|  |TAMS 0x000000074b000000, 0x000000074b000000| Untracked 
| 177|0x000000074b100000, 0x000000074b100000, 0x000000074b200000|  0%| F|  |TAMS 0x000000074b100000, 0x000000074b100000| Untracked 
| 178|0x000000074b200000, 0x000000074b200000, 0x000000074b300000|  0%| F|  |TAMS 0x000000074b200000, 0x000000074b200000| Untracked 
| 179|0x000000074b300000, 0x000000074b300000, 0x000000074b400000|  0%| F|  |TAMS 0x000000074b300000, 0x000000074b300000| Untracked 
| 180|0x000000074b400000, 0x000000074b400000, 0x000000074b500000|  0%| F|  |TAMS 0x000000074b400000, 0x000000074b400000| Untracked 
| 181|0x000000074b500000, 0x000000074b500000, 0x000000074b600000|  0%| F|  |TAMS 0x000000074b500000, 0x000000074b500000| Untracked 
| 182|0x000000074b600000, 0x000000074b600000, 0x000000074b700000|  0%| F|  |TAMS 0x000000074b600000, 0x000000074b600000| Untracked 
| 183|0x000000074b700000, 0x000000074b700000, 0x000000074b800000|  0%| F|  |TAMS 0x000000074b700000, 0x000000074b700000| Untracked 
| 184|0x000000074b800000, 0x000000074b800000, 0x000000074b900000|  0%| F|  |TAMS 0x000000074b800000, 0x000000074b800000| Untracked 
| 185|0x000000074b900000, 0x000000074b900000, 0x000000074ba00000|  0%| F|  |TAMS 0x000000074b900000, 0x000000074b900000| Untracked 
| 186|0x000000074ba00000, 0x000000074ba00000, 0x000000074bb00000|  0%| F|  |TAMS 0x000000074ba00000, 0x000000074ba00000| Untracked 
| 187|0x000000074bb00000, 0x000000074bb00000, 0x000000074bc00000|  0%| F|  |TAMS 0x000000074bb00000, 0x000000074bb00000| Untracked 
| 188|0x000000074bc00000, 0x000000074bc00000, 0x000000074bd00000|  0%| F|  |TAMS 0x000000074bc00000, 0x000000074bc00000| Untracked 
| 189|0x000000074bd00000, 0x000000074bd00000, 0x000000074be00000|  0%| F|  |TAMS 0x000000074bd00000, 0x000000074bd00000| Untracked 
| 190|0x000000074be00000, 0x000000074be00000, 0x000000074bf00000|  0%| F|  |TAMS 0x000000074be00000, 0x000000074be00000| Untracked 
| 191|0x000000074bf00000, 0x000000074bf00000, 0x000000074c000000|  0%| F|  |TAMS 0x000000074bf00000, 0x000000074bf00000| Untracked 
| 192|0x000000074c000000, 0x000000074c000000, 0x000000074c100000|  0%| F|  |TAMS 0x000000074c000000, 0x000000074c000000| Untracked 
| 193|0x000000074c100000, 0x000000074c100658, 0x000000074c200000|  0%| O|  |TAMS 0x000000074c100000, 0x000000074c100000| Untracked 
| 194|0x000000074c200000, 0x000000074c200000, 0x000000074c300000|  0%| F|  |TAMS 0x000000074c200000, 0x000000074c200000| Untracked 
| 195|0x000000074c300000, 0x000000074c300000, 0x000000074c400000|  0%| F|  |TAMS 0x000000074c300000, 0x000000074c300000| Untracked 
| 196|0x000000074c400000, 0x000000074c400000, 0x000000074c500000|  0%| F|  |TAMS 0x000000074c400000, 0x000000074c400000| Untracked 
| 197|0x000000074c500000, 0x000000074c500000, 0x000000074c600000|  0%| F|  |TAMS 0x000000074c500000, 0x000000074c500000| Untracked 
| 198|0x000000074c600000, 0x000000074c600000, 0x000000074c700000|  0%| F|  |TAMS 0x000000074c600000, 0x000000074c600000| Untracked 
| 199|0x000000074c700000, 0x000000074c700000, 0x000000074c800000|  0%| F|  |TAMS 0x000000074c700000, 0x000000074c700000| Untracked 
| 200|0x000000074c800000, 0x000000074c800000, 0x000000074c900000|  0%| F|  |TAMS 0x000000074c800000, 0x000000074c800000| Untracked 
| 201|0x000000074c900000, 0x000000074c900000, 0x000000074ca00000|  0%| F|  |TAMS 0x000000074c900000, 0x000000074c900000| Untracked 
| 202|0x000000074ca00000, 0x000000074cad1af8, 0x000000074cb00000| 81%| E|  |TAMS 0x000000074ca00000, 0x000000074ca00000| Complete 
| 203|0x000000074cb00000, 0x000000074cc00000, 0x000000074cc00000|100%| E|CS|TAMS 0x000000074cb00000, 0x000000074cb00000| Complete 
| 204|0x000000074cc00000, 0x000000074cd00000, 0x000000074cd00000|100%| E|CS|TAMS 0x000000074cc00000, 0x000000074cc00000| Complete 
| 205|0x000000074cd00000, 0x000000074ce00000, 0x000000074ce00000|100%| E|CS|TAMS 0x000000074cd00000, 0x000000074cd00000| Complete 
| 206|0x000000074ce00000, 0x000000074cf00000, 0x000000074cf00000|100%| E|CS|TAMS 0x000000074ce00000, 0x000000074ce00000| Complete 
| 207|0x000000074cf00000, 0x000000074d000000, 0x000000074d000000|100%| E|CS|TAMS 0x000000074cf00000, 0x000000074cf00000| Complete 
| 208|0x000000074d000000, 0x000000074d100000, 0x000000074d100000|100%| E|CS|TAMS 0x000000074d000000, 0x000000074d000000| Complete 
| 209|0x000000074d100000, 0x000000074d200000, 0x000000074d200000|100%| E|CS|TAMS 0x000000074d100000, 0x000000074d100000| Complete 
| 210|0x000000074d200000, 0x000000074d300000, 0x000000074d300000|100%| E|CS|TAMS 0x000000074d200000, 0x000000074d200000| Complete 
| 211|0x000000074d300000, 0x000000074d400000, 0x000000074d400000|100%| E|CS|TAMS 0x000000074d300000, 0x000000074d300000| Complete 
| 212|0x000000074d400000, 0x000000074d500000, 0x000000074d500000|100%| E|CS|TAMS 0x000000074d400000, 0x000000074d400000| Complete 
| 213|0x000000074d500000, 0x000000074d600000, 0x000000074d600000|100%| E|CS|TAMS 0x000000074d500000, 0x000000074d500000| Complete 
| 214|0x000000074d600000, 0x000000074d700000, 0x000000074d700000|100%| E|CS|TAMS 0x000000074d600000, 0x000000074d600000| Complete 
| 215|0x000000074d700000, 0x000000074d800000, 0x000000074d800000|100%| E|CS|TAMS 0x000000074d700000, 0x000000074d700000| Complete 
| 216|0x000000074d800000, 0x000000074d900000, 0x000000074d900000|100%| E|CS|TAMS 0x000000074d800000, 0x000000074d800000| Complete 
| 217|0x000000074d900000, 0x000000074da00000, 0x000000074da00000|100%| E|CS|TAMS 0x000000074d900000, 0x000000074d900000| Complete 
| 218|0x000000074da00000, 0x000000074db00000, 0x000000074db00000|100%| E|CS|TAMS 0x000000074da00000, 0x000000074da00000| Complete 
| 219|0x000000074db00000, 0x000000074dc00000, 0x000000074dc00000|100%| E|CS|TAMS 0x000000074db00000, 0x000000074db00000| Complete 
| 220|0x000000074dc00000, 0x000000074dd00000, 0x000000074dd00000|100%| E|CS|TAMS 0x000000074dc00000, 0x000000074dc00000| Complete 

Card table byte_map: [0x00000255eaee0000,0x00000255eb4e0000] _byte_map_base: 0x00000255e74e0000

Marking Bits (Prev, Next): (CMBitMap*) 0x00000255e0b2a448, (CMBitMap*) 0x00000255e0b2a480
 Prev Bits: [0x00000255ebae0000, 0x00000255eeae0000)
 Next Bits: [0x00000255eeae0000, 0x00000255f1ae0000)

Polling page: 0x00000255d9770000

Metaspace:

Usage:
  Non-class:     86.79 MB capacity,    86.08 MB (>99%) used,   534.82 KB ( <1%) free+waste,   188.88 KB ( <1%) overhead. 
      Class:     13.27 MB capacity,    12.79 MB ( 96%) used,   409.85 KB (  3%) free+waste,    80.75 KB ( <1%) overhead. 
       Both:    100.06 MB capacity,    98.87 MB ( 99%) used,   944.67 KB ( <1%) free+waste,   269.63 KB ( <1%) overhead. 

Virtual space:
  Non-class space:       90.00 MB reserved,      89.58 MB (>99%) committed 
      Class space:        1.00 GB reserved,      14.75 MB (  1%) committed 
             Both:        1.09 GB reserved,     104.33 MB (  9%) committed 

Chunk freelists:
   Non-Class:  333.38 KB
       Class:  185.00 KB
        Both:  518.38 KB

CodeHeap 'non-profiled nmethods': size=120000Kb used=31420Kb max_used=31420Kb free=88579Kb
 bounds [0x0000025587ad0000, 0x0000025589990000, 0x000002558f000000]
CodeHeap 'profiled nmethods': size=120000Kb used=46644Kb max_used=49245Kb free=73355Kb
 bounds [0x00000255805a0000, 0x0000025583710000, 0x0000025587ad0000]
CodeHeap 'non-nmethods': size=5760Kb used=1732Kb max_used=1824Kb free=4027Kb
 bounds [0x0000025580000000, 0x0000025580270000, 0x00000255805a0000]
 total_blobs=45460 nmethods=21678 adapters=1218
 compilation: enabled
              stopped_count=0, restarted_count=0
 full_count=0

Compilation events (10 events):
Event: 10784.770 Thread 0x00000255fe159800 30207       4       ui.views.N.i.a::bMb (52 bytes)
Event: 10784.780 Thread 0x00000255fe159800 nmethod 30207 0x0000025589980a10 code [0x0000025589980c80, 0x0000025589981830]
Event: 10785.858 Thread 0x00000255fe15a000 30208       3       sun.awt.dnd.SunDropTargetContextPeer::mapOperation (58 bytes)
Event: 10785.859 Thread 0x00000255fe15a000 nmethod 30208 0x000002558244ed90 code [0x000002558244ef60, 0x000002558244f278]
Event: 10786.249 Thread 0x00000255fe15a000 30209       3       javax.swing.JDialog::isDefaultLookAndFeelDecorated (23 bytes)
Event: 10786.250 Thread 0x00000255fe15a000 nmethod 30209 0x0000025582457e90 code [0x0000025582458080, 0x0000025582458400]
Event: 10787.330 Thread 0x00000255fe15a000 30210       3       java.awt.FocusTraversalPolicy::getInitialComponent (35 bytes)
Event: 10787.331 Thread 0x00000255fe15a000 nmethod 30210 0x0000025582474290 code [0x0000025582474480, 0x0000025582474890]
Event: 10787.374 Thread 0x00000255fe159800 30211       4       com.jidesoft.grid.SortableTableHeaderCellDecorator::getSortInfo (343 bytes)
Event: 10787.393 Thread 0x00000255fe159800 nmethod 30211 0x0000025589982090 code [0x0000025589982320, 0x0000025589983898]

GC Heap History (10 events):
Event: 10779.440 GC heap before
{Heap before GC invocations=1314 (full 484):
 garbage-first heap   total 226304K, used 107687K [0x0000000740000000, 0x0000000800000000)
  region size 1024K, 5 young (5120K), 0 survivors (0K)
 Metaspace       used 101234K, capacity 102461K, committed 106832K, reserved 1140736K
  class space    used 13101K, capacity 13592K, committed 15104K, reserved 1048576K
}
Event: 10779.529 GC heap after
{Heap after GC invocations=1315 (full 485):
 garbage-first heap   total 226304K, used 103602K [0x0000000740000000, 0x0000000800000000)
  region size 1024K, 0 young (0K), 0 survivors (0K)
 Metaspace       used 101234K, capacity 102461K, committed 106832K, reserved 1140736K
  class space    used 13101K, capacity 13592K, committed 15104K, reserved 1048576K
}
Event: 10780.583 GC heap before
{Heap before GC invocations=1315 (full 485):
 garbage-first heap   total 226304K, used 165042K [0x0000000740000000, 0x0000000800000000)
  region size 1024K, 60 young (61440K), 0 survivors (0K)
 Metaspace       used 101234K, capacity 102461K, committed 106832K, reserved 1140736K
  class space    used 13101K, capacity 13592K, committed 15104K, reserved 1048576K
}
Event: 10780.586 GC heap after
{Heap after GC invocations=1316 (full 485):
 garbage-first heap   total 226304K, used 103775K [0x0000000740000000, 0x0000000800000000)
  region size 1024K, 1 young (1024K), 1 survivors (1024K)
 Metaspace       used 101234K, capacity 102461K, committed 106832K, reserved 1140736K
  class space    used 13101K, capacity 13592K, committed 15104K, reserved 1048576K
}
Event: 10781.767 GC heap before
{Heap before GC invocations=1316 (full 485):
 garbage-first heap   total 226304K, used 164191K [0x0000000740000000, 0x0000000800000000)
  region size 1024K, 60 young (61440K), 1 survivors (1024K)
 Metaspace       used 101234K, capacity 102461K, committed 106832K, reserved 1140736K
  class space    used 13101K, capacity 13592K, committed 15104K, reserved 1048576K
}
Event: 10781.768 GC heap after
{Heap after GC invocations=1317 (full 485):
 garbage-first heap   total 226304K, used 103765K [0x0000000740000000, 0x0000000800000000)
  region size 1024K, 1 young (1024K), 1 survivors (1024K)
 Metaspace       used 101234K, capacity 102461K, committed 106832K, reserved 1140736K
  class space    used 13101K, capacity 13592K, committed 15104K, reserved 1048576K
}
Event: 10783.422 GC heap before
{Heap before GC invocations=1317 (full 485):
 garbage-first heap   total 226304K, used 153941K [0x0000000740000000, 0x0000000800000000)
  region size 1024K, 43 young (44032K), 1 survivors (1024K)
 Metaspace       used 101245K, capacity 102461K, committed 106832K, reserved 1140736K
  class space    used 13101K, capacity 13592K, committed 15104K, reserved 1048576K
}
Event: 10783.424 GC heap after
{Heap after GC invocations=1318 (full 485):
 garbage-first heap   total 226304K, used 112503K [0x0000000740000000, 0x0000000800000000)
  region size 1024K, 1 young (1024K), 1 survivors (1024K)
 Metaspace       used 101245K, capacity 102461K, committed 106832K, reserved 1140736K
  class space    used 13101K, capacity 13592K, committed 15104K, reserved 1048576K
}
Event: 10786.537 GC heap before
{Heap before GC invocations=1318 (full 485):
 garbage-first heap   total 226304K, used 174967K [0x0000000740000000, 0x0000000800000000)
  region size 1024K, 60 young (61440K), 1 survivors (1024K)
 Metaspace       used 101246K, capacity 102461K, committed 106832K, reserved 1140736K
  class space    used 13101K, capacity 13592K, committed 15104K, reserved 1048576K
}
Event: 10786.540 GC heap after
{Heap after GC invocations=1319 (full 485):
 garbage-first heap   total 226304K, used 108722K [0x0000000740000000, 0x0000000800000000)
  region size 1024K, 1 young (1024K), 1 survivors (1024K)
 Metaspace       used 101246K, capacity 102461K, committed 106832K, reserved 1140736K
  class space    used 13101K, capacity 13592K, committed 15104K, reserved 1048576K
}

Deoptimization events (10 events):
Event: 10741.631 Thread 0x00000255f638a000 Uncommon trap: reason=class_check action=maybe_recompile pc=0x0000025588cfa30c method=ui.utils.swing.b.E.aMd()V @ 62 c2
Event: 10741.654 Thread 0x00000255f638a000 Uncommon trap: reason=unstable_if action=reinterpret pc=0x0000025588f5f688 method=ui.views.waveform.b.a.gVv()I @ 4 c2
Event: 10741.654 Thread 0x00000255f638a000 Uncommon trap: reason=unstable_if action=reinterpret pc=0x0000025589146c08 method=ui.views.waveform.b.a.gVw()I @ 4 c2
Event: 10741.693 Thread 0x00000255f638a000 Uncommon trap: reason=unstable_if action=reinterpret pc=0x0000025588b1b820 method=ui.frmwork.b.j.paintComponent(Ljava/awt/Graphics;)V @ 67 c2
Event: 10741.695 Thread 0x00000255f638a000 Uncommon trap: reason=bimorphic_or_optimized_type_check action=maybe_recompile pc=0x00000255894caf00 method=javax.swing.plaf.basic.BasicListUI.paintImpl(Ljava/awt/Graphics;Ljavax/swing/JComponent;)V @ 134 c2
Event: 10743.112 Thread 0x00000255e172a000 Uncommon trap: reason=unstable_if action=reinterpret pc=0x00000255886ed8b0 method=ui.data.common.M.finalize()V @ 6 c2
Event: 10753.250 Thread 0x00000255f638a000 Uncommon trap: reason=profile_predicate action=maybe_recompile pc=0x0000025589976e04 method=ui.utils.h.j.T.q(Ljavax/swing/JTable;I)I @ 37 c2
Event: 10753.250 Thread 0x00000255f638a000 Uncommon trap: reason=profile_predicate action=maybe_recompile pc=0x0000025589976e04 method=ui.utils.h.j.T.q(Ljavax/swing/JTable;I)I @ 37 c2
Event: 10753.373 Thread 0x00000255f638a000 Uncommon trap: reason=profile_predicate action=maybe_recompile pc=0x0000025589976e04 method=ui.utils.h.j.T.q(Ljavax/swing/JTable;I)I @ 37 c2
Event: 10753.374 Thread 0x00000255f638a000 Uncommon trap: reason=profile_predicate action=maybe_recompile pc=0x0000025589976e04 method=ui.utils.h.j.T.q(Ljavax/swing/JTable;I)I @ 37 c2

Classes redefined (0 events):
No events

Internal exceptions (10 events):
Event: 10264.079 Thread 0x00000255f638a000 Implicit null exception at 0x0000025589594d9f to 0x0000025589595c52
Event: 10417.047 Thread 0x0000025610cab000 Exception <a 'ui/frmwork/cmd/CommandFailedException'{0x000000074d683048}> (0x000000074d683048) thrown at [t:/workspace/open/src/hotspot/share/prims/jni.cpp, line 615]
Event: 10617.198 Thread 0x0000025610caa800 Exception <a 'java/lang/InterruptedException'{0x000000074b8859d8}: sleep interrupted> (0x000000074b8859d8) thrown at [t:/workspace/open/src/hotspot/share/prims/jvm.cpp, line 3091]
Event: 10617.755 Thread 0x0000025610ca8000 Implicit null exception at 0x0000025589790a8b to 0x0000025589792256
Event: 10617.786 Thread 0x0000025610caa800 Implicit null exception at 0x000002558919232c to 0x000002558919293e
Event: 10617.797 Thread 0x00000255f638a000 Implicit null exception at 0x00000255898d450f to 0x00000255898d45fe
Event: 10617.870 Thread 0x00000255f638a000 Implicit null exception at 0x00000255892ed90e to 0x00000255892ee9c6
Event: 10741.609 Thread 0x00000255f638a000 Implicit null exception at 0x0000025589119098 to 0x0000025589119612
Event: 10741.654 Thread 0x00000255f638a000 Implicit null exception at 0x0000025588f5f653 to 0x0000025588f5f675
Event: 10741.654 Thread 0x00000255f638a000 Implicit null exception at 0x0000025589146bd3 to 0x0000025589146bf5

Events (10 events):
Event: 10786.498 Executing VM operation: RevokeBias done
Event: 10786.537 Executing VM operation: G1CollectForAllocation
Event: 10786.540 Executing VM operation: G1CollectForAllocation done
Event: 10787.165 Thread 0x0000025610ca8000 Thread added: 0x0000025610ca8000
Event: 10787.170 Thread 0x0000025610ca8000 Thread exited: 0x0000025610ca8000
Event: 10787.318 Thread 0x0000025610ca6800 Thread added: 0x0000025610ca6800
Event: 10787.321 Executing VM operation: RevokeBias
Event: 10787.325 Executing VM operation: RevokeBias done
Event: 10788.165 Thread 0x0000025610cac000 Thread added: 0x0000025610cac000
Event: 10788.171 Thread 0x0000025610cac000 Thread exited: 0x0000025610cac000


Dynamic libraries:
0x00007ff7610b0000 - 0x00007ff7610df000 	D:\Xilinx\Vivado\2020.2\bin\unwrapped\win64.o\vivado.exe
0x00007ff9a35b0000 - 0x00007ff9a37c4000 	C:\WINDOWS\SYSTEM32\ntdll.dll
0x00007ff9a2270000 - 0x00007ff9a2332000 	C:\WINDOWS\System32\KERNEL32.DLL
0x00007ff9a0fe0000 - 0x00007ff9a137c000 	C:\WINDOWS\System32\KERNELBASE.dll
0x00007ff9a0cd0000 - 0x00007ff9a0de1000 	C:\WINDOWS\System32\ucrtbase.dll
0x00007ff95ce50000 - 0x00007ff95cede000 	C:\WINDOWS\SYSTEM32\MSVCP140.dll
0x00007ff9788a0000 - 0x00007ff9788bb000 	C:\WINDOWS\SYSTEM32\VCRUNTIME140.dll
0x00007ff9905c0000 - 0x00007ff9905cc000 	C:\WINDOWS\SYSTEM32\VCRUNTIME140_1.dll
0x00007ff9886b0000 - 0x00007ff9886c3000 	D:\Xilinx\Vivado\2020.2\lib\win64.o\libboost_signals.dll
0x00007ff975470000 - 0x00007ff975488000 	D:\Xilinx\Vivado\2020.2\lib\win64.o\librdi_commonmain.dll
0x00007ff993dd0000 - 0x00007ff993dd9000 	D:\Xilinx\Vivado\2020.2\lib\win64.o\librdi_commonversion.dll
0x00007ff96ad20000 - 0x00007ff96ad42000 	D:\Xilinx\Vivado\2020.2\lib\win64.o\libboost_filesystem.dll
0x00007ff9a2dc0000 - 0x00007ff9a2e6e000 	C:\WINDOWS\System32\ADVAPI32.dll
0x00007ff9a1780000 - 0x00007ff9a1827000 	C:\WINDOWS\System32\msvcrt.dll
0x00007ff9a2000000 - 0x00007ff9a20a4000 	C:\WINDOWS\System32\sechost.dll
0x00007ff9a20b0000 - 0x00007ff9a21c5000 	C:\WINDOWS\System32\RPCRT4.dll
0x00007ff966320000 - 0x00007ff9664b9000 	D:\Xilinx\Vivado\2020.2\lib\win64.o\librdi_commonxillic.dll
0x00007ff9a3350000 - 0x00007ff9a34fa000 	C:\WINDOWS\System32\USER32.dll
0x00007ff9a1380000 - 0x00007ff9a13a6000 	C:\WINDOWS\System32\win32u.dll
0x00007ff9a25b0000 - 0x00007ff9a25d9000 	C:\WINDOWS\System32\GDI32.dll
0x00007ff9a0a50000 - 0x00007ff9a0b62000 	C:\WINDOWS\System32\gdi32full.dll
0x00007ff9a0b70000 - 0x00007ff9a0c0a000 	C:\WINDOWS\System32\msvcp_win.dll
0x00007ff9a2370000 - 0x00007ff9a23e1000 	C:\WINDOWS\System32\WS2_32.dll
0x0000000073480000 - 0x00000000735ab000 	D:\Xilinx\Vivado\2020.2\lib\win64.o\tcl85t.dll
0x00007ff98b840000 - 0x00007ff98b849000 	D:\Xilinx\Vivado\2020.2\lib\win64.o\libboost_system.dll
0x00007ff94a350000 - 0x00007ff94a62b000 	D:\Xilinx\Vivado\2020.2\lib\win64.o\libXil_lmgr11.dll
0x00007ff9a1e60000 - 0x00007ff9a1f56000 	C:\WINDOWS\System32\COMDLG32.dll
0x00007ff9a13b0000 - 0x00007ff9a1739000 	C:\WINDOWS\System32\combase.dll
0x00007ff9a1bf0000 - 0x00007ff9a1ce1000 	C:\WINDOWS\System32\shcore.dll
0x00007ff9a32f0000 - 0x00007ff9a334e000 	C:\WINDOWS\System32\SHLWAPI.dll
0x00007ff9a25e0000 - 0x00007ff9a2dbd000 	C:\WINDOWS\System32\SHELL32.dll
0x00007ff9a1950000 - 0x00007ff9a1a27000 	C:\WINDOWS\System32\OLEAUT32.dll
0x00007ff9a23f0000 - 0x00007ff9a258c000 	C:\WINDOWS\System32\ole32.dll
0x00007ff9a09e0000 - 0x00007ff9a0a49000 	C:\WINDOWS\System32\WINTRUST.dll
0x00007ff9a0df0000 - 0x00007ff9a0f56000 	C:\WINDOWS\System32\CRYPT32.dll
0x00007ff95b740000 - 0x00007ff95b851000 	D:\Xilinx\Vivado\2020.2\lib\win64.o\libboost_regex.dll
0x00007ff944a40000 - 0x00007ff945bb7000 	D:\Xilinx\Vivado\2020.2\lib\win64.o\librdi_common.dll
0x00007ff9a03b0000 - 0x00007ff9a03d8000 	C:\WINDOWS\SYSTEM32\bcrypt.dll
0x00007ff98e620000 - 0x00007ff98e639000 	C:\WINDOWS\SYSTEM32\NETAPI32.dll
0x00007ff998680000 - 0x00007ff998733000 	C:\WINDOWS\WinSxS\amd64_microsoft.windows.common-controls_6595b64144ccf1df_5.82.22621.608_none_fb280a3c7926c2cc\COMCTL32.dll
0x00007ff99b990000 - 0x00007ff99b9af000 	C:\WINDOWS\SYSTEM32\dhcpcsvc.DLL
0x00007ff98d8c0000 - 0x00007ff98d8c9000 	C:\WINDOWS\SYSTEM32\WSOCK32.dll
0x00007ff9886a0000 - 0x00007ff9886b0000 	D:\Xilinx\Vivado\2020.2\lib\win64.o\libboost_date_time.dll
0x00007ff95cdd0000 - 0x00007ff95ce43000 	D:\Xilinx\Vivado\2020.2\lib\win64.o\libboost_program_options.dll
0x00007ff946cd0000 - 0x00007ff94703e000 	D:\Xilinx\Vivado\2020.2\lib\win64.o\libCOIN-all.dll
0x00007ff9753c0000 - 0x00007ff9753de000 	D:\Xilinx\Vivado\2020.2\lib\win64.o\libboost_thread.dll
0x00007ff9807a0000 - 0x00007ff9807ac000 	D:\Xilinx\Vivado\2020.2\lib\win64.o\libboost_xilinx.dll
0x00007ff95cd40000 - 0x00007ff95cdc2000 	D:\Xilinx\Vivado\2020.2\lib\win64.o\libhdlpsolve.dll
0x00007ff95b3a0000 - 0x00007ff95b445000 	D:\Xilinx\Vivado\2020.2\lib\win64.o\libhdxml.dll
0x00007ff967900000 - 0x00007ff967928000 	D:\Xilinx\Vivado\2020.2\lib\win64.o\libisl_sysinfo.dll
0x00007ff95b330000 - 0x00007ff95b395000 	D:\Xilinx\Vivado\2020.2\lib\win64.o\liblmx6.0.dll
0x00007ff972330000 - 0x00007ff97234a000 	D:\Xilinx\Vivado\2020.2\lib\win64.o\pthreadVC2.dll
0x00007ff937e20000 - 0x00007ff938c12600 	D:\Xilinx\Vivado\2020.2\lib\win64.o\libisl_iostreams.dll
0x00007ff98f520000 - 0x00007ff98fa14000 	C:\WINDOWS\SYSTEM32\WININET.dll
0x00007ff99bb40000 - 0x00007ff99bc6f000 	C:\WINDOWS\SYSTEM32\WINHTTP.dll
0x00007ff995820000 - 0x00007ff995a0f000 	C:\WINDOWS\SYSTEM32\urlmon.dll
0x00007ff96ad00000 - 0x00007ff96ad1c000 	D:\Xilinx\Vivado\2020.2\lib\win64.o\librdiconfig.dll
0x00007ff9678c0000 - 0x00007ff9678f1000 	C:\WINDOWS\SYSTEM32\VCOMP140.DLL
0x00007ff966160000 - 0x00007ff966181000 	D:\Xilinx\Vivado\2020.2\lib\win64.o\librdizlib.dll
0x00007ff97fb30000 - 0x00007ff97fb3c000 	D:\Xilinx\Vivado\2020.2\lib\win64.o\libboost_chrono.dll
0x00007ff966300000 - 0x00007ff966316000 	D:\Xilinx\Vivado\2020.2\lib\win64.o\libboost_iostreams.dll
0x00007ff98ef50000 - 0x00007ff98f201000 	C:\WINDOWS\SYSTEM32\iertutil.dll
0x00007ff98f340000 - 0x00007ff98f368000 	C:\WINDOWS\SYSTEM32\srvcli.dll
0x00007ff99f4c0000 - 0x00007ff99f4cc000 	C:\WINDOWS\SYSTEM32\netutils.dll
0x00007ff966130000 - 0x00007ff966153000 	D:\Xilinx\Vivado\2020.2\lib\win64.o\libisl_iosutils.dll
0x00007ff91a8f0000 - 0x00007ff91c807000 	D:\Xilinx\Vivado\2020.2\lib\win64.o\gurobi90.dll
0x00007ff9a3500000 - 0x00007ff9a3561000 	C:\WINDOWS\System32\WLDAP32.dll
0x00007ff9a2260000 - 0x00007ff9a2268000 	C:\WINDOWS\System32\Normaliz.dll
0x0000000012000000 - 0x0000000012270000 	D:\Xilinx\Vivado\2020.2\lib\win64.o\xerces-c_3_1.dll
0x00007ff99ff30000 - 0x00007ff99ff99000 	C:\WINDOWS\SYSTEM32\MSWSOCK.DLL
0x00007ff9a1740000 - 0x00007ff9a1771000 	C:\WINDOWS\System32\IMM32.DLL
0x00007ff9a0250000 - 0x00007ff9a0262000 	C:\WINDOWS\SYSTEM32\MSASN1.dll
0x00007ff99faa0000 - 0x00007ff99fab8000 	C:\WINDOWS\SYSTEM32\kernel.appcore.dll
0x00007ff9378f0000 - 0x00007ff937e12000 	D:\Xilinx\Vivado\2020.2\lib\win64.o\librdi_commontasks.dll
0x00007ff998d50000 - 0x00007ff998d5a000 	C:\WINDOWS\SYSTEM32\VERSION.dll
0x00007ff9496a0000 - 0x00007ff949975000 	D:\Xilinx\Vivado\2020.2\lib\win64.o\librdi_sio.dll
0x00007ff99f540000 - 0x00007ff99f56d000 	C:\WINDOWS\SYSTEM32\IPHLPAPI.DLL
0x00007ff935310000 - 0x00007ff935e33000 	D:\Xilinx\Vivado\2020.2\tps\win64\jre11.0.2\bin\server\jvm.dll
0x00007ff9a1ff0000 - 0x00007ff9a1ff8000 	C:\WINDOWS\System32\PSAPI.DLL
0x00007ff99be80000 - 0x00007ff99beb4000 	C:\WINDOWS\SYSTEM32\WINMM.dll
0x00007ff99e9f0000 - 0x00007ff99f2a7000 	C:\WINDOWS\SYSTEM32\windows.storage.dll
0x00007ff99e8b0000 - 0x00007ff99e9ed000 	C:\WINDOWS\SYSTEM32\wintypes.dll
0x00007ff917e30000 - 0x00007ff91a8ee000 	D:\Xilinx\Vivado\2020.2\lib\win64.o\librdi_tcltasks.dll
0x00007ff95b2b0000 - 0x00007ff95b32e000 	D:\Xilinx\Vivado\2020.2\lib\win64.o\librdi_boarddep.dll
0x00007ff937090000 - 0x00007ff937536000 	D:\Xilinx\Vivado\2020.2\lib\win64.o\librdi_bitstream.dll
0x00007ff949230000 - 0x00007ff9493e3000 	D:\Xilinx\Vivado\2020.2\lib\win64.o\librdi_board.dll
0x00007ff95af20000 - 0x00007ff95b016000 	D:\Xilinx\Vivado\2020.2\lib\win64.o\librdi_chipscope.dll
0x00007ff948680000 - 0x00007ff94886a000 	D:\Xilinx\Vivado\2020.2\lib\win64.o\librdi_chipscopeimpl.dll
0x00007ff9448d0000 - 0x00007ff944a31000 	D:\Xilinx\Vivado\2020.2\lib\win64.o\librdi_containers.dll
0x00007ff9160c0000 - 0x00007ff917e21000 	D:\Xilinx\Vivado\2020.2\lib\win64.o\librdi_designutils.dll
0x00007ff914290000 - 0x00007ff9160bc000 	D:\Xilinx\Vivado\2020.2\lib\win64.o\librdi_constraints.dll
0x00007ff936850000 - 0x00007ff936bb8000 	D:\Xilinx\Vivado\2020.2\lib\win64.o\librdi_dlyest.dll
0x00007ff9361f0000 - 0x00007ff93684d000 	D:\Xilinx\Vivado\2020.2\lib\win64.o\librdi_drc.dll
0x00007ff94e850000 - 0x00007ff94e903000 	D:\Xilinx\Vivado\2020.2\lib\win64.o\librdi_dsp.dll
0x00007ff934bf0000 - 0x00007ff935308000 	D:\Xilinx\Vivado\2020.2\lib\win64.o\librdi_coregenipxact.dll
0x00007ff911ed0000 - 0x00007ff91428d000 	D:\Xilinx\Vivado\2020.2\lib\win64.o\librdi_coregen.dll
0x00007ff95aeb0000 - 0x00007ff95af1b000 	D:\Xilinx\Vivado\2020.2\lib\win64.o\librdi_hdf.dll
0x00007ff936d70000 - 0x00007ff93708d000 	D:\Xilinx\Vivado\2020.2\lib\win64.o\librdi_guitools.dll
0x00007ff944780000 - 0x00007ff9448c7000 	D:\Xilinx\Vivado\2020.2\lib\win64.o\librdi_hip_perf_analysis.dll
0x00007ff8f98f0000 - 0x00007ff911ecf000 	D:\Xilinx\Vivado\2020.2\lib\win64.o\librdi_device.dll
0x00007ff934970000 - 0x00007ff934be7000 	D:\Xilinx\Vivado\2020.2\lib\win64.o\librdi_hip_devdesign.dll
0x00007ff8f9220000 - 0x00007ff8f98e2000 	D:\Xilinx\Vivado\2020.2\lib\win64.o\librdi_filemgmt.dll
0x00007ff95ad00000 - 0x00007ff95ad72000 	D:\Xilinx\Vivado\2020.2\lib\win64.o\librdi_memoryarray.dll
0x00007ff8f8bd0000 - 0x00007ff8f921c000 	D:\Xilinx\Vivado\2020.2\lib\win64.o\librdi_memdata.dll
0x00007ff8f6ff0000 - 0x00007ff8f8bc4000 	D:\Xilinx\Vivado\2020.2\lib\win64.o\librdi_implflow.dll
0x00007ff95b6e0000 - 0x00007ff95b734000 	D:\Xilinx\Vivado\2020.2\lib\win64.o\librdi_pfi.dll
0x00007ff8f4ba0000 - 0x00007ff8f6fe4000 	D:\Xilinx\Vivado\2020.2\lib\win64.o\librdi_mig.dll
0x00007ff8f4470000 - 0x00007ff8f4b9c000 	D:\Xilinx\Vivado\2020.2\lib\win64.o\librdi_netlist.dll
0x00007ff8f3c50000 - 0x00007ff8f4467000 	D:\Xilinx\Vivado\2020.2\lib\win64.o\librdi_power.dll
0x00007ff8f38b0000 - 0x00007ff8f3c4e000 	D:\Xilinx\Vivado\2020.2\lib\win64.o\librdi_platform.dll
0x00007ff8f30a0000 - 0x00007ff8f38ac000 	D:\Xilinx\Vivado\2020.2\lib\win64.o\librdi_rsb.dll
0x00007ff8f2a20000 - 0x00007ff8f3094000 	D:\Xilinx\Vivado\2020.2\lib\win64.o\librdi_project.dll
0x00007ff8f22f0000 - 0x00007ff8f2a12000 	D:\Xilinx\Vivado\2020.2\lib\win64.o\librdi_psta.dll
0x00007ff8f1dc0000 - 0x00007ff8f22eb000 	D:\Xilinx\Vivado\2020.2\lib\win64.o\librdi_runs.dll
0x00007ff944670000 - 0x00007ff944779000 	D:\Xilinx\Vivado\2020.2\lib\win64.o\librdi_runsbase.dll
0x00007ff8f1b40000 - 0x00007ff8f1db4000 	D:\Xilinx\Vivado\2020.2\lib\win64.o\librdi_simdata.dll
0x00007ff943a90000 - 0x00007ff943ba6000 	D:\Xilinx\Vivado\2020.2\lib\win64.o\librdi_xhub.dll
0x00007ff94d8f0000 - 0x00007ff94d997000 	D:\Xilinx\Vivado\2020.2\lib\win64.o\librdi_xhubtasks.dll
0x00007ff8ee930000 - 0x00007ff8f1b37000 	D:\Xilinx\Vivado\2020.2\lib\win64.o\librdi_place.dll
0x00007ff939500000 - 0x00007ff9396eb000 	D:\Xilinx\Vivado\2020.2\lib\win64.o\librdi_advchipscopeimpl.dll
0x00007ff8ed9a0000 - 0x00007ff8ee921000 	D:\Xilinx\Vivado\2020.2\lib\win64.o\librdi_timing.dll
0x00007ff951e80000 - 0x00007ff951ec7000 	D:\Xilinx\Vivado\2020.2\lib\win64.o\libboost_serialization.dll
0x00007ff951340000 - 0x00007ff9513aa000 	D:\Xilinx\Vivado\2020.2\lib\win64.o\librdi_noc_frameworks.dll
0x00007ff94d5a0000 - 0x00007ff94d68b000 	D:\Xilinx\Vivado\2020.2\lib\win64.o\librdi_ipconfig_readwrite.dll
0x00007ff8ed6a0000 - 0x00007ff8ed99b000 	D:\Xilinx\Vivado\2020.2\lib\win64.o\librdi_hip_config.dll
0x00007ff8ed150000 - 0x00007ff8ed69e000 	D:\Xilinx\Vivado\2020.2\lib\win64.o\librdi_xdm.dll
0x00007ff94ca70000 - 0x00007ff94cb0e000 	D:\Xilinx\Vivado\2020.2\lib\win64.o\libise.dll
0x00007ff950b80000 - 0x00007ff950c0d000 	D:\Xilinx\Vivado\2020.2\lib\win64.o\treelite_runtime.dll

dbghelp: loaded successfully - version: 4.0.5 - missing functions: none
symbol engine: initialized successfully - sym options: 0x614 - pdb path: .;D:\Xilinx\Vivado\2020.2\bin\unwrapped\win64.o;C:\WINDOWS\SYSTEM32;D:\Xilinx\Vivado\2020.2\lib\win64.o;C:\WINDOWS\WinSxS\amd64_microsoft.windows.common-controls_6595b64144ccf1df_5.82.22621.608_none_fb280a3c7926c2cc;D:\Xilinx\Vivado\2020.2\tps\win64\jre11.0.2\bin\server;D:\Xilinx\Vivado\2020.2\tps\win64\python-3.8.3;D:\Xilinx\Vivado\2020.2\tps\win64\jre11.0.2\bin;C:\WINDOWS\WinSxS\amd64_microsoft.windows.common-controls_6595b64144ccf1df_6.0.22621.608_none_a9444ca7c10bb01d

VM Arguments:
jvm_args: -Dsun.java2d.pmoffscreen=false -Dhttps.protocols=TLSv1,TLSv1.1,TLSv1.2 -Dsun.java2d.xrender=false -Dsun.java2d.d3d=false -Dsun.awt.nopixfmt=true -Dsun.java2d.dpiaware=true -Dsun.java2d.uiScale.enabled=false -Xverify:none -Dswing.aatext=true -XX:-UsePerfData -Djdk.map.althashing.threshold=512 -XX:StringTableSize=4072 --add-opens=java.base/java.nio=ALL-UNNAMED --add-opens=java.desktop/sun.swing=ALL-UNNAMED --add-opens=java.desktop/javax.swing=ALL-UNNAMED --add-opens=java.desktop/javax.swing.tree=ALL-UNNAMED --add-opens=java.desktop/javax.swing.plaf.basic=ALL-UNNAMED --add-opens=java.desktop/javax.swing.plaf.synth=ALL-UNNAMED --add-opens=java.desktop/com.sun.awt=ALL-UNNAMED -XX:NewSize=60m -XX:MaxNewSize=60m -Xms128m -Xmx3072m -Xss5m 
java_command: <unknown>
java_class_path (initial): D:/Xilinx/Vivado/2020.2\lib\classes\alloy.jar;D:/Xilinx/Vivado/2020.2\lib\classes\ArchiveSummary.jar;D:/Xilinx/Vivado/2020.2\lib\classes\autoesl-models.jar;D:/Xilinx/Vivado/2020.2\lib\classes\autopilot.scelaborator.jar;D:/Xilinx/Vivado/2020.2\lib\classes\autopilot.sourceprocessor.jar;D:/Xilinx/Vivado/2020.2\lib\classes\autopilot.tbprocessor.jar;D:/Xilinx/Vivado/2020.2\lib\classes\batik-anim.jar;D:/Xilinx/Vivado/2020.2\lib\classes\batik-awt-util.jar;D:/Xilinx/Vivado/2020.2\lib\classes\batik-bridge.jar;D:/Xilinx/Vivado/2020.2\lib\classes\batik-codec.jar;D:/Xilinx/Vivado/2020.2\lib\classes\batik-css.jar;D:/Xilinx/Vivado/2020.2\lib\classes\batik-dom.jar;D:/Xilinx/Vivado/2020.2\lib\classes\batik-ext.jar;D:/Xilinx/Vivado/2020.2\lib\classes\batik-gui-util.jar;D:/Xilinx/Vivado/2020.2\lib\classes\batik-gvt.jar;D:/Xilinx/Vivado/2020.2\lib\classes\batik-parser.jar;D:/Xilinx/Vivado/2020.2\lib\classes\batik-script.jar;D:/Xilinx/Vivado/2020.2\lib\classes\batik-svg-dom.jar;D:/Xilinx/Vivado/2020.2\lib\classes\batik-swing.jar;D:/Xilinx/Vivado/2020.2\lib\classes\batik-transcoder.jar;D:/Xilinx/Vivado/2020.2\lib\classes\batik-util.jar;D:/Xilinx/Vivado/2020.2\lib\classes\batik-xml.jar;D:/Xilinx/Vivado/2020.2\lib\classes\com.google.gson_2.8.2.v20180104-1110.jar;D:/Xilinx/Vivado/2020.2\lib\classes\com.google.guava_27.1.0.v20190517-1946.jar;D:/Xilinx/Vivado/2020.2\lib\classes\com.ibm.icu_4.4.2.v20110208.jar;D:/Xilinx/Vivado/2020.2\lib\classes\com.sigasi.hdt.connection_4.9.0.202009050929.jar;D:/Xilinx/Vivado/2020.2\lib\classes\com.sigasi.hdt.epl_4.9.0.202009050929.jar;D:/Xilinx/Vivado/2020.2\lib\classes\com.sigasi.hdt.project_4.9.0.202009050929.jar;D:/Xilinx/Vivado/2020.2\lib\classes\com.sigasi.hdt.readonlyfilesystem_4.9.0.202009050929.jar;D:/Xilinx/Vivado/2020.2\lib\classes\com.sigasi.lcm_4.9.0.202009050929.jar;D:/Xilinx/Vivado/2020.2\lib\classes\com.sigasi.sdk.client_4.9.0.202009050929.jar;D:/Xilinx/Vivado/2020.2\lib\classes\com.xilinx.hls.services.jar;D:/Xili
Launcher Type: generic

[Global flags]
     bool BytecodeVerificationLocal                = false                                     {product} {command line}
     bool BytecodeVerificationRemote               = false                                     {product} {command line}
     intx CICompilerCount                          = 4                                         {product} {ergonomic}
     uint ConcGCThreads                            = 3                                         {product} {ergonomic}
     uint G1ConcRefinementThreads                  = 10                                        {product} {ergonomic}
   size_t G1HeapRegionSize                         = 1048576                                   {product} {ergonomic}
    uintx GCDrainStackTargetSize                   = 64                                        {product} {ergonomic}
   size_t InitialHeapSize                          = 134217728                                 {product} {command line}
   size_t MarkStackSize                            = 4194304                                   {product} {ergonomic}
   size_t MaxHeapSize                              = 3221225472                                {product} {command line}
   size_t MaxNewSize                               = 62914560                                  {product} {command line}
   size_t MinHeapDeltaBytes                        = 1048576                                   {product} {ergonomic}
   size_t NewSize                                  = 62914560                                  {product} {command line}
    uintx NonNMethodCodeHeapSize                   = 5835340                                {pd product} {ergonomic}
    uintx NonProfiledCodeHeapSize                  = 122911450                              {pd product} {ergonomic}
    uintx ProfiledCodeHeapSize                     = 122911450                              {pd product} {ergonomic}
    uintx ReservedCodeCacheSize                    = 251658240                              {pd product} {ergonomic}
     bool SegmentedCodeCache                       = true                                      {product} {ergonomic}
    uintx StringTableSize                          = 4072                                      {product} {command line}
     intx ThreadStackSize                          = 5120                                   {pd product} {command line}
     bool UseCompressedClassPointers               = true                                 {lp64_product} {ergonomic}
     bool UseCompressedOops                        = true                                 {lp64_product} {ergonomic}
     bool UseG1GC                                  = true                                      {product} {ergonomic}
     bool UseLargePagesIndividualAllocation        = false                                  {pd product} {ergonomic}
     bool UsePerfData                              = false                                     {product} {command line}

Logging:
Log output configuration:
 #0: stdout all=warning uptime,level,tags
 #1: stderr all=off uptime,level,tags

Environment Variables:
PATH=D:/Xilinx/Vivado/2020.2\gnuwin\bin;D:/Xilinx/Vivado/2020.2\gnu\microblaze\nt\bin;D:/Xilinx/Vivado/2020.2/bin;D:/Xilinx/Vivado/2020.2/tps/win64/javafx-sdk-11.0.2/lib;D:/Xilinx/Vivado/2020.2/tps/win64/javafx-sdk-11.0.2/bin;D:/Xilinx/Vivado/2020.2/lib/win64.o;D:/Xilinx/Vivado/2020.2/tps/win64/jre11.0.2/bin/server;D:/Xilinx/Vivado/2020.2/tps/win64/jre11.0.2/bin;D:/Xilinx/Vivado/2020.2/ids_lite/ISE/bin/nt64;D:/Xilinx/Vivado/2020.2/ids_lite/ISE/lib/nt64;D:/Xilinx/Vitis_HLS/2020.2/bin;C:\Program Files\Microsoft\jdk-11.0.12.7-hotspot\bin;C:\WINDOWS\system32;C:\WINDOWS;C:\WINDOWS\System32\Wbem;C:\WINDOWS\System32\WindowsPowerShell\v1.0\;C:\WINDOWS\System32\OpenSSH\;C:\Program Files\dotnet\;C:\Program Files\Bandizip\;D:\Git\cmd;C:\Users\49530\AppData\Local\Microsoft\WindowsApps;C:\Users\49530\AppData\Local\Programs\Microsoft VS Code\bin;C:\Users\49530\AppData\Local\JetBrains\Toolbox\scripts;C:\Users\49530\.dotnet\tools;C:\MinGW\bin;;D:/Xilinx/Vivado/2020.2\tps\mingw\6.2.0\win64.o\nt\bin;D:/Xilinx/Vivado/2020.2\tps\mingw\6.2.0\win64.o\nt\libexec\gcc\x86_64-w64-mingw32\6.2.0;D:/Xilinx/Vivado/2020.2\tps\win64\python-3.8.3;D:/Xilinx/Vivado/2020.2\tps\win64\python-3.8.3\bin;D:/Xilinx/Vivado/2020.2\tps\win64\python-3.8.3\lib;D:/Xilinx/Vivado/2020.2\tps\win64\python-3.8.3\lib\site-packages
USERNAME=49530
OS=Windows_NT
PROCESSOR_IDENTIFIER=AMD64 Family 23 Model 96 Stepping 1, AuthenticAMD



---------------  S Y S T E M  ---------------

OS: Windows 10 , 64 bit Build 22621 (10.0.22621.608)

CPU:total 12 (initial active 12) (12 cores per cpu, 2 threads per core) family 23 model 96 stepping 1, cmov, cx8, fxsr, mmx, sse, sse2, sse3, ssse3, sse4.1, sse4.2, popcnt, avx, avx2, aes, clmul, mmxext, 3dnowpref, lzcnt, sse4a, ht, tsc, tscinvbit, tscinv, bmi1, bmi2, adx, sha, fma

Memory: 4k page, system-wide physical 15591M (8029M free)
TotalPageFile size 18451M (AvailPageFile size 5073M)
current process WorkingSet (physical memory assigned to process): 724M, peak: 2637M
current process commit charge ("private bytes"): 2794M, peak: 2823M

vm_info: OpenJDK 64-Bit Server VM (11.0.2+9) for windows-amd64 JRE (11.0.2+9), built on Jan 18 2019 05:23:22 by "mach5one" with MS VC++ 15.5 (VS2017)

END.
