
*** Running vivado
    with args -log multiplier.vds -m64 -product Vivado -mode batch -messageDb vivado.pb -notrace -source multiplier.tcl


****** Vivado v2018.2 (64-bit)
  **** SW Build 2258646 on Thu Jun 14 20:03:12 MDT 2018
  **** IP Build 2256618 on Thu Jun 14 22:10:49 MDT 2018
    ** Copyright 1986-2018 Xilinx, Inc. All Rights Reserved.

source multiplier.tcl -notrace
Command: synth_design -top multiplier -part xc7k325tffg676-2L -mode out_of_context
Starting synth_design
Attempting to get a license for feature 'Synthesis' and/or device 'xc7k325t'
INFO: [Common 17-349] Got license for feature 'Synthesis' and/or device 'xc7k325t'
INFO: Launching helper process for spawning children vivado processes
INFO: Helper process launched with PID 23804 
---------------------------------------------------------------------------------
Starting RTL Elaboration : Time (s): cpu = 00:00:05 ; elapsed = 00:00:06 . Memory (MB): peak = 444.344 ; gain = 95.418
---------------------------------------------------------------------------------
INFO: [Synth 8-638] synthesizing module 'multiplier' [c:/Users/Zonghui Wang/Desktop/risc v/Code4Stu/Exp5/Exp5.srcs/sources_1/ip/multiplier/synth/multiplier.vhd:68]
WARNING: [Synth 8-5640] Port 'zero_detect' is missing in component declaration [c:/Users/Zonghui Wang/Desktop/risc v/Code4Stu/Exp5/Exp5.srcs/sources_1/ip/multiplier/synth/multiplier.vhd:71]
WARNING: [Synth 8-5640] Port 'pcasc' is missing in component declaration [c:/Users/Zonghui Wang/Desktop/risc v/Code4Stu/Exp5/Exp5.srcs/sources_1/ip/multiplier/synth/multiplier.vhd:71]
	Parameter C_VERBOSITY bound to: 0 - type: integer 
	Parameter C_MODEL_TYPE bound to: 0 - type: integer 
	Parameter C_OPTIMIZE_GOAL bound to: 1 - type: integer 
	Parameter C_XDEVICEFAMILY bound to: kintex7 - type: string 
	Parameter C_HAS_CE bound to: 0 - type: integer 
	Parameter C_HAS_SCLR bound to: 0 - type: integer 
	Parameter C_LATENCY bound to: 1 - type: integer 
	Parameter C_A_WIDTH bound to: 32 - type: integer 
	Parameter C_A_TYPE bound to: 0 - type: integer 
	Parameter C_B_WIDTH bound to: 32 - type: integer 
	Parameter C_B_TYPE bound to: 0 - type: integer 
	Parameter C_OUT_HIGH bound to: 63 - type: integer 
	Parameter C_OUT_LOW bound to: 0 - type: integer 
	Parameter C_MULT_TYPE bound to: 0 - type: integer 
	Parameter C_CE_OVERRIDES_SCLR bound to: 0 - type: integer 
	Parameter C_CCM_IMP bound to: 0 - type: integer 
	Parameter C_B_VALUE bound to: 10000001 - type: string 
	Parameter C_HAS_ZERO_DETECT bound to: 0 - type: integer 
	Parameter C_ROUND_OUTPUT bound to: 0 - type: integer 
	Parameter C_ROUND_PT bound to: 0 - type: integer 
INFO: [Synth 8-3491] module 'mult_gen_v12_0_14' declared at 'c:/Users/Zonghui Wang/Desktop/risc v/Code4Stu/Exp5/Exp5.srcs/sources_1/ip/multiplier/hdl/mult_gen_v12_0_vh_rfs.vhd:21013' bound to instance 'U0' of component 'mult_gen_v12_0_14' [c:/Users/Zonghui Wang/Desktop/risc v/Code4Stu/Exp5/Exp5.srcs/sources_1/ip/multiplier/synth/multiplier.vhd:120]
INFO: [Synth 8-256] done synthesizing module 'multiplier' (5#1) [c:/Users/Zonghui Wang/Desktop/risc v/Code4Stu/Exp5/Exp5.srcs/sources_1/ip/multiplier/synth/multiplier.vhd:68]
WARNING: [Synth 8-3331] design mult_gen_v12_0_14_viv has unconnected port CE
WARNING: [Synth 8-3331] design mult_gen_v12_0_14_viv has unconnected port SCLR
---------------------------------------------------------------------------------
Finished RTL Elaboration : Time (s): cpu = 00:00:11 ; elapsed = 00:00:13 . Memory (MB): peak = 542.781 ; gain = 193.855
---------------------------------------------------------------------------------

Report Check Netlist: 
+------+------------------+-------+---------+-------+------------------+
|      |Item              |Errors |Warnings |Status |Description       |
+------+------------------+-------+---------+-------+------------------+
|1     |multi_driven_nets |      0|        0|Passed |Multi driven nets |
+------+------------------+-------+---------+-------+------------------+
---------------------------------------------------------------------------------
Start Handling Custom Attributes
---------------------------------------------------------------------------------
---------------------------------------------------------------------------------
Finished Handling Custom Attributes : Time (s): cpu = 00:00:12 ; elapsed = 00:00:13 . Memory (MB): peak = 542.781 ; gain = 193.855
---------------------------------------------------------------------------------
---------------------------------------------------------------------------------
Finished RTL Optimization Phase 1 : Time (s): cpu = 00:00:12 ; elapsed = 00:00:13 . Memory (MB): peak = 542.781 ; gain = 193.855
---------------------------------------------------------------------------------
INFO: [Netlist 29-17] Analyzing 1600 Unisim elements for replacement
INFO: [Netlist 29-28] Unisim Transformation completed in 0 CPU seconds
INFO: [Device 21-403] Loading part xc7k325tffg676-2L
INFO: [Project 1-570] Preparing netlist for logic optimization

Processing XDC Constraints
Initializing timing engine
Parsing XDC File [c:/Users/Zonghui Wang/Desktop/risc v/Code4Stu/Exp5/Exp5.srcs/sources_1/ip/multiplier/multiplier_ooc.xdc] for cell 'U0'
Finished Parsing XDC File [c:/Users/Zonghui Wang/Desktop/risc v/Code4Stu/Exp5/Exp5.srcs/sources_1/ip/multiplier/multiplier_ooc.xdc] for cell 'U0'
Parsing XDC File [C:/Users/Zonghui Wang/Desktop/risc v/Code4Stu/Exp5/Exp5.runs/multiplier_synth_1/dont_touch.xdc]
Finished Parsing XDC File [C:/Users/Zonghui Wang/Desktop/risc v/Code4Stu/Exp5/Exp5.runs/multiplier_synth_1/dont_touch.xdc]
Completed Processing XDC Constraints

INFO: [Project 1-111] Unisim Transformation Summary:
  A total of 528 instances were transformed.
  MULT_AND => LUT2: 528 instances

Constraint Validation Runtime : Time (s): cpu = 00:00:01 ; elapsed = 00:00:00.070 . Memory (MB): peak = 913.230 ; gain = 1.566
---------------------------------------------------------------------------------
Finished Constraint Validation : Time (s): cpu = 00:00:24 ; elapsed = 00:00:27 . Memory (MB): peak = 913.230 ; gain = 564.305
---------------------------------------------------------------------------------
---------------------------------------------------------------------------------
Start Loading Part and Timing Information
---------------------------------------------------------------------------------
Loading part: xc7k325tffg676-2L
---------------------------------------------------------------------------------
Finished Loading Part and Timing Information : Time (s): cpu = 00:00:24 ; elapsed = 00:00:27 . Memory (MB): peak = 913.230 ; gain = 564.305
---------------------------------------------------------------------------------
---------------------------------------------------------------------------------
Start Applying 'set_property' XDC Constraints
---------------------------------------------------------------------------------
Applied set_property DONT_TOUCH = true for U0. (constraint file  {C:/Users/Zonghui Wang/Desktop/risc v/Code4Stu/Exp5/Exp5.runs/multiplier_synth_1/dont_touch.xdc}, line 9).
---------------------------------------------------------------------------------
Finished applying 'set_property' XDC Constraints : Time (s): cpu = 00:00:24 ; elapsed = 00:00:27 . Memory (MB): peak = 913.230 ; gain = 564.305
---------------------------------------------------------------------------------
---------------------------------------------------------------------------------
Finished RTL Optimization Phase 2 : Time (s): cpu = 00:00:28 ; elapsed = 00:00:32 . Memory (MB): peak = 913.230 ; gain = 564.305
---------------------------------------------------------------------------------

Report RTL Partitions: 
+-+--------------+------------+----------+
| |RTL Partition |Replication |Instances |
+-+--------------+------------+----------+
+-+--------------+------------+----------+
---------------------------------------------------------------------------------
Start RTL Component Statistics 
---------------------------------------------------------------------------------
---------------------------------------------------------------------------------
Finished RTL Component Statistics 
---------------------------------------------------------------------------------
---------------------------------------------------------------------------------
Start RTL Hierarchical Component Statistics 
---------------------------------------------------------------------------------
---------------------------------------------------------------------------------
Finished RTL Hierarchical Component Statistics
---------------------------------------------------------------------------------
---------------------------------------------------------------------------------
Start Part Resource Summary
---------------------------------------------------------------------------------
Part Resources:
DSPs: 840 (col length:140)
BRAMs: 890 (col length: RAMB18 140 RAMB36 70)
---------------------------------------------------------------------------------
Finished Part Resource Summary
---------------------------------------------------------------------------------
---------------------------------------------------------------------------------
Start Cross Boundary and Area Optimization
---------------------------------------------------------------------------------
Warning: Parallel synthesis criteria is not met 
WARNING: [Synth 8-3331] design mult_gen_v12_0_14_viv has unconnected port CE
WARNING: [Synth 8-3331] design mult_gen_v12_0_14_viv has unconnected port SCLR
INFO: [Synth 8-3332] Sequential element (gLUT.gLUT_speed.iLUT/NxM_mult.stage_4_add.stage_4_pipeline.s4_add_out_reg[0][67]) is unused and will be removed from module mult_gen_v12_0_14_viv.
INFO: [Synth 8-3332] Sequential element (gLUT.gLUT_speed.iLUT/NxM_mult.stage_4_add.stage_4_pipeline.s4_add_out_reg[0][66]) is unused and will be removed from module mult_gen_v12_0_14_viv.
INFO: [Synth 8-3332] Sequential element (gLUT.gLUT_speed.iLUT/NxM_mult.stage_4_add.stage_4_pipeline.s4_add_out_reg[0][65]) is unused and will be removed from module mult_gen_v12_0_14_viv.
INFO: [Synth 8-3332] Sequential element (gLUT.gLUT_speed.iLUT/NxM_mult.stage_4_add.stage_4_pipeline.s4_add_out_reg[0][64]) is unused and will be removed from module mult_gen_v12_0_14_viv.
---------------------------------------------------------------------------------
Finished Cross Boundary and Area Optimization : Time (s): cpu = 00:00:31 ; elapsed = 00:00:34 . Memory (MB): peak = 913.230 ; gain = 564.305
---------------------------------------------------------------------------------

Report RTL Partitions: 
+-+--------------+------------+----------+
| |RTL Partition |Replication |Instances |
+-+--------------+------------+----------+
+-+--------------+------------+----------+
---------------------------------------------------------------------------------
Start Applying XDC Timing Constraints
---------------------------------------------------------------------------------
---------------------------------------------------------------------------------
Finished Applying XDC Timing Constraints : Time (s): cpu = 00:00:40 ; elapsed = 00:00:45 . Memory (MB): peak = 913.230 ; gain = 564.305
---------------------------------------------------------------------------------
---------------------------------------------------------------------------------
Start Timing Optimization
---------------------------------------------------------------------------------
---------------------------------------------------------------------------------
Finished Timing Optimization : Time (s): cpu = 00:00:41 ; elapsed = 00:00:45 . Memory (MB): peak = 913.230 ; gain = 564.305
---------------------------------------------------------------------------------

Report RTL Partitions: 
+-+--------------+------------+----------+
| |RTL Partition |Replication |Instances |
+-+--------------+------------+----------+
+-+--------------+------------+----------+
---------------------------------------------------------------------------------
Start Technology Mapping
---------------------------------------------------------------------------------
---------------------------------------------------------------------------------
Finished Technology Mapping : Time (s): cpu = 00:00:41 ; elapsed = 00:00:46 . Memory (MB): peak = 913.230 ; gain = 564.305
---------------------------------------------------------------------------------

Report RTL Partitions: 
+-+--------------+------------+----------+
| |RTL Partition |Replication |Instances |
+-+--------------+------------+----------+
+-+--------------+------------+----------+
---------------------------------------------------------------------------------
Start IO Insertion
---------------------------------------------------------------------------------
---------------------------------------------------------------------------------
Start Flattening Before IO Insertion
---------------------------------------------------------------------------------
---------------------------------------------------------------------------------
Finished Flattening Before IO Insertion
---------------------------------------------------------------------------------
---------------------------------------------------------------------------------
Start Final Netlist Cleanup
---------------------------------------------------------------------------------
---------------------------------------------------------------------------------
Finished Final Netlist Cleanup
---------------------------------------------------------------------------------
---------------------------------------------------------------------------------
Finished IO Insertion : Time (s): cpu = 00:00:42 ; elapsed = 00:00:47 . Memory (MB): peak = 913.230 ; gain = 564.305
---------------------------------------------------------------------------------

Report Check Netlist: 
+------+------------------+-------+---------+-------+------------------+
|      |Item              |Errors |Warnings |Status |Description       |
+------+------------------+-------+---------+-------+------------------+
|1     |multi_driven_nets |      0|        0|Passed |Multi driven nets |
+------+------------------+-------+---------+-------+------------------+
---------------------------------------------------------------------------------
Start Renaming Generated Instances
---------------------------------------------------------------------------------
---------------------------------------------------------------------------------
Finished Renaming Generated Instances : Time (s): cpu = 00:00:42 ; elapsed = 00:00:47 . Memory (MB): peak = 913.230 ; gain = 564.305
---------------------------------------------------------------------------------

Report RTL Partitions: 
+-+--------------+------------+----------+
| |RTL Partition |Replication |Instances |
+-+--------------+------------+----------+
+-+--------------+------------+----------+
---------------------------------------------------------------------------------
Start Rebuilding User Hierarchy
---------------------------------------------------------------------------------
---------------------------------------------------------------------------------
Finished Rebuilding User Hierarchy : Time (s): cpu = 00:00:42 ; elapsed = 00:00:47 . Memory (MB): peak = 913.230 ; gain = 564.305
---------------------------------------------------------------------------------
---------------------------------------------------------------------------------
Start Renaming Generated Ports
---------------------------------------------------------------------------------
---------------------------------------------------------------------------------
Finished Renaming Generated Ports : Time (s): cpu = 00:00:42 ; elapsed = 00:00:47 . Memory (MB): peak = 913.230 ; gain = 564.305
---------------------------------------------------------------------------------
---------------------------------------------------------------------------------
Start Handling Custom Attributes
---------------------------------------------------------------------------------
---------------------------------------------------------------------------------
Finished Handling Custom Attributes : Time (s): cpu = 00:00:42 ; elapsed = 00:00:47 . Memory (MB): peak = 913.230 ; gain = 564.305
---------------------------------------------------------------------------------
---------------------------------------------------------------------------------
Start Renaming Generated Nets
---------------------------------------------------------------------------------
---------------------------------------------------------------------------------
Finished Renaming Generated Nets : Time (s): cpu = 00:00:42 ; elapsed = 00:00:47 . Memory (MB): peak = 913.230 ; gain = 564.305
---------------------------------------------------------------------------------
---------------------------------------------------------------------------------
Start Writing Synthesis Report
---------------------------------------------------------------------------------

Report BlackBoxes: 
+-+--------------+----------+
| |BlackBox name |Instances |
+-+--------------+----------+
+-+--------------+----------+

Report Cell Usage: 
+------+---------+------+
|      |Cell     |Count |
+------+---------+------+
|1     |CARRY4   |   144|
|2     |LUT1     |    12|
|3     |LUT2     |   562|
|4     |LUT3     |    47|
|5     |LUT4     |   496|
|6     |MULT_AND |   527|
|7     |MUXCY    |   528|
|8     |XORCY    |   544|
|9     |FDRE     |    64|
+------+---------+------+
---------------------------------------------------------------------------------
Finished Writing Synthesis Report : Time (s): cpu = 00:00:42 ; elapsed = 00:00:47 . Memory (MB): peak = 913.230 ; gain = 564.305
---------------------------------------------------------------------------------
Synthesis finished with 0 errors, 0 critical warnings and 2 warnings.
Synthesis Optimization Runtime : Time (s): cpu = 00:00:22 ; elapsed = 00:00:36 . Memory (MB): peak = 913.230 ; gain = 193.855
Synthesis Optimization Complete : Time (s): cpu = 00:00:43 ; elapsed = 00:00:47 . Memory (MB): peak = 913.230 ; gain = 564.305
INFO: [Project 1-571] Translating synthesized netlist
INFO: [Netlist 29-17] Analyzing 1743 Unisim elements for replacement
INFO: [Netlist 29-28] Unisim Transformation completed in 0 CPU seconds
WARNING: [Netlist 29-101] Netlist 'multiplier' is not ideal for floorplanning, since the cellview 'luts' contains a large number of primitives.  Please consider enabling hierarchy in synthesis if you want to do floorplanning.
INFO: [Project 1-570] Preparing netlist for logic optimization
INFO: [Opt 31-138] Pushed 0 inverter(s) to 0 load pin(s).
INFO: [Project 1-111] Unisim Transformation Summary:
  A total of 686 instances were transformed.
  (MUXCY,XORCY) => CARRY4: 159 instances
  MULT_AND => LUT2: 527 instances

INFO: [Common 17-83] Releasing license: Synthesis
20 Infos, 7 Warnings, 0 Critical Warnings and 0 Errors encountered.
synth_design completed successfully
synth_design: Time (s): cpu = 00:00:47 ; elapsed = 00:00:52 . Memory (MB): peak = 915.113 ; gain = 577.656
WARNING: [Constraints 18-5210] No constraint will be written out.
INFO: [Common 17-1381] The checkpoint 'C:/Users/Zonghui Wang/Desktop/risc v/Code4Stu/Exp5/Exp5.runs/multiplier_synth_1/multiplier.dcp' has been generated.
