
*** Running vivado
    with args -log top.vds -m64 -product Vivado -mode batch -messageDb vivado.pb -notrace -source top.tcl



****** Vivado v2022.2 (64-bit)
  **** SW Build 3671981 on Fri Oct 14 05:00:03 MDT 2022
  **** IP Build 3669848 on Fri Oct 14 08:30:02 MDT 2022
    ** Copyright 1986-2022 Xilinx, Inc. All Rights Reserved.

source top.tcl -notrace
create_project: Time (s): cpu = 00:00:02 ; elapsed = 00:00:06 . Memory (MB): peak = 388.648 ; gain = 65.379
Command: read_checkpoint -auto_incremental -incremental F:/myExp5/Exp5.srcs/utils_1/imports/synth_1/top.dcp
INFO: [Vivado 12-5825] Read reference checkpoint from F:/myExp5/Exp5.srcs/utils_1/imports/synth_1/top.dcp for incremental synthesis
INFO: [Vivado 12-7989] Please ensure there are no constraint changes
Command: synth_design -top top -part xc7k325tffg676-2L
Starting synth_design
WARNING: [Vivado_Tcl 4-393] The 'Synthesis' target of the following IPs are stale, please generate the output products using the generate_target or synth_ip command before running synth_design.
F:/myExp5/Exp5.srcs/sources_1/ip/multiplier/multiplier.xci
F:/myExp5/Exp5.srcs/sources_1/ip/divider/divider.xci

INFO: [IP_Flow 19-2162] IP 'multiplier' is locked:
* IP definition 'Multiplier (12.0)' for IP 'multiplier' (customized with software release 2018.2) has a different revision in the IP Catalog.
INFO: [IP_Flow 19-2162] IP 'divider' is locked:
* IP definition 'Divider Generator (5.1)' for IP 'divider' (customized with software release 2018.2) has a different revision in the IP Catalog.
Attempting to get a license for feature 'Synthesis' and/or device 'xc7k325t'
INFO: [Common 17-349] Got license for feature 'Synthesis' and/or device 'xc7k325t'
INFO: [Device 21-403] Loading part xc7k325tffg676-2L
INFO: [Designutils 20-5440] No compile time benefit to using incremental synthesis; A full resynthesis will be run
INFO: [Designutils 20-4379] Flow is switching to default flow due to incremental criteria not met. If you would like to alter this behaviour and have the flow terminate instead, please set the following parameter config_implementation {autoIncr.Synth.RejectBehavior Terminate}
INFO: [Synth 8-7079] Multithreading enabled for synth_design using a maximum of 2 processes.
INFO: [Synth 8-7078] Launching helper process for spawning children vivado processes
INFO: [Synth 8-7075] Helper process launched with PID 1872
INFO: [Synth 8-11241] undeclared symbol 'REGCCE', assumed default net type 'wire' [D:/Xilinx/Vivado/2022.2/data/verilog/src/unimacro/BRAM_SINGLE_MACRO.v:2170]
INFO: [Synth 8-11241] undeclared symbol 'clkout0', assumed default net type 'wire' [F:/myExp5/code/auxillary/my_clk_gen.v:137]
INFO: [Synth 8-11241] undeclared symbol 'clkout1', assumed default net type 'wire' [F:/myExp5/code/auxillary/my_clk_gen.v:139]
INFO: [Synth 8-11241] undeclared symbol 'clkout2', assumed default net type 'wire' [F:/myExp5/code/auxillary/my_clk_gen.v:141]
INFO: [Synth 8-11241] undeclared symbol 'clkout3', assumed default net type 'wire' [F:/myExp5/code/auxillary/my_clk_gen.v:143]
WARNING: [Synth 8-6901] identifier 'DATA_BITS' is used before its declaration [F:/myExp5/code/auxillary/parallel2serial.v:10]
---------------------------------------------------------------------------------
Starting RTL Elaboration : Time (s): cpu = 00:00:05 ; elapsed = 00:00:15 . Memory (MB): peak = 1268.633 ; gain = 407.191
---------------------------------------------------------------------------------
INFO: [Synth 8-6157] synthesizing module 'top' [F:/myExp5/code/auxillary/top.v:8]
INFO: [Synth 8-6157] synthesizing module 'clk_diff' [F:/myExp5/code/auxillary/clk_diff.v:7]
INFO: [Synth 8-6157] synthesizing module 'IBUFGDS' [D:/Xilinx/Vivado/2022.2/scripts/rt/data/unisim_comp.v:71834]
	Parameter DIFF_TERM bound to: FALSE - type: string 
	Parameter IBUF_LOW_PWR bound to: TRUE - type: string 
	Parameter IOSTANDARD bound to: DEFAULT - type: string 
INFO: [Synth 8-6155] done synthesizing module 'IBUFGDS' (0#1) [D:/Xilinx/Vivado/2022.2/scripts/rt/data/unisim_comp.v:71834]
INFO: [Synth 8-6155] done synthesizing module 'clk_diff' (0#1) [F:/myExp5/code/auxillary/clk_diff.v:7]
INFO: [Synth 8-6157] synthesizing module 'my_clk_gen' [F:/myExp5/code/auxillary/my_clk_gen.v:72]
INFO: [Synth 8-6157] synthesizing module 'MMCME2_ADV' [D:/Xilinx/Vivado/2022.2/scripts/rt/data/unisim_comp.v:79852]
	Parameter BANDWIDTH bound to: OPTIMIZED - type: string 
	Parameter CLKFBOUT_MULT_F bound to: 5.000000 - type: double 
	Parameter CLKFBOUT_PHASE bound to: 0.000000 - type: double 
	Parameter CLKFBOUT_USE_FINE_PS bound to: FALSE - type: string 
	Parameter CLKIN1_PERIOD bound to: 5.000000 - type: double 
	Parameter CLKOUT0_DIVIDE_F bound to: 10.000000 - type: double 
	Parameter CLKOUT0_DUTY_CYCLE bound to: 0.500000 - type: double 
	Parameter CLKOUT0_PHASE bound to: 0.000000 - type: double 
	Parameter CLKOUT0_USE_FINE_PS bound to: FALSE - type: string 
	Parameter CLKOUT1_DIVIDE bound to: 20 - type: integer 
	Parameter CLKOUT1_DUTY_CYCLE bound to: 0.500000 - type: double 
	Parameter CLKOUT1_PHASE bound to: 0.000000 - type: double 
	Parameter CLKOUT1_USE_FINE_PS bound to: FALSE - type: string 
	Parameter CLKOUT2_DIVIDE bound to: 40 - type: integer 
	Parameter CLKOUT2_DUTY_CYCLE bound to: 0.500000 - type: double 
	Parameter CLKOUT2_PHASE bound to: 0.000000 - type: double 
	Parameter CLKOUT2_USE_FINE_PS bound to: FALSE - type: string 
	Parameter CLKOUT3_DIVIDE bound to: 100 - type: integer 
	Parameter CLKOUT3_DUTY_CYCLE bound to: 0.500000 - type: double 
	Parameter CLKOUT3_PHASE bound to: 0.000000 - type: double 
	Parameter CLKOUT3_USE_FINE_PS bound to: FALSE - type: string 
	Parameter CLKOUT4_CASCADE bound to: FALSE - type: string 
	Parameter COMPENSATION bound to: ZHOLD - type: string 
	Parameter DIVCLK_DIVIDE bound to: 1 - type: integer 
	Parameter REF_JITTER1 bound to: 0.010000 - type: double 
	Parameter STARTUP_WAIT bound to: FALSE - type: string 
INFO: [Synth 8-6155] done synthesizing module 'MMCME2_ADV' (0#1) [D:/Xilinx/Vivado/2022.2/scripts/rt/data/unisim_comp.v:79852]
INFO: [Synth 8-6157] synthesizing module 'BUFG' [D:/Xilinx/Vivado/2022.2/scripts/rt/data/unisim_comp.v:1082]
INFO: [Synth 8-6155] done synthesizing module 'BUFG' (0#1) [D:/Xilinx/Vivado/2022.2/scripts/rt/data/unisim_comp.v:1082]
INFO: [Synth 8-6155] done synthesizing module 'my_clk_gen' (0#1) [F:/myExp5/code/auxillary/my_clk_gen.v:72]
INFO: [Synth 8-6157] synthesizing module 'btn_scan' [F:/myExp5/code/auxillary/btn_scan.v:8]
	Parameter CLK_FREQ bound to: 25 - type: integer 
INFO: [Synth 8-6155] done synthesizing module 'btn_scan' (0#1) [F:/myExp5/code/auxillary/btn_scan.v:8]
INFO: [Synth 8-6157] synthesizing module 'display' [F:/myExp5/code/auxillary/display.v:7]
INFO: [Synth 8-6157] synthesizing module 'parallel2serial' [F:/myExp5/code/auxillary/parallel2serial.v:7]
	Parameter P_CLK_FREQ bound to: 25 - type: integer 
	Parameter S_CLK_FREQ bound to: 20 - type: integer 
	Parameter DATA_BITS bound to: 16 - type: integer 
	Parameter CODE_ENDIAN bound to: 1 - type: integer 
INFO: [Synth 8-155] case statement is not full and has no default [F:/myExp5/code/auxillary/parallel2serial.v:48]
INFO: [Synth 8-155] case statement is not full and has no default [F:/myExp5/code/auxillary/parallel2serial.v:99]
INFO: [Synth 8-6155] done synthesizing module 'parallel2serial' (0#1) [F:/myExp5/code/auxillary/parallel2serial.v:7]
INFO: [Synth 8-6157] synthesizing module 'parallel2serial__parameterized0' [F:/myExp5/code/auxillary/parallel2serial.v:7]
	Parameter P_CLK_FREQ bound to: 25 - type: integer 
	Parameter S_CLK_FREQ bound to: 20 - type: integer 
	Parameter DATA_BITS bound to: 64 - type: integer 
	Parameter CODE_ENDIAN bound to: 1 - type: integer 
INFO: [Synth 8-155] case statement is not full and has no default [F:/myExp5/code/auxillary/parallel2serial.v:48]
INFO: [Synth 8-155] case statement is not full and has no default [F:/myExp5/code/auxillary/parallel2serial.v:99]
INFO: [Synth 8-6155] done synthesizing module 'parallel2serial__parameterized0' (0#1) [F:/myExp5/code/auxillary/parallel2serial.v:7]
INFO: [Synth 8-6155] done synthesizing module 'display' (0#1) [F:/myExp5/code/auxillary/display.v:7]
INFO: [Synth 8-6157] synthesizing module 'RV32core' [F:/myExp5/code/core/RV32core.v:3]
INFO: [Synth 8-6157] synthesizing module 'debug_clk' [F:/myExp5/code/auxillary/debug_clk.v:3]
INFO: [Synth 8-6155] done synthesizing module 'debug_clk' (0#1) [F:/myExp5/code/auxillary/debug_clk.v:3]
INFO: [Synth 8-6157] synthesizing module 'REG32' [F:/myExp5/code/common/REG32.v:23]
INFO: [Synth 8-6155] done synthesizing module 'REG32' (0#1) [F:/myExp5/code/common/REG32.v:23]
INFO: [Synth 8-6157] synthesizing module 'add_32' [F:/myExp5/code/common/add_32.v:23]
INFO: [Synth 8-6155] done synthesizing module 'add_32' (0#1) [F:/myExp5/code/common/add_32.v:23]
INFO: [Synth 8-6157] synthesizing module 'MUX2T1_32' [F:/myExp5/code/common/MUX2T1_32.v:23]
INFO: [Synth 8-6155] done synthesizing module 'MUX2T1_32' (0#1) [F:/myExp5/code/common/MUX2T1_32.v:23]
INFO: [Synth 8-6157] synthesizing module 'ROM_D' [F:/myExp5/code/core/ROM_D.v:3]
INFO: [Synth 8-3876] $readmem data file 'rom.hex' is read successfully [F:/myExp5/code/core/ROM_D.v:11]
INFO: [Synth 8-6155] done synthesizing module 'ROM_D' (0#1) [F:/myExp5/code/core/ROM_D.v:3]
INFO: [Synth 8-6157] synthesizing module 'REG_ID' [F:/myExp5/code/core/REG_ID.v:22]
INFO: [Synth 8-6155] done synthesizing module 'REG_ID' (0#1) [F:/myExp5/code/core/REG_ID.v:22]
INFO: [Synth 8-6157] synthesizing module 'CtrlUnit' [F:/myExp5/code/core/CtrlUnit.v:3]
INFO: [Synth 8-6155] done synthesizing module 'CtrlUnit' (0#1) [F:/myExp5/code/core/CtrlUnit.v:3]
INFO: [Synth 8-6157] synthesizing module 'ImmGen' [F:/myExp5/code/core/ImmGen.v:3]
INFO: [Synth 8-6155] done synthesizing module 'ImmGen' (0#1) [F:/myExp5/code/core/ImmGen.v:3]
INFO: [Synth 8-6157] synthesizing module 'Regs' [F:/myExp5/code/core/Regs.v:22]
INFO: [Synth 8-6155] done synthesizing module 'Regs' (0#1) [F:/myExp5/code/core/Regs.v:22]
INFO: [Synth 8-6157] synthesizing module 'FU_ALU' [F:/myExp5/code/core/FU_ALU.v:3]
INFO: [Synth 8-6155] done synthesizing module 'FU_ALU' (0#1) [F:/myExp5/code/core/FU_ALU.v:3]
INFO: [Synth 8-6157] synthesizing module 'FU_mem' [F:/myExp5/code/core/FU_mem.v:3]
INFO: [Synth 8-6157] synthesizing module 'RAM_B' [F:/myExp5/code/core/RAM_B.v:3]
INFO: [Synth 8-3876] $readmem data file 'ram.hex' is read successfully [F:/myExp5/code/core/RAM_B.v:15]
INFO: [Synth 8-6155] done synthesizing module 'RAM_B' (0#1) [F:/myExp5/code/core/RAM_B.v:3]
INFO: [Synth 8-6155] done synthesizing module 'FU_mem' (0#1) [F:/myExp5/code/core/FU_mem.v:3]
INFO: [Synth 8-6157] synthesizing module 'FU_mul' [F:/myExp5/code/core/FU_mul.v:3]
INFO: [Synth 8-6157] synthesizing module 'multiplier' [F:/myExp5/Exp5.runs/synth_1/.Xil/Vivado-3300-X1Carbon-Gen10/realtime/multiplier_stub.v:5]
INFO: [Synth 8-6155] done synthesizing module 'multiplier' (0#1) [F:/myExp5/Exp5.runs/synth_1/.Xil/Vivado-3300-X1Carbon-Gen10/realtime/multiplier_stub.v:5]
INFO: [Synth 8-6155] done synthesizing module 'FU_mul' (0#1) [F:/myExp5/code/core/FU_mul.v:3]
INFO: [Synth 8-6157] synthesizing module 'FU_div' [F:/myExp5/code/core/FU_div.v:3]
INFO: [Synth 8-6157] synthesizing module 'divider' [F:/myExp5/Exp5.runs/synth_1/.Xil/Vivado-3300-X1Carbon-Gen10/realtime/divider_stub.v:5]
INFO: [Synth 8-6155] done synthesizing module 'divider' (0#1) [F:/myExp5/Exp5.runs/synth_1/.Xil/Vivado-3300-X1Carbon-Gen10/realtime/divider_stub.v:5]
INFO: [Synth 8-6155] done synthesizing module 'FU_div' (0#1) [F:/myExp5/code/core/FU_div.v:3]
INFO: [Synth 8-6157] synthesizing module 'FU_jump' [F:/myExp5/code/core/FU_jump.v:3]
INFO: [Synth 8-6157] synthesizing module 'cmp_32' [F:/myExp5/code/common/cmp_32.v:3]
INFO: [Synth 8-6155] done synthesizing module 'cmp_32' (0#1) [F:/myExp5/code/common/cmp_32.v:3]
INFO: [Synth 8-6155] done synthesizing module 'FU_jump' (0#1) [F:/myExp5/code/core/FU_jump.v:3]
INFO: [Synth 8-6157] synthesizing module 'MUX8T1_32' [F:/myExp5/code/common/MUX8T1_32.v:3]
INFO: [Synth 8-6155] done synthesizing module 'MUX8T1_32' (0#1) [F:/myExp5/code/common/MUX8T1_32.v:3]
INFO: [Synth 8-226] default block is never used [F:/myExp5/code/core/RV32core.v:114]
INFO: [Synth 8-6155] done synthesizing module 'RV32core' (0#1) [F:/myExp5/code/core/RV32core.v:3]
INFO: [Synth 8-6157] synthesizing module 'VGA_TESTP' [F:/myExp5/code/auxillary/VGATEST.v:21]
INFO: [Synth 8-6157] synthesizing module 'Code2Inst' [F:/myExp5/code/auxillary/Code2Inst.v:2]
INFO: [Synth 8-6155] done synthesizing module 'Code2Inst' (0#1) [F:/myExp5/code/auxillary/Code2Inst.v:2]
INFO: [Synth 8-226] default block is never used [F:/myExp5/code/auxillary/VGATEST.v:167]
INFO: [Synth 8-226] default block is never used [F:/myExp5/code/auxillary/VGATEST.v:206]
INFO: [Synth 8-6157] synthesizing module 'FONT8_16' [F:/myExp5/code/auxillary/Font816.v:2]
INFO: [Synth 8-6157] synthesizing module 'RAMB16_S1' [D:/Xilinx/Vivado/2022.2/scripts/rt/data/unisim_comp.v:125548]
	Parameter INIT_00 bound to: 256'b0000000000000000000000000000000000000000000000000000000000000000000000000000000000000000000000000000000000000000000000000000000000000000000000000000000000000000011111101000000110000001100110011011110110000001100000011010010110000001011111100000000000000000 
	Parameter INIT_01 bound to: 256'b0000000000000000000000000000000001111110111111111111111111100111110000111111111111111111110110111111111101111110000000000000000000000000000000000000000000000000000100000011100001111100111111101111111011111110111111100110110000000000000000000000000000000000 
	Parameter INIT_02 bound to: 256'b0000000000000000000000000000000000000000000100000011100001111100111111100111110000111000000100000000000000000000000000000000000000000000000000000000000000000000001111000001100000011000111001111110011111100111001111000011110000011000000000000000000000000000 
	Parameter INIT_03 bound to: 256'b0000000000000000000000000000000000111100000110000001100001111110111111111111111101111110001111000001100000000000000000000000000000000000000000000000000000000000000000000000000000011000001111000011110000011000000000000000000000000000000000000000000000000000 
	Parameter INIT_04 bound to: 256'b1111111111111111111111111111111111111111111111111110011111000011110000111110011111111111111111111111111111111111111111111111111100000000000000000000000000000000000000000011110001100110010000100100001001100110001111000000000000000000000000000000000000000000 
	Parameter INIT_05 bound to: 256'b1111111111111111111111111111111111111111110000111001100110111101101111011001100111000011111111111111111111111111111111111111111100000000000000000000000000000000011110001100110011001100110011001100110001111000001100100001101000001110000111100000000000000000 
	Parameter INIT_06 bound to: 256'b0000000000000000000000000000000000011000000110000111111000011000001111000110011001100110011001100110011000111100000000000000000000000000000000000000000000000000111000001111000001110000001100000011000000110000001100000011111100110011001111110000000000000000 
	Parameter INIT_07 bound to: 256'b0000000000000000000000001100000011100110111001110110011101100011011000110110001101100011011111110110001101111111000000000000000000000000000000000000000000000000000110000001100011011011001111001110011100111100110110110001100000011000000000000000000000000000 
	Parameter INIT_08 bound to: 256'b0000000000000000000000000000000010000000110000001110000011110000111110001111111011111000111100001110000011000000100000000000000000000000000000000000000000000000000000100000011000001110000111100011111011111110001111100001111000001110000001100000001000000000 
	Parameter INIT_09 bound to: 256'b0000000000000000000000000000000000000000000110000011110001111110000110000001100000011000011111100011110000011000000000000000000000000000000000000000000000000000011001100110011000000000011001100110011001100110011001100110011001100110011001100000000000000000 
	Parameter INIT_0A bound to: 256'b0000000000000000000000000000000000011011000110110001101100011011000110110111101111011011110110111101101101111111000000000000000000000000000000000000000001111100110001100000110000111000011011001100011011000110011011000011100001100000110001100111110000000000 
	Parameter INIT_0B bound to: 256'b0000000000000000000000000000000011111110111111101111111011111110000000000000000000000000000000000000000000000000000000000000000000000000000000000000000000000000011111100001100000111100011111100001100000011000000110000111111000111100000110000000000000000000 
	Parameter INIT_0C bound to: 256'b0000000000000000000000000000000000011000000110000001100000011000000110000001100000011000011111100011110000011000000000000000000000000000000000000000000000000000000110000011110001111110000110000001100000011000000110000001100000011000000110000000000000000000 
	Parameter INIT_0D bound to: 256'b0000000000000000000000000000000000000000000000000001100000001100111111100000110000011000000000000000000000000000000000000000000000000000000000000000000000000000000000000000000000110000011000001111111001100000001100000000000000000000000000000000000000000000 
	Parameter INIT_0E bound to: 256'b0000000000000000000000000000000000000000000000001111111011000000110000001100000000000000000000000000000000000000000000000000000000000000000000000000000000000000000000000000000000100100011001101111111101100110001001000000000000000000000000000000000000000000 
	Parameter INIT_0F bound to: 256'b0000000000000000000000000000000000000000111111101111111001111100011111000011100000111000000100000000000000000000000000000000000000000000000000000000000000000000000000000001000000111000001110000111110001111100111111101111111000000000000000000000000000000000 
	Parameter INIT_10 bound to: 256'b0000000000000000000000000000000000000000000000000000000000000000000000000000000000000000000000000000000000000000000000000000000000000000000000000000000000000000000110000001100000000000000110000001100000011000001111000011110000111100000110000000000000000000 
	Parameter INIT_11 bound to: 256'b0000000000000000000000000000000000000000000000000000000000000000000000000000000000000000001001000110011001100110011001100000000000000000000000000000000000000000011011000110110011111110011011000110110001101100111111100110110001101100000000000000000000000000 
	Parameter INIT_12 bound to: 256'b0000000000000000000110000001100001111100110001101000011000000110000001100111110011000000110000101100011001111100000110000001100000000000000000000000000000000000100001101100011001100000001100000001100000001100110001101100001000000000000000000000000000000000 
	Parameter INIT_13 bound to: 256'b0000000000000000000000000000000001110110110011001100110011001100110111000111011000111000011011000110110000111000000000000000000000000000000000000000000000000000000000000000000000000000000000000000000000000000000000000110000000110000001100000011000000000000 
	Parameter INIT_14 bound to: 256'b0000000000000000000000000000000000001100000110000011000000110000001100000011000000110000001100000001100000001100000000000000000000000000000000000000000000000000001100000001100000001100000011000000110000001100000011000000110000011000001100000000000000000000 
	Parameter INIT_15 bound to: 256'b0000000000000000000000000000000000000000000000000110011000111100111111110011110001100110000000000000000000000000000000000000000000000000000000000000000000000000000000000000000000011000000110000111111000011000000110000000000000000000000000000000000000000000 
	Parameter INIT_16 bound to: 256'b0000000000000000000000000011000000011000000110000001100000000000000000000000000000000000000000000000000000000000000000000000000000000000000000000000000000000000000000000000000000000000000000000111111000000000000000000000000000000000000000000000000000000000 
	Parameter INIT_17 bound to: 256'b0000000000000000000000000000000000011000000110000000000000000000000000000000000000000000000000000000000000000000000000000000000000000000000000000000000000000000100000001100000001100000001100000001100000001100000001100000001000000000000000000000000000000000 
	Parameter INIT_18 bound to: 256'b0000000000000000000000000000000001111100110001101100011011100110111101101101111011001110110001101100011001111100000000000000000000000000000000000000000000000000011111100001100000011000000110000001100000011000000110000111100000111000000110000000000000000000 
	Parameter INIT_19 bound to: 256'b0000000000000000000000000000000011111110110001101100000001100000001100000001100000001100000001101100011001111100000000000000000000000000000000000000000000000000011111001100011000000110000001100000011000111100000001100000011011000110011111000000000000000000 
	Parameter INIT_1A bound to: 256'b0000000000000000000000000000000000011110000011000000110000001100111111101100110001101100001111000001110000001100000000000000000000000000000000000000000000000000011111001100011000000110000001100000011011111100110000001100000011000000111111100000000000000000 
	Parameter INIT_1B bound to: 256'b0000000000000000000000000000000001111100110001101100011011000110110001101111110011000000110000000110000000111000000000000000000000000000000000000000000000000000001100000011000000110000001100000001100000001100000001100000011011000110111111100000000000000000 
	Parameter INIT_1C bound to: 256'b0000000000000000000000000000000001111100110001101100011011000110110001100111110011000110110001101100011001111100000000000000000000000000000000000000000000000000011110000000110000000110000001100000011001111110110001101100011011000110011111000000000000000000 
	Parameter INIT_1D bound to: 256'b0000000000000000000000000000000000000000000110000001100000000000000000000000000000011000000110000000000000000000000000000000000000000000000000000000000000000000001100000001100000011000000000000000000000000000000110000001100000000000000000000000000000000000 
	Parameter INIT_1E bound to: 256'b0000000000000000000000000000000000000110000011000001100000110000011000000011000000011000000011000000011000000000000000000000000000000000000000000000000000000000000000000000000000000000011111100000000000000000011111100000000000000000000000000000000000000000 
	Parameter INIT_1F bound to: 256'b0000000000000000000000000000000001100000001100000001100000001100000001100000110000011000001100000110000000000000000000000000000000000000000000000000000000000000000110000001100000000000000110000001100000011000000011001100011011000110011111000000000000000000 
	Parameter INIT_20 bound to: 256'b0000000000000000000000000000000001111100110000001101110011011110110111101101111011000110110001101100011001111100000000000000000000000000000000000000000000000000110001101100011011000110110001101111111011000110110001100110110000111000000100000000000000000000 
	Parameter INIT_21 bound to: 256'b0000000000000000000000000000000011111100011001100110011001100110011001100111110001100110011001100110011011111100000000000000000000000000000000000000000000000000001111000110011011000010110000001100000011000000110000001100001001100110001111000000000000000000 
	Parameter INIT_22 bound to: 256'b0000000000000000000000000000000011111000011011000110011001100110011001100110011001100110011001100110110011111000000000000000000000000000000000000000000000000000111111100110011001100010011000000110100001111000011010000110001001100110111111100000000000000000 
	Parameter INIT_23 bound to: 256'b0000000000000000000000000000000011110000011000000110000001100000011010000111100001101000011000100110011011111110000000000000000000000000000000000000000000000000001110100110011011000110110001101101111011000000110000001100001001100110001111000000000000000000 
	Parameter INIT_24 bound to: 256'b0000000000000000000000000000000011000110110001101100011011000110110001101111111011000110110001101100011011000110000000000000000000000000000000000000000000000000001111000001100000011000000110000001100000011000000110000001100000011000001111000000000000000000 
	Parameter INIT_25 bound to: 256'b0000000000000000000000000000000001111000110011001100110011001100000011000000110000001100000011000000110000011110000000000000000000000000000000000000000000000000111001100110011001100110011011000111100001111000011011000110011001100110111001100000000000000000 
	Parameter INIT_26 bound to: 256'b0000000000000000000000000000000011111110011001100110001001100000011000000110000001100000011000000110000011110000000000000000000000000000000000000000000000000000110000111100001111000011110000111100001111011011111111111111111111100111110000110000000000000000 
	Parameter INIT_27 bound to: 256'b0000000000000000000000000000000011000110110001101100011011000110110011101101111011111110111101101110011011000110000000000000000000000000000000000000000000000000011111001100011011000110110001101100011011000110110001101100011011000110011111000000000000000000 
	Parameter INIT_28 bound to: 256'b0000000000000000000000000000000011110000011000000110000001100000011000000111110001100110011001100110011011111100000000000000000000000000000000000000111000001100011111001101111011010110110001101100011011000110110001101100011011000110011111000000000000000000 
	Parameter INIT_29 bound to: 256'b0000000000000000000000000000000011100110011001100110011001100110011011000111110001100110011001100110011011111100000000000000000000000000000000000000000000000000011111001100011011000110000001100000110000111000011000001100011011000110011111000000000000000000 
	Parameter INIT_2A bound to: 256'b0000000000000000000000000000000000111100000110000001100000011000000110000001100000011000100110011101101111111111000000000000000000000000000000000000000000000000011111001100011011000110110001101100011011000110110001101100011011000110110001100000000000000000 
	Parameter INIT_2B bound to: 256'b0000000000000000000000000000000000011000001111000110011011000011110000111100001111000011110000111100001111000011000000000000000000000000000000000000000000000000011001100110011011111111110110111101101111000011110000111100001111000011110000110000000000000000 
	Parameter INIT_2C bound to: 256'b0000000000000000000000000000000011000011110000110110011000111100000110000001100000111100011001101100001111000011000000000000000000000000000000000000000000000000001111000001100000011000000110000001100000111100011001101100001111000011110000110000000000000000 
	Parameter INIT_2D bound to: 256'b0000000000000000000000000000000011111111110000111100000101100000001100000001100000001100100001101100001111111111000000000000000000000000000000000000000000000000001111000011000000110000001100000011000000110000001100000011000000110000001111000000000000000000 
	Parameter INIT_2E bound to: 256'b0000000000000000000000000000000000000010000001100000111000011100001110000111000011100000110000001000000000000000000000000000000000000000000000000000000000000000001111000000110000001100000011000000110000001100000011000000110000001100001111000000000000000000 
	Parameter INIT_2F bound to: 256'b0000000000000000000000000000000000000000000000000000000000000000000000000000000000000000000000001100011001101100001110000001000000000000000000001111111100000000000000000000000000000000000000000000000000000000000000000000000000000000000000000000000000000000 
	Parameter INIT_30 bound to: 256'b0000000000000000000000000000000000000000000000000000000000000000000000000000000000000000000000000000000000011000001100000011000000000000000000000000000000000000011101101100110011001100110011000111110000001100011110000000000000000000000000000000000000000000 
	Parameter INIT_31 bound to: 256'b0000000000000000000000000000000001111100011001100110011001100110011001100110110001111000011000000110000011100000000000000000000000000000000000000000000000000000011111001100011011000000110000001100000011000110011111000000000000000000000000000000000000000000 
	Parameter INIT_32 bound to: 256'b0000000000000000000000000000000001110110110011001100110011001100110011000110110000111100000011000000110000011100000000000000000000000000000000000000000000000000011111001100011011000000110000001111111011000110011111000000000000000000000000000000000000000000 
	Parameter INIT_33 bound to: 256'b0000000000000000000000000000000011110000011000000110000001100000011000001111000001100000011001000110110000111000000000000000000000000000011110001100110000001100011111001100110011001100110011001100110011001100011101100000000000000000000000000000000000000000 
	Parameter INIT_34 bound to: 256'b0000000000000000000000000000000011100110011001100110011001100110011001100111011001101100011000000110000011100000000000000000000000000000000000000000000000000000001111000001100000011000000110000001100000011000001110000000000000011000000110000000000000000000 
	Parameter INIT_35 bound to: 256'b0000000000111100011001100110011000000110000001100000011000000110000001100000011000001110000000000000011000000110000000000000000000000000000000000000000000000000111001100110011001101100011110000111100001101100011001100110000001100000111000000000000000000000 
	Parameter INIT_36 bound to: 256'b0000000000000000000000000000000000111100000110000001100000011000000110000001100000011000000110000001100000111000000000000000000000000000000000000000000000000000110110111101101111011011110110111101101111111111111001100000000000000000000000000000000000000000 
	Parameter INIT_37 bound to: 256'b0000000000000000000000000000000001100110011001100110011001100110011001100110011011011100000000000000000000000000000000000000000000000000000000000000000000000000011111001100011011000110110001101100011011000110011111000000000000000000000000000000000000000000 
	Parameter INIT_38 bound to: 256'b0000000011110000011000000110000001111100011001100110011001100110011001100110011011011100000000000000000000000000000000000000000000000000000111100000110000001100011111001100110011001100110011001100110011001100011101100000000000000000000000000000000000000000 
	Parameter INIT_39 bound to: 256'b0000000000000000000000000000000011110000011000000110000001100000011001100111011011011100000000000000000000000000000000000000000000000000000000000000000000000000011111001100011000001100001110000110000011000110011111000000000000000000000000000000000000000000 
	Parameter INIT_3A bound to: 256'b0000000000000000000000000000000000011100001101100011000000110000001100000011000011111100001100000011000000010000000000000000000000000000000000000000000000000000011101101100110011001100110011001100110011001100110011000000000000000000000000000000000000000000 
	Parameter INIT_3B bound to: 256'b0000000000000000000000000000000000011000001111000110011011000011110000111100001111000011000000000000000000000000000000000000000000000000000000000000000000000000011001101111111111011011110110111100001111000011110000110000000000000000000000000000000000000000 
	Parameter INIT_3C bound to: 256'b0000000000000000000000000000000011000011011001100011110000011000001111000110011011000011000000000000000000000000000000000000000000000000111110000000110000000110011111101100011011000110110001101100011011000110110001100000000000000000000000000000000000000000 
	Parameter INIT_3D bound to: 256'b0000000000000000000000000000000011111110110001100110000000110000000110001100110011111110000000000000000000000000000000000000000000000000000000000000000000000000000011100001100000011000000110000001100001110000000110000001100000011000000011100000000000000000 
	Parameter INIT_3E bound to: 256'b0000000000000000000000000000000000011000000110000001100000011000000110000000000000011000000110000001100000011000000000000000000000000000000000000000000000000000011100000001100000011000000110000001100000001110000110000001100000011000011100000000000000000000 
	Parameter INIT_3F bound to: 256'b0000000000000000000000000000000000000000000000000000000000000000000000000000000000000000000000001101110001110110000000000000000000000000000000000000000000000000000000001111111011000110110001101100011001101100001110000001000000000000000000000000000000000000 
INFO: [Synth 8-6155] done synthesizing module 'RAMB16_S1' (0#1) [D:/Xilinx/Vivado/2022.2/scripts/rt/data/unisim_comp.v:125548]
INFO: [Synth 8-6155] done synthesizing module 'FONT8_16' (0#1) [F:/myExp5/code/auxillary/Font816.v:2]
INFO: [Synth 8-6157] synthesizing module 'vga' [F:/myExp5/code/auxillary/vga.v:1]
INFO: [Synth 8-6155] done synthesizing module 'vga' (0#1) [F:/myExp5/code/auxillary/vga.v:1]
INFO: [Synth 8-6155] done synthesizing module 'VGA_TESTP' (0#1) [F:/myExp5/code/auxillary/VGATEST.v:21]
INFO: [Synth 8-6155] done synthesizing module 'top' (0#1) [F:/myExp5/code/auxillary/top.v:8]
WARNING: [Synth 8-7137] Register rd_ctrl_reg in module CtrlUnit has both Set and reset with same priority. This may cause simulation mismatches. Consider rewriting code  [F:/myExp5/code/core/CtrlUnit.v:160]
WARNING: [Synth 8-7137] Register write_sel_reg in module CtrlUnit has both Set and reset with same priority. This may cause simulation mismatches. Consider rewriting code  [F:/myExp5/code/core/CtrlUnit.v:161]
WARNING: [Synth 8-7137] Register to_writeback_reg in module CtrlUnit has both Set and reset with same priority. This may cause simulation mismatches. Consider rewriting code  [F:/myExp5/code/core/CtrlUnit.v:162]
WARNING: [Synth 8-4767] Trying to implement RAM ' ' in registers. Block RAM or DRAM implementation is not possible; see log for reasons.
	1: RAM has multiple writes via different ports in same process. If RAM inferencing intended, write to one port per process. 
	2: Unable to determine number of words or word size in RAM. 
	3: No valid read/write found for RAM. 
RAM dissolved into registers
WARNING: [Synth 8-4767] Trying to implement RAM 'data_reg' in registers. Block RAM or DRAM implementation is not possible; see log for reasons.
Reason is one or more of the following :
	1: RAM has multiple writes via different ports in same process. If RAM inferencing intended, write to one port per process. 
	2: Unable to determine number of words or word size in RAM. 
	3: No valid read/write found for RAM. 
RAM "data_reg" dissolved into registers
WARNING: [Synth 8-6014] Unused sequential element rs1_data_reg_reg was removed.  [F:/myExp5/code/core/FU_mem.v:25]
WARNING: [Synth 8-6014] Unused sequential element imm_reg_reg was removed.  [F:/myExp5/code/core/FU_mem.v:27]
WARNING: [Synth 8-6014] Unused sequential element JALR_reg_reg was removed.  [F:/myExp5/code/core/FU_jump.v:25]
WARNING: [Synth 8-7129] Port code[31] in module Code2Inst is either unconnected or has no load
WARNING: [Synth 8-7129] Port code[30] in module Code2Inst is either unconnected or has no load
WARNING: [Synth 8-7129] Port code[29] in module Code2Inst is either unconnected or has no load
WARNING: [Synth 8-7129] Port code[28] in module Code2Inst is either unconnected or has no load
WARNING: [Synth 8-7129] Port code[27] in module Code2Inst is either unconnected or has no load
WARNING: [Synth 8-7129] Port code[26] in module Code2Inst is either unconnected or has no load
WARNING: [Synth 8-7129] Port code[25] in module Code2Inst is either unconnected or has no load
WARNING: [Synth 8-7129] Port code[24] in module Code2Inst is either unconnected or has no load
WARNING: [Synth 8-7129] Port code[23] in module Code2Inst is either unconnected or has no load
WARNING: [Synth 8-7129] Port code[22] in module Code2Inst is either unconnected or has no load
WARNING: [Synth 8-7129] Port code[21] in module Code2Inst is either unconnected or has no load
WARNING: [Synth 8-7129] Port code[20] in module Code2Inst is either unconnected or has no load
WARNING: [Synth 8-7129] Port code[19] in module Code2Inst is either unconnected or has no load
WARNING: [Synth 8-7129] Port code[18] in module Code2Inst is either unconnected or has no load
WARNING: [Synth 8-7129] Port code[17] in module Code2Inst is either unconnected or has no load
WARNING: [Synth 8-7129] Port code[16] in module Code2Inst is either unconnected or has no load
WARNING: [Synth 8-7129] Port code[15] in module Code2Inst is either unconnected or has no load
WARNING: [Synth 8-7129] Port code[14] in module Code2Inst is either unconnected or has no load
WARNING: [Synth 8-7129] Port code[13] in module Code2Inst is either unconnected or has no load
WARNING: [Synth 8-7129] Port code[12] in module Code2Inst is either unconnected or has no load
WARNING: [Synth 8-7129] Port code[11] in module Code2Inst is either unconnected or has no load
WARNING: [Synth 8-7129] Port code[10] in module Code2Inst is either unconnected or has no load
WARNING: [Synth 8-7129] Port code[9] in module Code2Inst is either unconnected or has no load
WARNING: [Synth 8-7129] Port code[8] in module Code2Inst is either unconnected or has no load
WARNING: [Synth 8-7129] Port code[7] in module Code2Inst is either unconnected or has no load
WARNING: [Synth 8-7129] Port code[6] in module Code2Inst is either unconnected or has no load
WARNING: [Synth 8-7129] Port code[5] in module Code2Inst is either unconnected or has no load
WARNING: [Synth 8-7129] Port code[4] in module Code2Inst is either unconnected or has no load
WARNING: [Synth 8-7129] Port code[3] in module Code2Inst is either unconnected or has no load
WARNING: [Synth 8-7129] Port code[2] in module Code2Inst is either unconnected or has no load
WARNING: [Synth 8-7129] Port code[1] in module Code2Inst is either unconnected or has no load
WARNING: [Synth 8-7129] Port code[0] in module Code2Inst is either unconnected or has no load
WARNING: [Synth 8-7129] Port MEM_Addr[31] in module VGA_TESTP is either unconnected or has no load
WARNING: [Synth 8-7129] Port MEM_Addr[30] in module VGA_TESTP is either unconnected or has no load
WARNING: [Synth 8-7129] Port MEM_Addr[29] in module VGA_TESTP is either unconnected or has no load
WARNING: [Synth 8-7129] Port MEM_Addr[28] in module VGA_TESTP is either unconnected or has no load
WARNING: [Synth 8-7129] Port MEM_Addr[27] in module VGA_TESTP is either unconnected or has no load
WARNING: [Synth 8-7129] Port MEM_Addr[26] in module VGA_TESTP is either unconnected or has no load
WARNING: [Synth 8-7129] Port MEM_Addr[25] in module VGA_TESTP is either unconnected or has no load
WARNING: [Synth 8-7129] Port MEM_Addr[24] in module VGA_TESTP is either unconnected or has no load
WARNING: [Synth 8-7129] Port MEM_Addr[23] in module VGA_TESTP is either unconnected or has no load
WARNING: [Synth 8-7129] Port MEM_Addr[22] in module VGA_TESTP is either unconnected or has no load
WARNING: [Synth 8-7129] Port MEM_Addr[21] in module VGA_TESTP is either unconnected or has no load
WARNING: [Synth 8-7129] Port MEM_Addr[20] in module VGA_TESTP is either unconnected or has no load
WARNING: [Synth 8-7129] Port MEM_Addr[19] in module VGA_TESTP is either unconnected or has no load
WARNING: [Synth 8-7129] Port MEM_Addr[18] in module VGA_TESTP is either unconnected or has no load
WARNING: [Synth 8-7129] Port MEM_Addr[17] in module VGA_TESTP is either unconnected or has no load
WARNING: [Synth 8-7129] Port MEM_Addr[16] in module VGA_TESTP is either unconnected or has no load
WARNING: [Synth 8-7129] Port MEM_Addr[15] in module VGA_TESTP is either unconnected or has no load
WARNING: [Synth 8-7129] Port MEM_Addr[14] in module VGA_TESTP is either unconnected or has no load
WARNING: [Synth 8-7129] Port MEM_Addr[13] in module VGA_TESTP is either unconnected or has no load
WARNING: [Synth 8-7129] Port MEM_Addr[12] in module VGA_TESTP is either unconnected or has no load
WARNING: [Synth 8-7129] Port MEM_Addr[11] in module VGA_TESTP is either unconnected or has no load
WARNING: [Synth 8-7129] Port MEM_Addr[10] in module VGA_TESTP is either unconnected or has no load
WARNING: [Synth 8-7129] Port MEM_Addr[9] in module VGA_TESTP is either unconnected or has no load
WARNING: [Synth 8-7129] Port MEM_Addr[1] in module VGA_TESTP is either unconnected or has no load
WARNING: [Synth 8-7129] Port MEM_Addr[0] in module VGA_TESTP is either unconnected or has no load
WARNING: [Synth 8-7129] Port inst_field[6] in module ImmGen is either unconnected or has no load
WARNING: [Synth 8-7129] Port inst_field[5] in module ImmGen is either unconnected or has no load
WARNING: [Synth 8-7129] Port inst_field[4] in module ImmGen is either unconnected or has no load
WARNING: [Synth 8-7129] Port inst_field[3] in module ImmGen is either unconnected or has no load
WARNING: [Synth 8-7129] Port inst_field[2] in module ImmGen is either unconnected or has no load
WARNING: [Synth 8-7129] Port inst_field[1] in module ImmGen is either unconnected or has no load
WARNING: [Synth 8-7129] Port inst_field[0] in module ImmGen is either unconnected or has no load
WARNING: [Synth 8-7129] Port inst[24] in module CtrlUnit is either unconnected or has no load
WARNING: [Synth 8-7129] Port inst[23] in module CtrlUnit is either unconnected or has no load
WARNING: [Synth 8-7129] Port inst[22] in module CtrlUnit is either unconnected or has no load
WARNING: [Synth 8-7129] Port inst[21] in module CtrlUnit is either unconnected or has no load
WARNING: [Synth 8-7129] Port inst[20] in module CtrlUnit is either unconnected or has no load
WARNING: [Synth 8-7129] Port inst[19] in module CtrlUnit is either unconnected or has no load
WARNING: [Synth 8-7129] Port inst[18] in module CtrlUnit is either unconnected or has no load
WARNING: [Synth 8-7129] Port inst[17] in module CtrlUnit is either unconnected or has no load
WARNING: [Synth 8-7129] Port inst[16] in module CtrlUnit is either unconnected or has no load
WARNING: [Synth 8-7129] Port inst[15] in module CtrlUnit is either unconnected or has no load
WARNING: [Synth 8-7129] Port debug_addr[6] in module RV32core is either unconnected or has no load
WARNING: [Synth 8-7129] Port interrupter in module RV32core is either unconnected or has no load
WARNING: [Synth 8-7129] Port SW[11] in module top is either unconnected or has no load
WARNING: [Synth 8-7129] Port SW[10] in module top is either unconnected or has no load
WARNING: [Synth 8-7129] Port SW[9] in module top is either unconnected or has no load
WARNING: [Synth 8-7129] Port SW[8] in module top is either unconnected or has no load
---------------------------------------------------------------------------------
Finished RTL Elaboration : Time (s): cpu = 00:00:08 ; elapsed = 00:00:24 . Memory (MB): peak = 1394.078 ; gain = 532.637
---------------------------------------------------------------------------------
---------------------------------------------------------------------------------
Start Handling Custom Attributes
---------------------------------------------------------------------------------
---------------------------------------------------------------------------------
Finished Handling Custom Attributes : Time (s): cpu = 00:00:09 ; elapsed = 00:00:25 . Memory (MB): peak = 1394.078 ; gain = 532.637
---------------------------------------------------------------------------------
---------------------------------------------------------------------------------
Finished RTL Optimization Phase 1 : Time (s): cpu = 00:00:09 ; elapsed = 00:00:25 . Memory (MB): peak = 1394.078 ; gain = 532.637
---------------------------------------------------------------------------------
Netlist sorting complete. Time (s): cpu = 00:00:00 ; elapsed = 00:00:00.372 . Memory (MB): peak = 1399.980 ; gain = 0.000
INFO: [Netlist 29-17] Analyzing 3 Unisim elements for replacement
INFO: [Netlist 29-28] Unisim Transformation completed in 0 CPU seconds
INFO: [Project 1-570] Preparing netlist for logic optimization

Processing XDC Constraints
Initializing timing engine
Parsing XDC File [f:/myExp5/Exp5.gen/sources_1/ip/multiplier/multiplier/multiplier_in_context.xdc] for cell 'core/mu/mul'
Finished Parsing XDC File [f:/myExp5/Exp5.gen/sources_1/ip/multiplier/multiplier/multiplier_in_context.xdc] for cell 'core/mu/mul'
Parsing XDC File [f:/myExp5/Exp5.gen/sources_1/ip/divider/divider/divider_in_context.xdc] for cell 'core/du/div'
Finished Parsing XDC File [f:/myExp5/Exp5.gen/sources_1/ip/divider/divider/divider_in_context.xdc] for cell 'core/du/div'
Parsing XDC File [F:/myExp5/code/constraint.xdc]
Finished Parsing XDC File [F:/myExp5/code/constraint.xdc]
INFO: [Project 1-236] Implementation specific constraints were found while reading constraint file [F:/myExp5/code/constraint.xdc]. These constraints will be ignored for synthesis but will be used in implementation. Impacted constraints are listed in the file [.Xil/top_propImpl.xdc].
Resolution: To avoid this warning, move constraints listed in [.Xil/top_propImpl.xdc] to another XDC file and exclude this new file from synthesis with the used_in_synthesis property (File Properties dialog in GUI) and re-run elaboration/synthesis.
INFO: [Timing 38-2] Deriving generated clocks
Completed Processing XDC Constraints

Netlist sorting complete. Time (s): cpu = 00:00:00 ; elapsed = 00:00:00.003 . Memory (MB): peak = 1509.754 ; gain = 0.000
INFO: [Project 1-111] Unisim Transformation Summary:
  A total of 2 instances were transformed.
  IBUFGDS => IBUFDS: 1 instance 
  RAMB16_S1 => RAMB18E1: 1 instance 

Constraint Validation Runtime : Time (s): cpu = 00:00:00 ; elapsed = 00:00:00.106 . Memory (MB): peak = 1509.754 ; gain = 0.000
WARNING: [Timing 38-316] Clock period '1000.000' specified during out-of-context synthesis of instance 'core/du/div' at clock pin 'aclk' is different from the actual clock period '100.000', this can lead to different synthesis results.
INFO: [Designutils 20-5440] No compile time benefit to using incremental synthesis; A full resynthesis will be run
INFO: [Designutils 20-4379] Flow is switching to default flow due to incremental criteria not met. If you would like to alter this behaviour and have the flow terminate instead, please set the following parameter config_implementation {autoIncr.Synth.RejectBehavior Terminate}
INFO: [Synth 8-11241] undeclared symbol 'REGCCE', assumed default net type 'wire' [D:/Xilinx/Vivado/2022.2/data/verilog/src/unimacro/BRAM_SINGLE_MACRO.v:2170]
---------------------------------------------------------------------------------
Finished Constraint Validation : Time (s): cpu = 00:00:26 ; elapsed = 00:01:00 . Memory (MB): peak = 1509.754 ; gain = 648.312
---------------------------------------------------------------------------------
---------------------------------------------------------------------------------
Start Loading Part and Timing Information
---------------------------------------------------------------------------------
Loading part: xc7k325tffg676-2L
---------------------------------------------------------------------------------
Finished Loading Part and Timing Information : Time (s): cpu = 00:00:26 ; elapsed = 00:01:00 . Memory (MB): peak = 1509.754 ; gain = 648.312
---------------------------------------------------------------------------------
---------------------------------------------------------------------------------
Start Applying 'set_property' XDC Constraints
---------------------------------------------------------------------------------
Applied set_property KEEP_HIERARCHY = SOFT for core/mu/mul. (constraint file  auto generated constraint).
Applied set_property KEEP_HIERARCHY = SOFT for core/du/div. (constraint file  auto generated constraint).
---------------------------------------------------------------------------------
Finished applying 'set_property' XDC Constraints : Time (s): cpu = 00:00:26 ; elapsed = 00:01:00 . Memory (MB): peak = 1509.754 ; gain = 648.312
---------------------------------------------------------------------------------
INFO: [Synth 8-802] inferred FSM for state register 'btn_x_reg' in module 'btn_scan'
INFO: [Synth 8-802] inferred FSM for state register 'state_reg' in module 'parallel2serial'
INFO: [Synth 8-802] inferred FSM for state register 'state_reg' in module 'parallel2serial__parameterized0'
---------------------------------------------------------------------------------------------------
                   State |                     New Encoding |                Previous Encoding 
---------------------------------------------------------------------------------------------------
                 iSTATE4 |                           000001 |                            00000
*
                  iSTATE |                           000010 |                            11110
                 iSTATE0 |                           000100 |                            11101
                 iSTATE1 |                           001000 |                            11011
                 iSTATE2 |                           010000 |                            10111
                 iSTATE3 |                           100000 |                            01111
---------------------------------------------------------------------------------------------------
INFO: [Synth 8-3354] encoded FSM with state register 'btn_x_reg' using encoding 'one-hot' in module 'btn_scan'
---------------------------------------------------------------------------------------------------
                   State |                     New Encoding |                Previous Encoding 
---------------------------------------------------------------------------------------------------
                  S_IDLE |                             0001 |                              000
                 S_CLEAR |                             0010 |                              001
                  S_WORK |                             0100 |                              010
                  S_DONE |                             1000 |                              011
---------------------------------------------------------------------------------------------------
INFO: [Synth 8-3354] encoded FSM with state register 'state_reg' using encoding 'one-hot' in module 'parallel2serial'
---------------------------------------------------------------------------------------------------
                   State |                     New Encoding |                Previous Encoding 
---------------------------------------------------------------------------------------------------
                  S_IDLE |                               00 |                              000
                 S_CLEAR |                               01 |                              001
                  S_WORK |                               10 |                              010
                  S_DONE |                               11 |                              011
---------------------------------------------------------------------------------------------------
INFO: [Synth 8-3354] encoded FSM with state register 'state_reg' using encoding 'sequential' in module 'parallel2serial__parameterized0'
---------------------------------------------------------------------------------
Finished RTL Optimization Phase 2 : Time (s): cpu = 00:00:31 ; elapsed = 00:01:15 . Memory (MB): peak = 1509.754 ; gain = 648.312
---------------------------------------------------------------------------------
---------------------------------------------------------------------------------
Start RTL Component Statistics 
---------------------------------------------------------------------------------
Detailed RTL Component Info : 
+---Adders : 
	   3 Input   33 Bit       Adders := 1     
	   2 Input   32 Bit       Adders := 15    
	   3 Input   32 Bit       Adders := 1     
	   2 Input   10 Bit       Adders := 4     
	   2 Input    7 Bit       Adders := 4     
	   2 Input    6 Bit       Adders := 1     
	   2 Input    5 Bit       Adders := 1     
	   2 Input    4 Bit       Adders := 1     
	   2 Input    1 Bit       Adders := 4     
+---XORs : 
	   2 Input     32 Bit         XORs := 1     
	   2 Input      1 Bit         XORs := 2     
+---Registers : 
	               65 Bit    Registers := 1     
	               57 Bit    Registers := 1     
	               32 Bit    Registers := 56    
	               20 Bit    Registers := 1     
	               17 Bit    Registers := 1     
	               16 Bit    Registers := 1     
	               10 Bit    Registers := 2     
	                8 Bit    Registers := 129   
	                7 Bit    Registers := 1     
	                6 Bit    Registers := 1     
	                5 Bit    Registers := 1     
	                4 Bit    Registers := 5     
	                3 Bit    Registers := 3     
	                2 Bit    Registers := 1     
	                1 Bit    Registers := 25    
+---RAMs : 
	              128 Bit	(4 X 32 bit)          RAMs := 1     
+---Muxes : 
	   2 Input 1024 Bit        Muxes := 2     
	   4 Input   65 Bit        Muxes := 1     
	   4 Input   57 Bit        Muxes := 1     
	   2 Input   39 Bit        Muxes := 1     
	   2 Input   32 Bit        Muxes := 10    
	  29 Input   32 Bit        Muxes := 1     
	   2 Input   24 Bit        Muxes := 1     
	   2 Input   20 Bit        Muxes := 1     
	   4 Input   17 Bit        Muxes := 1     
	   2 Input   16 Bit        Muxes := 1     
	   2 Input   12 Bit        Muxes := 2     
	   5 Input   12 Bit        Muxes := 1     
	   2 Input   10 Bit        Muxes := 1     
	   2 Input    8 Bit        Muxes := 211   
	   3 Input    8 Bit        Muxes := 52    
	   2 Input    7 Bit        Muxes := 12    
	  16 Input    7 Bit        Muxes := 8     
	   6 Input    6 Bit        Muxes := 1     
	   4 Input    6 Bit        Muxes := 1     
	   6 Input    5 Bit        Muxes := 1     
	   4 Input    4 Bit        Muxes := 2     
	   2 Input    4 Bit        Muxes := 4     
	  16 Input    4 Bit        Muxes := 8     
	   3 Input    2 Bit        Muxes := 6     
	   2 Input    2 Bit        Muxes := 7     
	   4 Input    2 Bit        Muxes := 3     
	   2 Input    1 Bit        Muxes := 46    
	   4 Input    1 Bit        Muxes := 10    
	   5 Input    1 Bit        Muxes := 2     
	   6 Input    1 Bit        Muxes := 5     
---------------------------------------------------------------------------------
Finished RTL Component Statistics 
---------------------------------------------------------------------------------
---------------------------------------------------------------------------------
Start Part Resource Summary
---------------------------------------------------------------------------------
Part Resources:
DSPs: 840 (col length:140)
BRAMs: 890 (col length: RAMB18 140 RAMB36 70)
---------------------------------------------------------------------------------
Finished Part Resource Summary
---------------------------------------------------------------------------------
---------------------------------------------------------------------------------
Start Cross Boundary and Area Optimization
---------------------------------------------------------------------------------
WARNING: [Synth 8-7080] Parallel synthesis criteria is not met
WARNING: [Synth 8-7129] Port SW[12] in module top is either unconnected or has no load
WARNING: [Synth 8-7129] Port SW[11] in module top is either unconnected or has no load
WARNING: [Synth 8-7129] Port SW[10] in module top is either unconnected or has no load
WARNING: [Synth 8-7129] Port SW[9] in module top is either unconnected or has no load
WARNING: [Synth 8-7129] Port SW[8] in module top is either unconnected or has no load
---------------------------------------------------------------------------------
Finished Cross Boundary and Area Optimization : Time (s): cpu = 00:01:23 ; elapsed = 00:02:55 . Memory (MB): peak = 1672.297 ; gain = 810.855
---------------------------------------------------------------------------------
---------------------------------------------------------------------------------
Start ROM, RAM, DSP, Shift Register and Retiming Reporting
---------------------------------------------------------------------------------

ROM: Preliminary Mapping Report
+------------+------------+---------------+----------------+
|Module Name | RTL Object | Depth x Width | Implemented As | 
+------------+------------+---------------+----------------+
|VGA_TESTP   | strdata    | 32x48         | LUT            | 
|VGA_TESTP   | strdata    | 32x48         | LUT            | 
+------------+------------+---------------+----------------+


Distributed RAM: Preliminary Mapping Report (see note below)
+------------+--------------+-----------+----------------------+-------------+
|Module Name | RTL Object   | Inference | Size (Depth x Width) | Primitives  | 
+------------+--------------+-----------+----------------------+-------------+
|i_0/vga     | data_buf_reg | Implied   | 4 x 32               | RAM32M x 6  | 
+------------+--------------+-----------+----------------------+-------------+

Note: The table above is a preliminary report that shows the Distributed RAMs at the current stage of the synthesis flow. Some Distributed RAMs may be reimplemented as non Distributed RAM primitives later in the synthesis flow. Multiple instantiated RAMs are reported only once.
---------------------------------------------------------------------------------
Finished ROM, RAM, DSP, Shift Register and Retiming Reporting
---------------------------------------------------------------------------------
---------------------------------------------------------------------------------
Start Applying XDC Timing Constraints
---------------------------------------------------------------------------------
---------------------------------------------------------------------------------
Finished Applying XDC Timing Constraints : Time (s): cpu = 00:01:34 ; elapsed = 00:03:16 . Memory (MB): peak = 1672.297 ; gain = 810.855
---------------------------------------------------------------------------------
---------------------------------------------------------------------------------
Start Timing Optimization
---------------------------------------------------------------------------------
---------------------------------------------------------------------------------
Finished Timing Optimization : Time (s): cpu = 00:01:38 ; elapsed = 00:03:27 . Memory (MB): peak = 1672.297 ; gain = 810.855
---------------------------------------------------------------------------------
---------------------------------------------------------------------------------
Start ROM, RAM, DSP, Shift Register and Retiming Reporting
---------------------------------------------------------------------------------

Distributed RAM: Final Mapping Report
+------------+--------------+-----------+----------------------+-------------+
|Module Name | RTL Object   | Inference | Size (Depth x Width) | Primitives  | 
+------------+--------------+-----------+----------------------+-------------+
|i_0/vga     | data_buf_reg | Implied   | 4 x 32               | RAM32M x 6  | 
+------------+--------------+-----------+----------------------+-------------+

---------------------------------------------------------------------------------
Finished ROM, RAM, DSP, Shift Register and Retiming Reporting
---------------------------------------------------------------------------------
---------------------------------------------------------------------------------
Start Technology Mapping
---------------------------------------------------------------------------------
---------------------------------------------------------------------------------
Finished Technology Mapping : Time (s): cpu = 00:01:47 ; elapsed = 00:03:43 . Memory (MB): peak = 1672.297 ; gain = 810.855
---------------------------------------------------------------------------------
---------------------------------------------------------------------------------
Start IO Insertion
---------------------------------------------------------------------------------
---------------------------------------------------------------------------------
Start Flattening Before IO Insertion
---------------------------------------------------------------------------------
---------------------------------------------------------------------------------
Finished Flattening Before IO Insertion
---------------------------------------------------------------------------------
---------------------------------------------------------------------------------
Start Final Netlist Cleanup
---------------------------------------------------------------------------------
---------------------------------------------------------------------------------
Finished Final Netlist Cleanup
---------------------------------------------------------------------------------
---------------------------------------------------------------------------------
Finished IO Insertion : Time (s): cpu = 00:01:57 ; elapsed = 00:04:03 . Memory (MB): peak = 1672.297 ; gain = 810.855
---------------------------------------------------------------------------------
---------------------------------------------------------------------------------
Start Renaming Generated Instances
---------------------------------------------------------------------------------
---------------------------------------------------------------------------------
Finished Renaming Generated Instances : Time (s): cpu = 00:01:57 ; elapsed = 00:04:03 . Memory (MB): peak = 1672.297 ; gain = 810.855
---------------------------------------------------------------------------------
---------------------------------------------------------------------------------
Start Rebuilding User Hierarchy
---------------------------------------------------------------------------------
---------------------------------------------------------------------------------
Finished Rebuilding User Hierarchy : Time (s): cpu = 00:01:57 ; elapsed = 00:04:04 . Memory (MB): peak = 1672.297 ; gain = 810.855
---------------------------------------------------------------------------------
---------------------------------------------------------------------------------
Start Renaming Generated Ports
---------------------------------------------------------------------------------
---------------------------------------------------------------------------------
Finished Renaming Generated Ports : Time (s): cpu = 00:01:57 ; elapsed = 00:04:04 . Memory (MB): peak = 1672.297 ; gain = 810.855
---------------------------------------------------------------------------------
---------------------------------------------------------------------------------
Start Handling Custom Attributes
---------------------------------------------------------------------------------
---------------------------------------------------------------------------------
Finished Handling Custom Attributes : Time (s): cpu = 00:01:57 ; elapsed = 00:04:05 . Memory (MB): peak = 1672.297 ; gain = 810.855
---------------------------------------------------------------------------------
---------------------------------------------------------------------------------
Start Renaming Generated Nets
---------------------------------------------------------------------------------
---------------------------------------------------------------------------------
Finished Renaming Generated Nets : Time (s): cpu = 00:01:57 ; elapsed = 00:04:05 . Memory (MB): peak = 1672.297 ; gain = 810.855
---------------------------------------------------------------------------------
---------------------------------------------------------------------------------
Start ROM, RAM, DSP, Shift Register and Retiming Reporting
---------------------------------------------------------------------------------

Static Shift Register Report:
+------------+------------------------------+--------+-------+--------------+--------------------+-------------------+--------+---------+
|Module Name | RTL Name                     | Length | Width | Reset Signal | Pull out first Reg | Pull out last Reg | SRL16E | SRLC32E | 
+------------+------------------------------+--------+-------+--------------+--------------------+-------------------+--------+---------+
|top         | DISPLAY/P2S_SEG/buff_reg[61] | 6      | 7     | YES          | NO                 | YES               | 7      | 0       | 
+------------+------------------------------+--------+-------+--------------+--------------------+-------------------+--------+---------+

---------------------------------------------------------------------------------
Finished ROM, RAM, DSP, Shift Register and Retiming Reporting
---------------------------------------------------------------------------------
---------------------------------------------------------------------------------
Start Writing Synthesis Report
---------------------------------------------------------------------------------

Report BlackBoxes: 
+------+--------------+----------+
|      |BlackBox name |Instances |
+------+--------------+----------+
|1     |divider       |         1|
|2     |multiplier    |         1|
+------+--------------+----------+

Report Cell Usage: 
+------+-----------+------+
|      |Cell       |Count |
+------+-----------+------+
|1     |divider    |     1|
|2     |multiplier |     1|
|3     |BUFG       |     6|
|4     |CARRY4     |    90|
|5     |LUT1       |    15|
|6     |LUT2       |   298|
|7     |LUT3       |   652|
|8     |LUT4       |   370|
|9     |LUT5       |   646|
|10    |LUT6       |  4959|
|11    |MMCME2_ADV |     1|
|12    |MUXF7      |   854|
|13    |MUXF8      |   175|
|14    |RAM32M     |     5|
|15    |RAM32X1D   |     2|
|16    |RAMB16_S1  |     1|
|17    |SRL16E     |     7|
|18    |FDCE       |  1250|
|19    |FDPE       |     1|
|20    |FDRE       |  1679|
|21    |FDSE       |    41|
|22    |IBUF       |    14|
|23    |IBUFGDS    |     1|
|24    |OBUF       |    25|
+------+-----------+------+
---------------------------------------------------------------------------------
Finished Writing Synthesis Report : Time (s): cpu = 00:01:57 ; elapsed = 00:04:05 . Memory (MB): peak = 1672.297 ; gain = 810.855
---------------------------------------------------------------------------------
Synthesis finished with 0 errors, 0 critical warnings and 6 warnings.
Synthesis Optimization Runtime : Time (s): cpu = 00:01:43 ; elapsed = 00:03:52 . Memory (MB): peak = 1672.297 ; gain = 695.180
Synthesis Optimization Complete : Time (s): cpu = 00:01:58 ; elapsed = 00:04:05 . Memory (MB): peak = 1672.297 ; gain = 810.855
INFO: [Project 1-571] Translating synthesized netlist
Netlist sorting complete. Time (s): cpu = 00:00:00 ; elapsed = 00:00:00.160 . Memory (MB): peak = 1672.297 ; gain = 0.000
INFO: [Netlist 29-17] Analyzing 1129 Unisim elements for replacement
INFO: [Netlist 29-28] Unisim Transformation completed in 0 CPU seconds
INFO: [Project 1-570] Preparing netlist for logic optimization
INFO: [Opt 31-138] Pushed 0 inverter(s) to 0 load pin(s).
Netlist sorting complete. Time (s): cpu = 00:00:00 ; elapsed = 00:00:00.003 . Memory (MB): peak = 1672.297 ; gain = 0.000
INFO: [Project 1-111] Unisim Transformation Summary:
  A total of 9 instances were transformed.
  IBUFGDS => IBUFDS: 1 instance 
  RAM32M => RAM32M (RAMD32(x6), RAMS32(x2)): 5 instances
  RAM32X1D => RAM32X1D (RAMD32(x2)): 2 instances
  RAMB16_S1 => RAMB18E1: 1 instance 

Synth Design complete, checksum: e7c0fe7c
INFO: [Common 17-83] Releasing license: Synthesis
117 Infos, 97 Warnings, 0 Critical Warnings and 0 Errors encountered.
synth_design completed successfully
synth_design: Time (s): cpu = 00:01:59 ; elapsed = 00:04:15 . Memory (MB): peak = 1672.297 ; gain = 1249.562
INFO: [Common 17-1381] The checkpoint 'F:/myExp5/Exp5.runs/synth_1/top.dcp' has been generated.
INFO: [runtcl-4] Executing : report_utilization -file top_utilization_synth.rpt -pb top_utilization_synth.pb
INFO: [Common 17-206] Exiting Vivado at Mon Mar  6 15:51:07 2023...
