#-----------------------------------------------------------
# Vivado v2020.1 (64-bit)
# SW Build 2902540 on Wed May 27 19:54:49 MDT 2020
# IP Build 2902112 on Wed May 27 22:43:36 MDT 2020
# Start of session at: Tue Oct 12 14:09:04 2021
# Process ID: 9772
# Current directory: D:/Arch_Work/exp2/Exp2
# Command line: vivado.exe -gui_launcher_event rodinguilauncherevent10352 D:\Arch_Work\exp2\Exp2\Exp2.xpr
# Log file: D:/Arch_Work/exp2/Exp2/vivado.log
# Journal file: D:/Arch_Work/exp2/Exp2\vivado.jou
#-----------------------------------------------------------
start_gui
open_project D:/Arch_Work/exp2/Exp2/Exp2.xpr
Scanning sources...
Finished scanning sources
INFO: [IP_Flow 19-234] Refreshing IP repositories
INFO: [IP_Flow 19-1704] No user IP repositories specified
INFO: [IP_Flow 19-2313] Loaded Vivado IP repository 'D:/Vivado/2020.1/data/ip'.
open_project: Time (s): cpu = 00:00:19 ; elapsed = 00:00:07 . Memory (MB): peak = 1036.543 ; gain = 0.000
launch_simulation
Command: launch_simulation 
INFO: [Vivado 12-5682] Launching behavioral simulation in 'D:/Arch_Work/exp2/Exp2/Exp2.sim/sim_1/behav/xsim'
INFO: [SIM-utils-51] Simulation object is 'sim_1'
INFO: [SIM-utils-54] Inspecting design source files for 'core_sim' in fileset 'sim_1'...
INFO: [USF-XSim-97] Finding global include files...
INFO: [USF-XSim-98] Fetching design files from 'sim_1'...
INFO: [USF-XSim-2] XSim::Compile design
INFO: [USF-XSim-61] Executing 'COMPILE and ANALYZE' step in 'D:/Arch_Work/exp2/Exp2/Exp2.sim/sim_1/behav/xsim'
"xvlog --incr --relax -prj core_sim_vlog.prj"
INFO: [VRFC 10-2263] Analyzing Verilog file "D:/Arch_Work/exp2/Exp2/code/core/ALU.v" into library xil_defaultlib
INFO: [VRFC 10-311] analyzing module ALU
INFO: [VRFC 10-2263] Analyzing Verilog file "D:/Arch_Work/exp2/Exp2/code/auxillary/CPUTEST.v" into library xil_defaultlib
INFO: [VRFC 10-311] analyzing module CPUTEST
INFO: [VRFC 10-2263] Analyzing Verilog file "D:/Arch_Work/exp2/Exp2/code/core/CSRRegs.v" into library xil_defaultlib
INFO: [VRFC 10-311] analyzing module CSRRegs
INFO: [VRFC 10-2263] Analyzing Verilog file "D:/Arch_Work/exp2/Exp2/code/core/CtrlUnit.v" into library xil_defaultlib
INFO: [VRFC 10-311] analyzing module CtrlUnit
INFO: [VRFC 10-2263] Analyzing Verilog file "D:/Arch_Work/exp2/Exp2/code/core/ExceptionUnit.v" into library xil_defaultlib
INFO: [VRFC 10-311] analyzing module ExceptionUnit
WARNING: [VRFC 10-526] concatenation with unsized literal; will interpret as 32 bits [D:/Arch_Work/exp2/Exp2/code/core/ExceptionUnit.v:109]
WARNING: [VRFC 10-526] concatenation with unsized literal; will interpret as 32 bits [D:/Arch_Work/exp2/Exp2/code/core/ExceptionUnit.v:120]
WARNING: [VRFC 10-526] concatenation with unsized literal; will interpret as 32 bits [D:/Arch_Work/exp2/Exp2/code/core/ExceptionUnit.v:127]
WARNING: [VRFC 10-526] concatenation with unsized literal; will interpret as 32 bits [D:/Arch_Work/exp2/Exp2/code/core/ExceptionUnit.v:128]
INFO: [VRFC 10-2263] Analyzing Verilog file "D:/Arch_Work/exp2/Exp2/code/core/HazardDetectionUnit.v" into library xil_defaultlib
INFO: [VRFC 10-311] analyzing module HazardDetectionUnit
INFO: [VRFC 10-2263] Analyzing Verilog file "D:/Arch_Work/exp2/Exp2/code/core/ImmGen.v" into library xil_defaultlib
INFO: [VRFC 10-311] analyzing module ImmGen
INFO: [VRFC 10-2263] Analyzing Verilog file "D:/Arch_Work/exp2/Exp2/code/common/MUX2T1_32.v" into library xil_defaultlib
INFO: [VRFC 10-311] analyzing module MUX2T1_32
INFO: [VRFC 10-2263] Analyzing Verilog file "D:/Arch_Work/exp2/Exp2/code/common/MUX4T1_32.v" into library xil_defaultlib
INFO: [VRFC 10-311] analyzing module MUX4T1_32
INFO: [VRFC 10-2263] Analyzing Verilog file "D:/Arch_Work/exp2/Exp2/code/core/RAM_B.v" into library xil_defaultlib
INFO: [VRFC 10-311] analyzing module RAM_B
INFO: [VRFC 10-2263] Analyzing Verilog file "D:/Arch_Work/exp2/Exp2/code/common/REG32.v" into library xil_defaultlib
INFO: [VRFC 10-311] analyzing module REG32
INFO: [VRFC 10-2263] Analyzing Verilog file "D:/Arch_Work/exp2/Exp2/code/core/REG_EX_MEM.v" into library xil_defaultlib
INFO: [VRFC 10-311] analyzing module REG_EX_MEM
INFO: [VRFC 10-2263] Analyzing Verilog file "D:/Arch_Work/exp2/Exp2/code/core/REG_ID_EX.v" into library xil_defaultlib
INFO: [VRFC 10-311] analyzing module REG_ID_EX
INFO: [VRFC 10-2263] Analyzing Verilog file "D:/Arch_Work/exp2/Exp2/code/core/REG_IF_ID.v" into library xil_defaultlib
INFO: [VRFC 10-311] analyzing module REG_IF_ID
INFO: [VRFC 10-2263] Analyzing Verilog file "D:/Arch_Work/exp2/Exp2/code/core/REG_MEM_WB.v" into library xil_defaultlib
INFO: [VRFC 10-311] analyzing module REG_MEM_WB
INFO: [VRFC 10-2263] Analyzing Verilog file "D:/Arch_Work/exp2/Exp2/code/core/ROM_D.v" into library xil_defaultlib
INFO: [VRFC 10-311] analyzing module ROM_D
INFO: [VRFC 10-2263] Analyzing Verilog file "D:/Arch_Work/exp2/Exp2/code/core/RV32core.v" into library xil_defaultlib
INFO: [VRFC 10-311] analyzing module RV32core
INFO: [VRFC 10-2458] undeclared symbol Addr, assumed default net type wire [D:/Arch_Work/exp2/Exp2/code/core/RV32core.v:229]
INFO: [VRFC 10-2458] undeclared symbol MWR, assumed default net type wire [D:/Arch_Work/exp2/Exp2/code/core/RV32core.v:230]
INFO: [VRFC 10-2263] Analyzing Verilog file "D:/Arch_Work/exp2/Exp2/code/core/Regs.v" into library xil_defaultlib
INFO: [VRFC 10-311] analyzing module Regs
INFO: [VRFC 10-2263] Analyzing Verilog file "D:/Arch_Work/exp2/Exp2/code/common/add_32.v" into library xil_defaultlib
INFO: [VRFC 10-311] analyzing module add_32
INFO: [VRFC 10-2263] Analyzing Verilog file "D:/Arch_Work/exp2/Exp2/code/common/cmp_32.v" into library xil_defaultlib
INFO: [VRFC 10-311] analyzing module cmp_32
INFO: [VRFC 10-2263] Analyzing Verilog file "D:/Arch_Work/exp2/Exp2/code/auxillary/debug_clk.v" into library xil_defaultlib
INFO: [VRFC 10-311] analyzing module debug_clk
INFO: [VRFC 10-2263] Analyzing Verilog file "D:/Arch_Work/exp2/Exp2/code/sim/core_sim.v" into library xil_defaultlib
INFO: [VRFC 10-311] analyzing module core_sim
INFO: [USF-XSim-69] 'compile' step finished in '3' seconds
INFO: [USF-XSim-3] XSim::Elaborate design
INFO: [USF-XSim-61] Executing 'ELABORATE' step in 'D:/Arch_Work/exp2/Exp2/Exp2.sim/sim_1/behav/xsim'
"xelab -wto bd08de18f65a4fff898ed77aa59a84cb --incr --debug typical --relax --mt 2 -L xil_defaultlib -L unisims_ver -L unimacro_ver -L secureip --snapshot core_sim_behav xil_defaultlib.core_sim xil_defaultlib.glbl -log elaborate.log"
Vivado Simulator 2020.1
Copyright 1986-1999, 2001-2020 Xilinx, Inc. All Rights Reserved.
Running: D:/Vivado/2020.1/bin/unwrapped/win64.o/xelab.exe -wto bd08de18f65a4fff898ed77aa59a84cb --incr --debug typical --relax --mt 2 -L xil_defaultlib -L unisims_ver -L unimacro_ver -L secureip --snapshot core_sim_behav xil_defaultlib.core_sim xil_defaultlib.glbl -log elaborate.log 
Using 2 slave threads.
Starting static elaboration
Pass Through NonSizing Optimizer
WARNING: [VRFC 10-3091] actual bit length 1 differs from formal bit length 2 for port 'PCSource' [D:/Arch_Work/exp2/Exp2/code/core/RV32core.v:216]
WARNING: [VRFC 10-3091] actual bit length 1 differs from formal bit length 32 for port 'Addr' [D:/Arch_Work/exp2/Exp2/code/core/RV32core.v:229]
WARNING: [VRFC 10-3091] actual bit length 1 differs from formal bit length 2 for port 'DatatoReg' [D:/Arch_Work/exp2/Exp2/code/core/RV32core.v:233]
WARNING: [VRFC 10-526] concatenation with unsized literal; will interpret as 32 bits [D:/Arch_Work/exp2/Exp2/code/core/ExceptionUnit.v:109]
WARNING: [VRFC 10-526] concatenation with unsized literal; will interpret as 32 bits [D:/Arch_Work/exp2/Exp2/code/core/ExceptionUnit.v:120]
WARNING: [VRFC 10-526] concatenation with unsized literal; will interpret as 32 bits [D:/Arch_Work/exp2/Exp2/code/core/ExceptionUnit.v:127]
WARNING: [VRFC 10-526] concatenation with unsized literal; will interpret as 32 bits [D:/Arch_Work/exp2/Exp2/code/core/ExceptionUnit.v:128]
Completed static elaboration
Starting simulation data flow analysis
Completed simulation data flow analysis
Time Resolution for simulation is 1ps
Compiling module xil_defaultlib.debug_clk
Compiling module xil_defaultlib.REG32
Compiling module xil_defaultlib.add_32
Compiling module xil_defaultlib.MUX2T1_32
Compiling module xil_defaultlib.ROM_D
Compiling module xil_defaultlib.REG_IF_ID
Compiling module xil_defaultlib.CtrlUnit
Compiling module xil_defaultlib.Regs
Compiling module xil_defaultlib.ImmGen
Compiling module xil_defaultlib.MUX4T1_32
Compiling module xil_defaultlib.cmp_32
Compiling module xil_defaultlib.HazardDetectionUnit
Compiling module xil_defaultlib.REG_ID_EX
Compiling module xil_defaultlib.ALU
Compiling module xil_defaultlib.REG_EX_MEM
Compiling module xil_defaultlib.RAM_B
Compiling module xil_defaultlib.CSRRegs
Compiling module xil_defaultlib.ExceptionUnit
Compiling module xil_defaultlib.REG_MEM_WB
Compiling module xil_defaultlib.CPUTEST
Compiling module xil_defaultlib.RV32core
Compiling module xil_defaultlib.core_sim
Compiling module xil_defaultlib.glbl
Built simulation snapshot core_sim_behav
INFO: [USF-XSim-69] 'elaborate' step finished in '5' seconds
INFO: [USF-XSim-4] XSim::Simulate design
INFO: [USF-XSim-61] Executing 'SIMULATE' step in 'D:/Arch_Work/exp2/Exp2/Exp2.sim/sim_1/behav/xsim'
INFO: [USF-XSim-98] *** Running xsim
   with args "core_sim_behav -key {Behavioral:sim_1:Functional:core_sim} -tclbatch {core_sim.tcl} -view {D:/Arch_Work/exp2/Exp2/code/sim/core_sim_behav.wcfg} -log {simulate.log}"
INFO: [USF-XSim-8] Loading simulator feature
Vivado Simulator 2020.1
Time resolution is 1 ps
open_wave_config D:/Arch_Work/exp2/Exp2/code/sim/core_sim_behav.wcfg
source core_sim.tcl
# set curr_wave [current_wave_config]
# if { [string length $curr_wave] == 0 } {
#   if { [llength [get_objects]] > 0} {
#     add_wave /
#     set_property needs_save false [current_wave_config]
#   } else {
#      send_msg_id Add_Wave-1 WARNING "No top level signals found. Simulator will start without a wave window. If you want to open a wave window go to 'File->New Waveform Configuration' or type 'create_wave_config' in the TCL console."
#   }
# }
# run 1000ns
xsim: Time (s): cpu = 00:00:11 ; elapsed = 00:00:05 . Memory (MB): peak = 1036.543 ; gain = 0.000
INFO: [USF-XSim-96] XSim completed. Design snapshot 'core_sim_behav' loaded.
INFO: [USF-XSim-97] XSim simulation ran for 1000ns
launch_simulation: Time (s): cpu = 00:00:23 ; elapsed = 00:00:15 . Memory (MB): peak = 1036.543 ; gain = 0.000
update_compile_order -fileset sources_1
ERROR: [Common 17-180] Spawn failed: No error
ERROR: [Common 17-180] Spawn failed: No error
update_compile_order -fileset sources_1
update_compile_order -fileset sim_1
update_compile_order -fileset sim_1
update_compile_order -fileset sources_1
close_sim
INFO: [Simtcl 6-16] Simulation closed
launch_simulation
Command: launch_simulation 
INFO: [Vivado 12-5682] Launching behavioral simulation in 'D:/Arch_Work/exp2/Exp2/Exp2.sim/sim_1/behav/xsim'
INFO: [SIM-utils-51] Simulation object is 'sim_1'
INFO: [SIM-utils-54] Inspecting design source files for 'core_sim' in fileset 'sim_1'...
INFO: [USF-XSim-97] Finding global include files...
INFO: [USF-XSim-98] Fetching design files from 'sim_1'...
INFO: [USF-XSim-2] XSim::Compile design
INFO: [USF-XSim-61] Executing 'COMPILE and ANALYZE' step in 'D:/Arch_Work/exp2/Exp2/Exp2.sim/sim_1/behav/xsim'
"xvlog --incr --relax -prj core_sim_vlog.prj"
INFO: [VRFC 10-2263] Analyzing Verilog file "D:/Arch_Work/exp2/Exp2/code/core/ALU.v" into library xil_defaultlib
INFO: [VRFC 10-311] analyzing module ALU
INFO: [VRFC 10-2263] Analyzing Verilog file "D:/Arch_Work/exp2/Exp2/code/auxillary/CPUTEST.v" into library xil_defaultlib
INFO: [VRFC 10-311] analyzing module CPUTEST
INFO: [VRFC 10-2263] Analyzing Verilog file "D:/Arch_Work/exp2/Exp2/code/core/CSRRegs.v" into library xil_defaultlib
INFO: [VRFC 10-311] analyzing module CSRRegs
INFO: [VRFC 10-2263] Analyzing Verilog file "D:/Arch_Work/exp2/Exp2/code/core/CtrlUnit.v" into library xil_defaultlib
INFO: [VRFC 10-311] analyzing module CtrlUnit
INFO: [VRFC 10-2263] Analyzing Verilog file "D:/Arch_Work/exp2/Exp2/code/core/ExceptionUnit.v" into library xil_defaultlib
INFO: [VRFC 10-311] analyzing module ExceptionUnit
WARNING: [VRFC 10-526] concatenation with unsized literal; will interpret as 32 bits [D:/Arch_Work/exp2/Exp2/code/core/ExceptionUnit.v:109]
WARNING: [VRFC 10-526] concatenation with unsized literal; will interpret as 32 bits [D:/Arch_Work/exp2/Exp2/code/core/ExceptionUnit.v:120]
WARNING: [VRFC 10-526] concatenation with unsized literal; will interpret as 32 bits [D:/Arch_Work/exp2/Exp2/code/core/ExceptionUnit.v:127]
WARNING: [VRFC 10-526] concatenation with unsized literal; will interpret as 32 bits [D:/Arch_Work/exp2/Exp2/code/core/ExceptionUnit.v:128]
INFO: [VRFC 10-2263] Analyzing Verilog file "D:/Arch_Work/exp2/Exp2/code/core/HazardDetectionUnit.v" into library xil_defaultlib
INFO: [VRFC 10-311] analyzing module HazardDetectionUnit
INFO: [VRFC 10-2263] Analyzing Verilog file "D:/Arch_Work/exp2/Exp2/code/core/ImmGen.v" into library xil_defaultlib
INFO: [VRFC 10-311] analyzing module ImmGen
INFO: [VRFC 10-2263] Analyzing Verilog file "D:/Arch_Work/exp2/Exp2/code/common/MUX2T1_32.v" into library xil_defaultlib
INFO: [VRFC 10-311] analyzing module MUX2T1_32
INFO: [VRFC 10-2263] Analyzing Verilog file "D:/Arch_Work/exp2/Exp2/code/common/MUX4T1_32.v" into library xil_defaultlib
INFO: [VRFC 10-311] analyzing module MUX4T1_32
INFO: [VRFC 10-2263] Analyzing Verilog file "D:/Arch_Work/exp2/Exp2/code/core/RAM_B.v" into library xil_defaultlib
INFO: [VRFC 10-311] analyzing module RAM_B
INFO: [VRFC 10-2263] Analyzing Verilog file "D:/Arch_Work/exp2/Exp2/code/common/REG32.v" into library xil_defaultlib
INFO: [VRFC 10-311] analyzing module REG32
INFO: [VRFC 10-2263] Analyzing Verilog file "D:/Arch_Work/exp2/Exp2/code/core/REG_EX_MEM.v" into library xil_defaultlib
INFO: [VRFC 10-311] analyzing module REG_EX_MEM
INFO: [VRFC 10-2263] Analyzing Verilog file "D:/Arch_Work/exp2/Exp2/code/core/REG_ID_EX.v" into library xil_defaultlib
INFO: [VRFC 10-311] analyzing module REG_ID_EX
INFO: [VRFC 10-2263] Analyzing Verilog file "D:/Arch_Work/exp2/Exp2/code/core/REG_IF_ID.v" into library xil_defaultlib
INFO: [VRFC 10-311] analyzing module REG_IF_ID
INFO: [VRFC 10-2263] Analyzing Verilog file "D:/Arch_Work/exp2/Exp2/code/core/REG_MEM_WB.v" into library xil_defaultlib
INFO: [VRFC 10-311] analyzing module REG_MEM_WB
INFO: [VRFC 10-2263] Analyzing Verilog file "D:/Arch_Work/exp2/Exp2/code/core/ROM_D.v" into library xil_defaultlib
INFO: [VRFC 10-311] analyzing module ROM_D
INFO: [VRFC 10-2263] Analyzing Verilog file "D:/Arch_Work/exp2/Exp2/code/core/RV32core.v" into library xil_defaultlib
INFO: [VRFC 10-311] analyzing module RV32core
INFO: [VRFC 10-2458] undeclared symbol Addr, assumed default net type wire [D:/Arch_Work/exp2/Exp2/code/core/RV32core.v:229]
INFO: [VRFC 10-2458] undeclared symbol MWR, assumed default net type wire [D:/Arch_Work/exp2/Exp2/code/core/RV32core.v:230]
INFO: [VRFC 10-2263] Analyzing Verilog file "D:/Arch_Work/exp2/Exp2/code/core/Regs.v" into library xil_defaultlib
INFO: [VRFC 10-311] analyzing module Regs
INFO: [VRFC 10-2263] Analyzing Verilog file "D:/Arch_Work/exp2/Exp2/code/common/add_32.v" into library xil_defaultlib
INFO: [VRFC 10-311] analyzing module add_32
INFO: [VRFC 10-2263] Analyzing Verilog file "D:/Arch_Work/exp2/Exp2/code/common/cmp_32.v" into library xil_defaultlib
INFO: [VRFC 10-311] analyzing module cmp_32
INFO: [VRFC 10-2263] Analyzing Verilog file "D:/Arch_Work/exp2/Exp2/code/auxillary/debug_clk.v" into library xil_defaultlib
INFO: [VRFC 10-311] analyzing module debug_clk
INFO: [VRFC 10-2263] Analyzing Verilog file "D:/Arch_Work/exp2/Exp2/code/sim/core_sim.v" into library xil_defaultlib
INFO: [VRFC 10-311] analyzing module core_sim
INFO: [USF-XSim-69] 'compile' step finished in '3' seconds
INFO: [USF-XSim-3] XSim::Elaborate design
INFO: [USF-XSim-61] Executing 'ELABORATE' step in 'D:/Arch_Work/exp2/Exp2/Exp2.sim/sim_1/behav/xsim'
"xelab -wto bd08de18f65a4fff898ed77aa59a84cb --incr --debug typical --relax --mt 2 -L xil_defaultlib -L unisims_ver -L unimacro_ver -L secureip --snapshot core_sim_behav xil_defaultlib.core_sim xil_defaultlib.glbl -log elaborate.log"
Vivado Simulator 2020.1
Copyright 1986-1999, 2001-2020 Xilinx, Inc. All Rights Reserved.
Running: D:/Vivado/2020.1/bin/unwrapped/win64.o/xelab.exe -wto bd08de18f65a4fff898ed77aa59a84cb --incr --debug typical --relax --mt 2 -L xil_defaultlib -L unisims_ver -L unimacro_ver -L secureip --snapshot core_sim_behav xil_defaultlib.core_sim xil_defaultlib.glbl -log elaborate.log 
Using 2 slave threads.
Starting static elaboration
Pass Through NonSizing Optimizer
WARNING: [VRFC 10-3091] actual bit length 1 differs from formal bit length 2 for port 'PCSource' [D:/Arch_Work/exp2/Exp2/code/core/RV32core.v:216]
WARNING: [VRFC 10-3091] actual bit length 1 differs from formal bit length 32 for port 'Addr' [D:/Arch_Work/exp2/Exp2/code/core/RV32core.v:229]
WARNING: [VRFC 10-3091] actual bit length 1 differs from formal bit length 2 for port 'DatatoReg' [D:/Arch_Work/exp2/Exp2/code/core/RV32core.v:233]
WARNING: [VRFC 10-526] concatenation with unsized literal; will interpret as 32 bits [D:/Arch_Work/exp2/Exp2/code/core/ExceptionUnit.v:109]
WARNING: [VRFC 10-526] concatenation with unsized literal; will interpret as 32 bits [D:/Arch_Work/exp2/Exp2/code/core/ExceptionUnit.v:120]
WARNING: [VRFC 10-526] concatenation with unsized literal; will interpret as 32 bits [D:/Arch_Work/exp2/Exp2/code/core/ExceptionUnit.v:127]
WARNING: [VRFC 10-526] concatenation with unsized literal; will interpret as 32 bits [D:/Arch_Work/exp2/Exp2/code/core/ExceptionUnit.v:128]
Completed static elaboration
Starting simulation data flow analysis
Completed simulation data flow analysis
Time Resolution for simulation is 1ps
Compiling module xil_defaultlib.debug_clk
Compiling module xil_defaultlib.REG32
Compiling module xil_defaultlib.add_32
Compiling module xil_defaultlib.MUX2T1_32
Compiling module xil_defaultlib.ROM_D
Compiling module xil_defaultlib.REG_IF_ID
Compiling module xil_defaultlib.CtrlUnit
Compiling module xil_defaultlib.Regs
Compiling module xil_defaultlib.ImmGen
Compiling module xil_defaultlib.MUX4T1_32
Compiling module xil_defaultlib.cmp_32
Compiling module xil_defaultlib.HazardDetectionUnit
Compiling module xil_defaultlib.REG_ID_EX
Compiling module xil_defaultlib.ALU
Compiling module xil_defaultlib.REG_EX_MEM
Compiling module xil_defaultlib.RAM_B
Compiling module xil_defaultlib.CSRRegs
Compiling module xil_defaultlib.ExceptionUnit
Compiling module xil_defaultlib.REG_MEM_WB
Compiling module xil_defaultlib.CPUTEST
Compiling module xil_defaultlib.RV32core
Compiling module xil_defaultlib.core_sim
Compiling module xil_defaultlib.glbl
Built simulation snapshot core_sim_behav
INFO: [USF-XSim-69] 'elaborate' step finished in '5' seconds
INFO: [USF-XSim-4] XSim::Simulate design
INFO: [USF-XSim-61] Executing 'SIMULATE' step in 'D:/Arch_Work/exp2/Exp2/Exp2.sim/sim_1/behav/xsim'
INFO: [USF-XSim-98] *** Running xsim
   with args "core_sim_behav -key {Behavioral:sim_1:Functional:core_sim} -tclbatch {core_sim.tcl} -view {D:/Arch_Work/exp2/Exp2/code/sim/core_sim_behav.wcfg} -log {simulate.log}"
INFO: [USF-XSim-8] Loading simulator feature
Vivado Simulator 2020.1
Time resolution is 1 ps
open_wave_config D:/Arch_Work/exp2/Exp2/code/sim/core_sim_behav.wcfg
source core_sim.tcl
# set curr_wave [current_wave_config]
# if { [string length $curr_wave] == 0 } {
#   if { [llength [get_objects]] > 0} {
#     add_wave /
#     set_property needs_save false [current_wave_config]
#   } else {
#      send_msg_id Add_Wave-1 WARNING "No top level signals found. Simulator will start without a wave window. If you want to open a wave window go to 'File->New Waveform Configuration' or type 'create_wave_config' in the TCL console."
#   }
# }
# run 1000ns
INFO: [USF-XSim-96] XSim completed. Design snapshot 'core_sim_behav' loaded.
INFO: [USF-XSim-97] XSim simulation ran for 1000ns
launch_simulation: Time (s): cpu = 00:00:07 ; elapsed = 00:00:12 . Memory (MB): peak = 1088.160 ; gain = 0.000
ERROR: [Common 17-180] Spawn failed: No error
ERROR: [Common 17-180] Spawn failed: No error
update_compile_order -fileset sources_1
update_compile_order -fileset sim_1
close_sim
INFO: [Simtcl 6-16] Simulation closed
launch_simulation
Command: launch_simulation 
INFO: [Vivado 12-5682] Launching behavioral simulation in 'D:/Arch_Work/exp2/Exp2/Exp2.sim/sim_1/behav/xsim'
INFO: [SIM-utils-51] Simulation object is 'sim_1'
INFO: [SIM-utils-54] Inspecting design source files for 'core_sim' in fileset 'sim_1'...
INFO: [USF-XSim-97] Finding global include files...
INFO: [USF-XSim-98] Fetching design files from 'sim_1'...
INFO: [USF-XSim-2] XSim::Compile design
INFO: [USF-XSim-61] Executing 'COMPILE and ANALYZE' step in 'D:/Arch_Work/exp2/Exp2/Exp2.sim/sim_1/behav/xsim'
"xvlog --incr --relax -prj core_sim_vlog.prj"
INFO: [VRFC 10-2263] Analyzing Verilog file "D:/Arch_Work/exp2/Exp2/code/core/ALU.v" into library xil_defaultlib
INFO: [VRFC 10-311] analyzing module ALU
INFO: [VRFC 10-2263] Analyzing Verilog file "D:/Arch_Work/exp2/Exp2/code/auxillary/CPUTEST.v" into library xil_defaultlib
INFO: [VRFC 10-311] analyzing module CPUTEST
INFO: [VRFC 10-2263] Analyzing Verilog file "D:/Arch_Work/exp2/Exp2/code/core/CSRRegs.v" into library xil_defaultlib
INFO: [VRFC 10-311] analyzing module CSRRegs
INFO: [VRFC 10-2263] Analyzing Verilog file "D:/Arch_Work/exp2/Exp2/code/core/CtrlUnit.v" into library xil_defaultlib
INFO: [VRFC 10-311] analyzing module CtrlUnit
INFO: [VRFC 10-2263] Analyzing Verilog file "D:/Arch_Work/exp2/Exp2/code/core/ExceptionUnit.v" into library xil_defaultlib
INFO: [VRFC 10-311] analyzing module ExceptionUnit
INFO: [VRFC 10-2458] undeclared symbol qwq, assumed default net type wire [D:/Arch_Work/exp2/Exp2/code/core/ExceptionUnit.v:132]
INFO: [VRFC 10-2458] undeclared symbol wqw, assumed default net type wire [D:/Arch_Work/exp2/Exp2/code/core/ExceptionUnit.v:133]
WARNING: [VRFC 10-526] concatenation with unsized literal; will interpret as 32 bits [D:/Arch_Work/exp2/Exp2/code/core/ExceptionUnit.v:109]
WARNING: [VRFC 10-526] concatenation with unsized literal; will interpret as 32 bits [D:/Arch_Work/exp2/Exp2/code/core/ExceptionUnit.v:120]
WARNING: [VRFC 10-526] concatenation with unsized literal; will interpret as 32 bits [D:/Arch_Work/exp2/Exp2/code/core/ExceptionUnit.v:127]
WARNING: [VRFC 10-526] concatenation with unsized literal; will interpret as 32 bits [D:/Arch_Work/exp2/Exp2/code/core/ExceptionUnit.v:128]
WARNING: [VRFC 10-526] concatenation with unsized literal; will interpret as 32 bits [D:/Arch_Work/exp2/Exp2/code/core/ExceptionUnit.v:133]
INFO: [VRFC 10-2263] Analyzing Verilog file "D:/Arch_Work/exp2/Exp2/code/core/HazardDetectionUnit.v" into library xil_defaultlib
INFO: [VRFC 10-311] analyzing module HazardDetectionUnit
INFO: [VRFC 10-2263] Analyzing Verilog file "D:/Arch_Work/exp2/Exp2/code/core/ImmGen.v" into library xil_defaultlib
INFO: [VRFC 10-311] analyzing module ImmGen
INFO: [VRFC 10-2263] Analyzing Verilog file "D:/Arch_Work/exp2/Exp2/code/common/MUX2T1_32.v" into library xil_defaultlib
INFO: [VRFC 10-311] analyzing module MUX2T1_32
INFO: [VRFC 10-2263] Analyzing Verilog file "D:/Arch_Work/exp2/Exp2/code/common/MUX4T1_32.v" into library xil_defaultlib
INFO: [VRFC 10-311] analyzing module MUX4T1_32
INFO: [VRFC 10-2263] Analyzing Verilog file "D:/Arch_Work/exp2/Exp2/code/core/RAM_B.v" into library xil_defaultlib
INFO: [VRFC 10-311] analyzing module RAM_B
INFO: [VRFC 10-2263] Analyzing Verilog file "D:/Arch_Work/exp2/Exp2/code/common/REG32.v" into library xil_defaultlib
INFO: [VRFC 10-311] analyzing module REG32
INFO: [VRFC 10-2263] Analyzing Verilog file "D:/Arch_Work/exp2/Exp2/code/core/REG_EX_MEM.v" into library xil_defaultlib
INFO: [VRFC 10-311] analyzing module REG_EX_MEM
INFO: [VRFC 10-2263] Analyzing Verilog file "D:/Arch_Work/exp2/Exp2/code/core/REG_ID_EX.v" into library xil_defaultlib
INFO: [VRFC 10-311] analyzing module REG_ID_EX
INFO: [VRFC 10-2263] Analyzing Verilog file "D:/Arch_Work/exp2/Exp2/code/core/REG_IF_ID.v" into library xil_defaultlib
INFO: [VRFC 10-311] analyzing module REG_IF_ID
INFO: [VRFC 10-2263] Analyzing Verilog file "D:/Arch_Work/exp2/Exp2/code/core/REG_MEM_WB.v" into library xil_defaultlib
INFO: [VRFC 10-311] analyzing module REG_MEM_WB
INFO: [VRFC 10-2263] Analyzing Verilog file "D:/Arch_Work/exp2/Exp2/code/core/ROM_D.v" into library xil_defaultlib
INFO: [VRFC 10-311] analyzing module ROM_D
INFO: [VRFC 10-2263] Analyzing Verilog file "D:/Arch_Work/exp2/Exp2/code/core/RV32core.v" into library xil_defaultlib
INFO: [VRFC 10-311] analyzing module RV32core
INFO: [VRFC 10-2458] undeclared symbol Addr, assumed default net type wire [D:/Arch_Work/exp2/Exp2/code/core/RV32core.v:229]
INFO: [VRFC 10-2458] undeclared symbol MWR, assumed default net type wire [D:/Arch_Work/exp2/Exp2/code/core/RV32core.v:230]
INFO: [VRFC 10-2263] Analyzing Verilog file "D:/Arch_Work/exp2/Exp2/code/core/Regs.v" into library xil_defaultlib
INFO: [VRFC 10-311] analyzing module Regs
INFO: [VRFC 10-2263] Analyzing Verilog file "D:/Arch_Work/exp2/Exp2/code/common/add_32.v" into library xil_defaultlib
INFO: [VRFC 10-311] analyzing module add_32
INFO: [VRFC 10-2263] Analyzing Verilog file "D:/Arch_Work/exp2/Exp2/code/common/cmp_32.v" into library xil_defaultlib
INFO: [VRFC 10-311] analyzing module cmp_32
INFO: [VRFC 10-2263] Analyzing Verilog file "D:/Arch_Work/exp2/Exp2/code/auxillary/debug_clk.v" into library xil_defaultlib
INFO: [VRFC 10-311] analyzing module debug_clk
INFO: [VRFC 10-2263] Analyzing Verilog file "D:/Arch_Work/exp2/Exp2/code/sim/core_sim.v" into library xil_defaultlib
INFO: [VRFC 10-311] analyzing module core_sim
INFO: [USF-XSim-69] 'compile' step finished in '3' seconds
INFO: [USF-XSim-3] XSim::Elaborate design
INFO: [USF-XSim-61] Executing 'ELABORATE' step in 'D:/Arch_Work/exp2/Exp2/Exp2.sim/sim_1/behav/xsim'
"xelab -wto bd08de18f65a4fff898ed77aa59a84cb --incr --debug typical --relax --mt 2 -L xil_defaultlib -L unisims_ver -L unimacro_ver -L secureip --snapshot core_sim_behav xil_defaultlib.core_sim xil_defaultlib.glbl -log elaborate.log"
Vivado Simulator 2020.1
Copyright 1986-1999, 2001-2020 Xilinx, Inc. All Rights Reserved.
Running: D:/Vivado/2020.1/bin/unwrapped/win64.o/xelab.exe -wto bd08de18f65a4fff898ed77aa59a84cb --incr --debug typical --relax --mt 2 -L xil_defaultlib -L unisims_ver -L unimacro_ver -L secureip --snapshot core_sim_behav xil_defaultlib.core_sim xil_defaultlib.glbl -log elaborate.log 
Using 2 slave threads.
Starting static elaboration
Pass Through NonSizing Optimizer
WARNING: [VRFC 10-3091] actual bit length 1 differs from formal bit length 2 for port 'PCSource' [D:/Arch_Work/exp2/Exp2/code/core/RV32core.v:216]
WARNING: [VRFC 10-3091] actual bit length 1 differs from formal bit length 32 for port 'Addr' [D:/Arch_Work/exp2/Exp2/code/core/RV32core.v:229]
WARNING: [VRFC 10-3091] actual bit length 1 differs from formal bit length 2 for port 'DatatoReg' [D:/Arch_Work/exp2/Exp2/code/core/RV32core.v:233]
WARNING: [VRFC 10-526] concatenation with unsized literal; will interpret as 32 bits [D:/Arch_Work/exp2/Exp2/code/core/ExceptionUnit.v:109]
WARNING: [VRFC 10-526] concatenation with unsized literal; will interpret as 32 bits [D:/Arch_Work/exp2/Exp2/code/core/ExceptionUnit.v:120]
WARNING: [VRFC 10-526] concatenation with unsized literal; will interpret as 32 bits [D:/Arch_Work/exp2/Exp2/code/core/ExceptionUnit.v:127]
WARNING: [VRFC 10-526] concatenation with unsized literal; will interpret as 32 bits [D:/Arch_Work/exp2/Exp2/code/core/ExceptionUnit.v:128]
WARNING: [VRFC 10-526] concatenation with unsized literal; will interpret as 32 bits [D:/Arch_Work/exp2/Exp2/code/core/ExceptionUnit.v:133]
Completed static elaboration
Starting simulation data flow analysis
Completed simulation data flow analysis
Time Resolution for simulation is 1ps
Compiling module xil_defaultlib.debug_clk
Compiling module xil_defaultlib.REG32
Compiling module xil_defaultlib.add_32
Compiling module xil_defaultlib.MUX2T1_32
Compiling module xil_defaultlib.ROM_D
Compiling module xil_defaultlib.REG_IF_ID
Compiling module xil_defaultlib.CtrlUnit
Compiling module xil_defaultlib.Regs
Compiling module xil_defaultlib.ImmGen
Compiling module xil_defaultlib.MUX4T1_32
Compiling module xil_defaultlib.cmp_32
Compiling module xil_defaultlib.HazardDetectionUnit
Compiling module xil_defaultlib.REG_ID_EX
Compiling module xil_defaultlib.ALU
Compiling module xil_defaultlib.REG_EX_MEM
Compiling module xil_defaultlib.RAM_B
Compiling module xil_defaultlib.CSRRegs
Compiling module xil_defaultlib.ExceptionUnit
Compiling module xil_defaultlib.REG_MEM_WB
Compiling module xil_defaultlib.CPUTEST
Compiling module xil_defaultlib.RV32core
Compiling module xil_defaultlib.core_sim
Compiling module xil_defaultlib.glbl
Built simulation snapshot core_sim_behav
INFO: [USF-XSim-69] 'elaborate' step finished in '4' seconds
INFO: [USF-XSim-4] XSim::Simulate design
INFO: [USF-XSim-61] Executing 'SIMULATE' step in 'D:/Arch_Work/exp2/Exp2/Exp2.sim/sim_1/behav/xsim'
INFO: [USF-XSim-98] *** Running xsim
   with args "core_sim_behav -key {Behavioral:sim_1:Functional:core_sim} -tclbatch {core_sim.tcl} -view {D:/Arch_Work/exp2/Exp2/code/sim/core_sim_behav.wcfg} -log {simulate.log}"
INFO: [USF-XSim-8] Loading simulator feature
Vivado Simulator 2020.1
Time resolution is 1 ps
open_wave_config D:/Arch_Work/exp2/Exp2/code/sim/core_sim_behav.wcfg
source core_sim.tcl
# set curr_wave [current_wave_config]
# if { [string length $curr_wave] == 0 } {
#   if { [llength [get_objects]] > 0} {
#     add_wave /
#     set_property needs_save false [current_wave_config]
#   } else {
#      send_msg_id Add_Wave-1 WARNING "No top level signals found. Simulator will start without a wave window. If you want to open a wave window go to 'File->New Waveform Configuration' or type 'create_wave_config' in the TCL console."
#   }
# }
# run 1000ns
INFO: [USF-XSim-96] XSim completed. Design snapshot 'core_sim_behav' loaded.
INFO: [USF-XSim-97] XSim simulation ran for 1000ns
launch_simulation: Time (s): cpu = 00:00:05 ; elapsed = 00:00:12 . Memory (MB): peak = 1088.160 ; gain = 0.000
update_compile_order -fileset sources_1
update_compile_order -fileset sim_1
current_wave_config {core_sim_behav.wcfg}
core_sim_behav.wcfg
add_wave {{/core_sim/core/exp_unit/qwq}} 
current_wave_config {core_sim_behav.wcfg}
core_sim_behav.wcfg
add_wave {{/core_sim/core/exp_unit/wqw}} 
current_wave_config {core_sim_behav.wcfg}
core_sim_behav.wcfg
add_wave {{/core_sim/core/exp_unit/mstatus}} 
relaunch_sim
Command: launch_simulation -simset sim_1 -mode behavioral
INFO: [Vivado 12-5682] Launching behavioral simulation in 'D:/Arch_Work/exp2/Exp2/Exp2.sim/sim_1/behav/xsim'
INFO: [SIM-utils-51] Simulation object is 'sim_1'
INFO: [SIM-utils-54] Inspecting design source files for 'core_sim' in fileset 'sim_1'...
INFO: [USF-XSim-97] Finding global include files...
INFO: [USF-XSim-98] Fetching design files from 'sim_1'...
INFO: [USF-XSim-2] XSim::Compile design
INFO: [USF-XSim-61] Executing 'COMPILE and ANALYZE' step in 'D:/Arch_Work/exp2/Exp2/Exp2.sim/sim_1/behav/xsim'
"xvlog --incr --relax -prj core_sim_vlog.prj"
INFO: [USF-XSim-69] 'compile' step finished in '1' seconds
Command: launch_simulation -simset sim_1 -mode behavioral
INFO: [Vivado 12-5682] Launching behavioral simulation in 'D:/Arch_Work/exp2/Exp2/Exp2.sim/sim_1/behav/xsim'
INFO: [USF-XSim-3] XSim::Elaborate design
INFO: [USF-XSim-61] Executing 'ELABORATE' step in 'D:/Arch_Work/exp2/Exp2/Exp2.sim/sim_1/behav/xsim'
"xelab -wto bd08de18f65a4fff898ed77aa59a84cb --incr --debug typical --relax --mt 2 -L xil_defaultlib -L unisims_ver -L unimacro_ver -L secureip --snapshot core_sim_behav xil_defaultlib.core_sim xil_defaultlib.glbl -log elaborate.log"
Vivado Simulator 2020.1
Copyright 1986-1999, 2001-2020 Xilinx, Inc. All Rights Reserved.
Running: D:/Vivado/2020.1/bin/unwrapped/win64.o/xelab.exe -wto bd08de18f65a4fff898ed77aa59a84cb --incr --debug typical --relax --mt 2 -L xil_defaultlib -L unisims_ver -L unimacro_ver -L secureip --snapshot core_sim_behav xil_defaultlib.core_sim xil_defaultlib.glbl -log elaborate.log 
Using 2 slave threads.
Starting static elaboration
Pass Through NonSizing Optimizer
WARNING: [VRFC 10-3091] actual bit length 1 differs from formal bit length 2 for port 'PCSource' [D:/Arch_Work/exp2/Exp2/code/core/RV32core.v:216]
WARNING: [VRFC 10-3091] actual bit length 1 differs from formal bit length 32 for port 'Addr' [D:/Arch_Work/exp2/Exp2/code/core/RV32core.v:229]
WARNING: [VRFC 10-3091] actual bit length 1 differs from formal bit length 2 for port 'DatatoReg' [D:/Arch_Work/exp2/Exp2/code/core/RV32core.v:233]
WARNING: [VRFC 10-526] concatenation with unsized literal; will interpret as 32 bits [D:/Arch_Work/exp2/Exp2/code/core/ExceptionUnit.v:109]
WARNING: [VRFC 10-526] concatenation with unsized literal; will interpret as 32 bits [D:/Arch_Work/exp2/Exp2/code/core/ExceptionUnit.v:120]
WARNING: [VRFC 10-526] concatenation with unsized literal; will interpret as 32 bits [D:/Arch_Work/exp2/Exp2/code/core/ExceptionUnit.v:127]
WARNING: [VRFC 10-526] concatenation with unsized literal; will interpret as 32 bits [D:/Arch_Work/exp2/Exp2/code/core/ExceptionUnit.v:128]
WARNING: [VRFC 10-526] concatenation with unsized literal; will interpret as 32 bits [D:/Arch_Work/exp2/Exp2/code/core/ExceptionUnit.v:133]
Completed static elaboration
INFO: [XSIM 43-4323] No Change in HDL. Linking previously generated obj files to create kernel
INFO: [USF-XSim-69] 'elaborate' step finished in '2' seconds
Vivado Simulator 2020.1
Time resolution is 1 ps
relaunch_sim: Time (s): cpu = 00:00:02 ; elapsed = 00:00:06 . Memory (MB): peak = 1096.945 ; gain = 0.000
save_wave_config {D:/Arch_Work/exp2/Exp2/code/sim/core_sim_behav.wcfg}
close_sim
INFO: [Simtcl 6-16] Simulation closed
launch_simulation
Command: launch_simulation 
INFO: [Vivado 12-5682] Launching behavioral simulation in 'D:/Arch_Work/exp2/Exp2/Exp2.sim/sim_1/behav/xsim'
INFO: [SIM-utils-51] Simulation object is 'sim_1'
INFO: [SIM-utils-54] Inspecting design source files for 'core_sim' in fileset 'sim_1'...
INFO: [USF-XSim-97] Finding global include files...
INFO: [USF-XSim-98] Fetching design files from 'sim_1'...
INFO: [USF-XSim-2] XSim::Compile design
INFO: [USF-XSim-61] Executing 'COMPILE and ANALYZE' step in 'D:/Arch_Work/exp2/Exp2/Exp2.sim/sim_1/behav/xsim'
"xvlog --incr --relax -prj core_sim_vlog.prj"
INFO: [VRFC 10-2263] Analyzing Verilog file "D:/Arch_Work/exp2/Exp2/code/core/ALU.v" into library xil_defaultlib
INFO: [VRFC 10-311] analyzing module ALU
INFO: [VRFC 10-2263] Analyzing Verilog file "D:/Arch_Work/exp2/Exp2/code/auxillary/CPUTEST.v" into library xil_defaultlib
INFO: [VRFC 10-311] analyzing module CPUTEST
INFO: [VRFC 10-2263] Analyzing Verilog file "D:/Arch_Work/exp2/Exp2/code/core/CSRRegs.v" into library xil_defaultlib
INFO: [VRFC 10-311] analyzing module CSRRegs
INFO: [VRFC 10-2263] Analyzing Verilog file "D:/Arch_Work/exp2/Exp2/code/core/CtrlUnit.v" into library xil_defaultlib
INFO: [VRFC 10-311] analyzing module CtrlUnit
INFO: [VRFC 10-2263] Analyzing Verilog file "D:/Arch_Work/exp2/Exp2/code/core/ExceptionUnit.v" into library xil_defaultlib
INFO: [VRFC 10-311] analyzing module ExceptionUnit
ERROR: [VRFC 10-4982] syntax error near '[' [D:/Arch_Work/exp2/Exp2/code/core/ExceptionUnit.v:131]
INFO: [VRFC 10-2458] undeclared symbol wqw, assumed default net type wire [D:/Arch_Work/exp2/Exp2/code/core/ExceptionUnit.v:133]
ERROR: [VRFC 10-2865] module 'ExceptionUnit' ignored due to previous errors [D:/Arch_Work/exp2/Exp2/code/core/ExceptionUnit.v:3]
INFO: [USF-XSim-69] 'compile' step finished in '2' seconds
INFO: [USF-XSim-99] Step results log file:'D:/Arch_Work/exp2/Exp2/Exp2.sim/sim_1/behav/xsim/xvlog.log'
ERROR: [USF-XSim-62] 'compile' step failed with error(s). Please check the Tcl console output or 'D:/Arch_Work/exp2/Exp2/Exp2.sim/sim_1/behav/xsim/xvlog.log' file for more information.
ERROR: [Vivado 12-4473] Detected error while running simulation. Please correct the issue and retry this operation.
ERROR: [Common 17-39] 'launch_simulation' failed due to earlier errors.
launch_simulation
Command: launch_simulation 
INFO: [Vivado 12-5682] Launching behavioral simulation in 'D:/Arch_Work/exp2/Exp2/Exp2.sim/sim_1/behav/xsim'
INFO: [SIM-utils-51] Simulation object is 'sim_1'
INFO: [SIM-utils-54] Inspecting design source files for 'core_sim' in fileset 'sim_1'...
INFO: [USF-XSim-97] Finding global include files...
INFO: [USF-XSim-98] Fetching design files from 'sim_1'...
INFO: [USF-XSim-2] XSim::Compile design
INFO: [USF-XSim-61] Executing 'COMPILE and ANALYZE' step in 'D:/Arch_Work/exp2/Exp2/Exp2.sim/sim_1/behav/xsim'
"xvlog --incr --relax -prj core_sim_vlog.prj"
INFO: [VRFC 10-2263] Analyzing Verilog file "D:/Arch_Work/exp2/Exp2/code/core/ALU.v" into library xil_defaultlib
INFO: [VRFC 10-311] analyzing module ALU
INFO: [VRFC 10-2263] Analyzing Verilog file "D:/Arch_Work/exp2/Exp2/code/auxillary/CPUTEST.v" into library xil_defaultlib
INFO: [VRFC 10-311] analyzing module CPUTEST
INFO: [VRFC 10-2263] Analyzing Verilog file "D:/Arch_Work/exp2/Exp2/code/core/CSRRegs.v" into library xil_defaultlib
INFO: [VRFC 10-311] analyzing module CSRRegs
INFO: [VRFC 10-2263] Analyzing Verilog file "D:/Arch_Work/exp2/Exp2/code/core/CtrlUnit.v" into library xil_defaultlib
INFO: [VRFC 10-311] analyzing module CtrlUnit
INFO: [VRFC 10-2263] Analyzing Verilog file "D:/Arch_Work/exp2/Exp2/code/core/ExceptionUnit.v" into library xil_defaultlib
INFO: [VRFC 10-311] analyzing module ExceptionUnit
WARNING: [VRFC 10-526] concatenation with unsized literal; will interpret as 32 bits [D:/Arch_Work/exp2/Exp2/code/core/ExceptionUnit.v:109]
WARNING: [VRFC 10-526] concatenation with unsized literal; will interpret as 32 bits [D:/Arch_Work/exp2/Exp2/code/core/ExceptionUnit.v:120]
WARNING: [VRFC 10-526] concatenation with unsized literal; will interpret as 32 bits [D:/Arch_Work/exp2/Exp2/code/core/ExceptionUnit.v:127]
WARNING: [VRFC 10-526] concatenation with unsized literal; will interpret as 32 bits [D:/Arch_Work/exp2/Exp2/code/core/ExceptionUnit.v:128]
WARNING: [VRFC 10-526] concatenation with unsized literal; will interpret as 32 bits [D:/Arch_Work/exp2/Exp2/code/core/ExceptionUnit.v:134]
INFO: [VRFC 10-2263] Analyzing Verilog file "D:/Arch_Work/exp2/Exp2/code/core/HazardDetectionUnit.v" into library xil_defaultlib
INFO: [VRFC 10-311] analyzing module HazardDetectionUnit
INFO: [VRFC 10-2263] Analyzing Verilog file "D:/Arch_Work/exp2/Exp2/code/core/ImmGen.v" into library xil_defaultlib
INFO: [VRFC 10-311] analyzing module ImmGen
INFO: [VRFC 10-2263] Analyzing Verilog file "D:/Arch_Work/exp2/Exp2/code/common/MUX2T1_32.v" into library xil_defaultlib
INFO: [VRFC 10-311] analyzing module MUX2T1_32
INFO: [VRFC 10-2263] Analyzing Verilog file "D:/Arch_Work/exp2/Exp2/code/common/MUX4T1_32.v" into library xil_defaultlib
INFO: [VRFC 10-311] analyzing module MUX4T1_32
INFO: [VRFC 10-2263] Analyzing Verilog file "D:/Arch_Work/exp2/Exp2/code/core/RAM_B.v" into library xil_defaultlib
INFO: [VRFC 10-311] analyzing module RAM_B
INFO: [VRFC 10-2263] Analyzing Verilog file "D:/Arch_Work/exp2/Exp2/code/common/REG32.v" into library xil_defaultlib
INFO: [VRFC 10-311] analyzing module REG32
INFO: [VRFC 10-2263] Analyzing Verilog file "D:/Arch_Work/exp2/Exp2/code/core/REG_EX_MEM.v" into library xil_defaultlib
INFO: [VRFC 10-311] analyzing module REG_EX_MEM
INFO: [VRFC 10-2263] Analyzing Verilog file "D:/Arch_Work/exp2/Exp2/code/core/REG_ID_EX.v" into library xil_defaultlib
INFO: [VRFC 10-311] analyzing module REG_ID_EX
INFO: [VRFC 10-2263] Analyzing Verilog file "D:/Arch_Work/exp2/Exp2/code/core/REG_IF_ID.v" into library xil_defaultlib
INFO: [VRFC 10-311] analyzing module REG_IF_ID
INFO: [VRFC 10-2263] Analyzing Verilog file "D:/Arch_Work/exp2/Exp2/code/core/REG_MEM_WB.v" into library xil_defaultlib
INFO: [VRFC 10-311] analyzing module REG_MEM_WB
INFO: [VRFC 10-2263] Analyzing Verilog file "D:/Arch_Work/exp2/Exp2/code/core/ROM_D.v" into library xil_defaultlib
INFO: [VRFC 10-311] analyzing module ROM_D
INFO: [VRFC 10-2263] Analyzing Verilog file "D:/Arch_Work/exp2/Exp2/code/core/RV32core.v" into library xil_defaultlib
INFO: [VRFC 10-311] analyzing module RV32core
INFO: [VRFC 10-2458] undeclared symbol Addr, assumed default net type wire [D:/Arch_Work/exp2/Exp2/code/core/RV32core.v:229]
INFO: [VRFC 10-2458] undeclared symbol MWR, assumed default net type wire [D:/Arch_Work/exp2/Exp2/code/core/RV32core.v:230]
INFO: [VRFC 10-2263] Analyzing Verilog file "D:/Arch_Work/exp2/Exp2/code/core/Regs.v" into library xil_defaultlib
INFO: [VRFC 10-311] analyzing module Regs
INFO: [VRFC 10-2263] Analyzing Verilog file "D:/Arch_Work/exp2/Exp2/code/common/add_32.v" into library xil_defaultlib
INFO: [VRFC 10-311] analyzing module add_32
INFO: [VRFC 10-2263] Analyzing Verilog file "D:/Arch_Work/exp2/Exp2/code/common/cmp_32.v" into library xil_defaultlib
INFO: [VRFC 10-311] analyzing module cmp_32
INFO: [VRFC 10-2263] Analyzing Verilog file "D:/Arch_Work/exp2/Exp2/code/auxillary/debug_clk.v" into library xil_defaultlib
INFO: [VRFC 10-311] analyzing module debug_clk
INFO: [VRFC 10-2263] Analyzing Verilog file "D:/Arch_Work/exp2/Exp2/code/sim/core_sim.v" into library xil_defaultlib
INFO: [VRFC 10-311] analyzing module core_sim
INFO: [USF-XSim-69] 'compile' step finished in '3' seconds
INFO: [USF-XSim-3] XSim::Elaborate design
INFO: [USF-XSim-61] Executing 'ELABORATE' step in 'D:/Arch_Work/exp2/Exp2/Exp2.sim/sim_1/behav/xsim'
"xelab -wto bd08de18f65a4fff898ed77aa59a84cb --incr --debug typical --relax --mt 2 -L xil_defaultlib -L unisims_ver -L unimacro_ver -L secureip --snapshot core_sim_behav xil_defaultlib.core_sim xil_defaultlib.glbl -log elaborate.log"
Vivado Simulator 2020.1
Copyright 1986-1999, 2001-2020 Xilinx, Inc. All Rights Reserved.
Running: D:/Vivado/2020.1/bin/unwrapped/win64.o/xelab.exe -wto bd08de18f65a4fff898ed77aa59a84cb --incr --debug typical --relax --mt 2 -L xil_defaultlib -L unisims_ver -L unimacro_ver -L secureip --snapshot core_sim_behav xil_defaultlib.core_sim xil_defaultlib.glbl -log elaborate.log 
Using 2 slave threads.
Starting static elaboration
Pass Through NonSizing Optimizer
WARNING: [VRFC 10-3091] actual bit length 1 differs from formal bit length 2 for port 'PCSource' [D:/Arch_Work/exp2/Exp2/code/core/RV32core.v:216]
WARNING: [VRFC 10-3091] actual bit length 1 differs from formal bit length 32 for port 'Addr' [D:/Arch_Work/exp2/Exp2/code/core/RV32core.v:229]
WARNING: [VRFC 10-3091] actual bit length 1 differs from formal bit length 2 for port 'DatatoReg' [D:/Arch_Work/exp2/Exp2/code/core/RV32core.v:233]
WARNING: [VRFC 10-526] concatenation with unsized literal; will interpret as 32 bits [D:/Arch_Work/exp2/Exp2/code/core/ExceptionUnit.v:109]
WARNING: [VRFC 10-526] concatenation with unsized literal; will interpret as 32 bits [D:/Arch_Work/exp2/Exp2/code/core/ExceptionUnit.v:120]
WARNING: [VRFC 10-526] concatenation with unsized literal; will interpret as 32 bits [D:/Arch_Work/exp2/Exp2/code/core/ExceptionUnit.v:127]
WARNING: [VRFC 10-526] concatenation with unsized literal; will interpret as 32 bits [D:/Arch_Work/exp2/Exp2/code/core/ExceptionUnit.v:128]
WARNING: [VRFC 10-526] concatenation with unsized literal; will interpret as 32 bits [D:/Arch_Work/exp2/Exp2/code/core/ExceptionUnit.v:134]
Completed static elaboration
Starting simulation data flow analysis
Completed simulation data flow analysis
Time Resolution for simulation is 1ps
Compiling module xil_defaultlib.debug_clk
Compiling module xil_defaultlib.REG32
Compiling module xil_defaultlib.add_32
Compiling module xil_defaultlib.MUX2T1_32
Compiling module xil_defaultlib.ROM_D
Compiling module xil_defaultlib.REG_IF_ID
Compiling module xil_defaultlib.CtrlUnit
Compiling module xil_defaultlib.Regs
Compiling module xil_defaultlib.ImmGen
Compiling module xil_defaultlib.MUX4T1_32
Compiling module xil_defaultlib.cmp_32
Compiling module xil_defaultlib.HazardDetectionUnit
Compiling module xil_defaultlib.REG_ID_EX
Compiling module xil_defaultlib.ALU
Compiling module xil_defaultlib.REG_EX_MEM
Compiling module xil_defaultlib.RAM_B
Compiling module xil_defaultlib.CSRRegs
Compiling module xil_defaultlib.ExceptionUnit
Compiling module xil_defaultlib.REG_MEM_WB
Compiling module xil_defaultlib.CPUTEST
Compiling module xil_defaultlib.RV32core
Compiling module xil_defaultlib.core_sim
Compiling module xil_defaultlib.glbl
Built simulation snapshot core_sim_behav
INFO: [USF-XSim-69] 'elaborate' step finished in '4' seconds
INFO: [USF-XSim-4] XSim::Simulate design
INFO: [USF-XSim-61] Executing 'SIMULATE' step in 'D:/Arch_Work/exp2/Exp2/Exp2.sim/sim_1/behav/xsim'
INFO: [USF-XSim-98] *** Running xsim
   with args "core_sim_behav -key {Behavioral:sim_1:Functional:core_sim} -tclbatch {core_sim.tcl} -view {D:/Arch_Work/exp2/Exp2/code/sim/core_sim_behav.wcfg} -log {simulate.log}"
INFO: [USF-XSim-8] Loading simulator feature
Vivado Simulator 2020.1
Time resolution is 1 ps
open_wave_config D:/Arch_Work/exp2/Exp2/code/sim/core_sim_behav.wcfg
source core_sim.tcl
# set curr_wave [current_wave_config]
# if { [string length $curr_wave] == 0 } {
#   if { [llength [get_objects]] > 0} {
#     add_wave /
#     set_property needs_save false [current_wave_config]
#   } else {
#      send_msg_id Add_Wave-1 WARNING "No top level signals found. Simulator will start without a wave window. If you want to open a wave window go to 'File->New Waveform Configuration' or type 'create_wave_config' in the TCL console."
#   }
# }
# run 1000ns
INFO: [USF-XSim-96] XSim completed. Design snapshot 'core_sim_behav' loaded.
INFO: [USF-XSim-97] XSim simulation ran for 1000ns
launch_simulation: Time (s): cpu = 00:00:05 ; elapsed = 00:00:12 . Memory (MB): peak = 1114.637 ; gain = 0.000
close_sim
INFO: [Simtcl 6-16] Simulation closed
launch_simulation
Command: launch_simulation 
INFO: [Vivado 12-5682] Launching behavioral simulation in 'D:/Arch_Work/exp2/Exp2/Exp2.sim/sim_1/behav/xsim'
INFO: [SIM-utils-51] Simulation object is 'sim_1'
INFO: [SIM-utils-54] Inspecting design source files for 'core_sim' in fileset 'sim_1'...
INFO: [USF-XSim-97] Finding global include files...
INFO: [USF-XSim-98] Fetching design files from 'sim_1'...
INFO: [USF-XSim-2] XSim::Compile design
INFO: [USF-XSim-61] Executing 'COMPILE and ANALYZE' step in 'D:/Arch_Work/exp2/Exp2/Exp2.sim/sim_1/behav/xsim'
"xvlog --incr --relax -prj core_sim_vlog.prj"
INFO: [VRFC 10-2263] Analyzing Verilog file "D:/Arch_Work/exp2/Exp2/code/core/ALU.v" into library xil_defaultlib
INFO: [VRFC 10-311] analyzing module ALU
INFO: [VRFC 10-2263] Analyzing Verilog file "D:/Arch_Work/exp2/Exp2/code/auxillary/CPUTEST.v" into library xil_defaultlib
INFO: [VRFC 10-311] analyzing module CPUTEST
INFO: [VRFC 10-2263] Analyzing Verilog file "D:/Arch_Work/exp2/Exp2/code/core/CSRRegs.v" into library xil_defaultlib
INFO: [VRFC 10-311] analyzing module CSRRegs
INFO: [VRFC 10-2263] Analyzing Verilog file "D:/Arch_Work/exp2/Exp2/code/core/CtrlUnit.v" into library xil_defaultlib
INFO: [VRFC 10-311] analyzing module CtrlUnit
INFO: [VRFC 10-2263] Analyzing Verilog file "D:/Arch_Work/exp2/Exp2/code/core/ExceptionUnit.v" into library xil_defaultlib
INFO: [VRFC 10-311] analyzing module ExceptionUnit
WARNING: [VRFC 10-526] concatenation with unsized literal; will interpret as 32 bits [D:/Arch_Work/exp2/Exp2/code/core/ExceptionUnit.v:109]
WARNING: [VRFC 10-526] concatenation with unsized literal; will interpret as 32 bits [D:/Arch_Work/exp2/Exp2/code/core/ExceptionUnit.v:120]
WARNING: [VRFC 10-526] concatenation with unsized literal; will interpret as 32 bits [D:/Arch_Work/exp2/Exp2/code/core/ExceptionUnit.v:127]
WARNING: [VRFC 10-526] concatenation with unsized literal; will interpret as 32 bits [D:/Arch_Work/exp2/Exp2/code/core/ExceptionUnit.v:128]
INFO: [VRFC 10-2263] Analyzing Verilog file "D:/Arch_Work/exp2/Exp2/code/core/HazardDetectionUnit.v" into library xil_defaultlib
INFO: [VRFC 10-311] analyzing module HazardDetectionUnit
INFO: [VRFC 10-2263] Analyzing Verilog file "D:/Arch_Work/exp2/Exp2/code/core/ImmGen.v" into library xil_defaultlib
INFO: [VRFC 10-311] analyzing module ImmGen
INFO: [VRFC 10-2263] Analyzing Verilog file "D:/Arch_Work/exp2/Exp2/code/common/MUX2T1_32.v" into library xil_defaultlib
INFO: [VRFC 10-311] analyzing module MUX2T1_32
INFO: [VRFC 10-2263] Analyzing Verilog file "D:/Arch_Work/exp2/Exp2/code/common/MUX4T1_32.v" into library xil_defaultlib
INFO: [VRFC 10-311] analyzing module MUX4T1_32
INFO: [VRFC 10-2263] Analyzing Verilog file "D:/Arch_Work/exp2/Exp2/code/core/RAM_B.v" into library xil_defaultlib
INFO: [VRFC 10-311] analyzing module RAM_B
INFO: [VRFC 10-2263] Analyzing Verilog file "D:/Arch_Work/exp2/Exp2/code/common/REG32.v" into library xil_defaultlib
INFO: [VRFC 10-311] analyzing module REG32
INFO: [VRFC 10-2263] Analyzing Verilog file "D:/Arch_Work/exp2/Exp2/code/core/REG_EX_MEM.v" into library xil_defaultlib
INFO: [VRFC 10-311] analyzing module REG_EX_MEM
INFO: [VRFC 10-2263] Analyzing Verilog file "D:/Arch_Work/exp2/Exp2/code/core/REG_ID_EX.v" into library xil_defaultlib
INFO: [VRFC 10-311] analyzing module REG_ID_EX
INFO: [VRFC 10-2263] Analyzing Verilog file "D:/Arch_Work/exp2/Exp2/code/core/REG_IF_ID.v" into library xil_defaultlib
INFO: [VRFC 10-311] analyzing module REG_IF_ID
INFO: [VRFC 10-2263] Analyzing Verilog file "D:/Arch_Work/exp2/Exp2/code/core/REG_MEM_WB.v" into library xil_defaultlib
INFO: [VRFC 10-311] analyzing module REG_MEM_WB
INFO: [VRFC 10-2263] Analyzing Verilog file "D:/Arch_Work/exp2/Exp2/code/core/ROM_D.v" into library xil_defaultlib
INFO: [VRFC 10-311] analyzing module ROM_D
INFO: [VRFC 10-2263] Analyzing Verilog file "D:/Arch_Work/exp2/Exp2/code/core/RV32core.v" into library xil_defaultlib
INFO: [VRFC 10-311] analyzing module RV32core
INFO: [VRFC 10-2458] undeclared symbol Addr, assumed default net type wire [D:/Arch_Work/exp2/Exp2/code/core/RV32core.v:229]
INFO: [VRFC 10-2458] undeclared symbol MWR, assumed default net type wire [D:/Arch_Work/exp2/Exp2/code/core/RV32core.v:230]
INFO: [VRFC 10-2263] Analyzing Verilog file "D:/Arch_Work/exp2/Exp2/code/core/Regs.v" into library xil_defaultlib
INFO: [VRFC 10-311] analyzing module Regs
INFO: [VRFC 10-2263] Analyzing Verilog file "D:/Arch_Work/exp2/Exp2/code/common/add_32.v" into library xil_defaultlib
INFO: [VRFC 10-311] analyzing module add_32
INFO: [VRFC 10-2263] Analyzing Verilog file "D:/Arch_Work/exp2/Exp2/code/common/cmp_32.v" into library xil_defaultlib
INFO: [VRFC 10-311] analyzing module cmp_32
INFO: [VRFC 10-2263] Analyzing Verilog file "D:/Arch_Work/exp2/Exp2/code/auxillary/debug_clk.v" into library xil_defaultlib
INFO: [VRFC 10-311] analyzing module debug_clk
INFO: [VRFC 10-2263] Analyzing Verilog file "D:/Arch_Work/exp2/Exp2/code/sim/core_sim.v" into library xil_defaultlib
INFO: [VRFC 10-311] analyzing module core_sim
INFO: [USF-XSim-69] 'compile' step finished in '3' seconds
INFO: [USF-XSim-3] XSim::Elaborate design
INFO: [USF-XSim-61] Executing 'ELABORATE' step in 'D:/Arch_Work/exp2/Exp2/Exp2.sim/sim_1/behav/xsim'
"xelab -wto bd08de18f65a4fff898ed77aa59a84cb --incr --debug typical --relax --mt 2 -L xil_defaultlib -L unisims_ver -L unimacro_ver -L secureip --snapshot core_sim_behav xil_defaultlib.core_sim xil_defaultlib.glbl -log elaborate.log"
Vivado Simulator 2020.1
Copyright 1986-1999, 2001-2020 Xilinx, Inc. All Rights Reserved.
Running: D:/Vivado/2020.1/bin/unwrapped/win64.o/xelab.exe -wto bd08de18f65a4fff898ed77aa59a84cb --incr --debug typical --relax --mt 2 -L xil_defaultlib -L unisims_ver -L unimacro_ver -L secureip --snapshot core_sim_behav xil_defaultlib.core_sim xil_defaultlib.glbl -log elaborate.log 
Using 2 slave threads.
Starting static elaboration
Pass Through NonSizing Optimizer
WARNING: [VRFC 10-3091] actual bit length 1 differs from formal bit length 2 for port 'PCSource' [D:/Arch_Work/exp2/Exp2/code/core/RV32core.v:216]
WARNING: [VRFC 10-3091] actual bit length 1 differs from formal bit length 32 for port 'Addr' [D:/Arch_Work/exp2/Exp2/code/core/RV32core.v:229]
WARNING: [VRFC 10-3091] actual bit length 1 differs from formal bit length 2 for port 'DatatoReg' [D:/Arch_Work/exp2/Exp2/code/core/RV32core.v:233]
WARNING: [VRFC 10-526] concatenation with unsized literal; will interpret as 32 bits [D:/Arch_Work/exp2/Exp2/code/core/ExceptionUnit.v:109]
WARNING: [VRFC 10-526] concatenation with unsized literal; will interpret as 32 bits [D:/Arch_Work/exp2/Exp2/code/core/ExceptionUnit.v:120]
WARNING: [VRFC 10-526] concatenation with unsized literal; will interpret as 32 bits [D:/Arch_Work/exp2/Exp2/code/core/ExceptionUnit.v:127]
WARNING: [VRFC 10-526] concatenation with unsized literal; will interpret as 32 bits [D:/Arch_Work/exp2/Exp2/code/core/ExceptionUnit.v:128]
Completed static elaboration
Starting simulation data flow analysis
Completed simulation data flow analysis
Time Resolution for simulation is 1ps
Compiling module xil_defaultlib.debug_clk
Compiling module xil_defaultlib.REG32
Compiling module xil_defaultlib.add_32
Compiling module xil_defaultlib.MUX2T1_32
Compiling module xil_defaultlib.ROM_D
Compiling module xil_defaultlib.REG_IF_ID
Compiling module xil_defaultlib.CtrlUnit
Compiling module xil_defaultlib.Regs
Compiling module xil_defaultlib.ImmGen
Compiling module xil_defaultlib.MUX4T1_32
Compiling module xil_defaultlib.cmp_32
Compiling module xil_defaultlib.HazardDetectionUnit
Compiling module xil_defaultlib.REG_ID_EX
Compiling module xil_defaultlib.ALU
Compiling module xil_defaultlib.REG_EX_MEM
Compiling module xil_defaultlib.RAM_B
Compiling module xil_defaultlib.CSRRegs
Compiling module xil_defaultlib.ExceptionUnit
Compiling module xil_defaultlib.REG_MEM_WB
Compiling module xil_defaultlib.CPUTEST
Compiling module xil_defaultlib.RV32core
Compiling module xil_defaultlib.core_sim
Compiling module xil_defaultlib.glbl
Built simulation snapshot core_sim_behav
INFO: [USF-XSim-69] 'elaborate' step finished in '4' seconds
INFO: [USF-XSim-4] XSim::Simulate design
INFO: [USF-XSim-61] Executing 'SIMULATE' step in 'D:/Arch_Work/exp2/Exp2/Exp2.sim/sim_1/behav/xsim'
INFO: [USF-XSim-98] *** Running xsim
   with args "core_sim_behav -key {Behavioral:sim_1:Functional:core_sim} -tclbatch {core_sim.tcl} -view {D:/Arch_Work/exp2/Exp2/code/sim/core_sim_behav.wcfg} -log {simulate.log}"
INFO: [USF-XSim-8] Loading simulator feature
Vivado Simulator 2020.1
Time resolution is 1 ps
open_wave_config D:/Arch_Work/exp2/Exp2/code/sim/core_sim_behav.wcfg
WARNING: Simulation object /core_sim/core/exp_unit/qwq was not found in the design.
source core_sim.tcl
# set curr_wave [current_wave_config]
# if { [string length $curr_wave] == 0 } {
#   if { [llength [get_objects]] > 0} {
#     add_wave /
#     set_property needs_save false [current_wave_config]
#   } else {
#      send_msg_id Add_Wave-1 WARNING "No top level signals found. Simulator will start without a wave window. If you want to open a wave window go to 'File->New Waveform Configuration' or type 'create_wave_config' in the TCL console."
#   }
# }
# run 1000ns
INFO: [USF-XSim-96] XSim completed. Design snapshot 'core_sim_behav' loaded.
INFO: [USF-XSim-97] XSim simulation ran for 1000ns
launch_simulation: Time (s): cpu = 00:00:05 ; elapsed = 00:00:11 . Memory (MB): peak = 1114.637 ; gain = 0.000
current_wave_config {core_sim_behav.wcfg}
core_sim_behav.wcfg
add_wave {{/core_sim/core/exp_unit/qwq1}} {{/core_sim/core/exp_unit/qwq2}} {{/core_sim/core/exp_unit/qwq3}} {{/core_sim/core/exp_unit/qwq4}} {{/core_sim/core/exp_unit/qwq5}} {{/core_sim/core/exp_unit/wqw}} 
save_wave_config {D:/Arch_Work/exp2/Exp2/code/sim/core_sim_behav.wcfg}
relaunch_sim
Command: launch_simulation -simset sim_1 -mode behavioral
INFO: [Vivado 12-5682] Launching behavioral simulation in 'D:/Arch_Work/exp2/Exp2/Exp2.sim/sim_1/behav/xsim'
INFO: [SIM-utils-51] Simulation object is 'sim_1'
INFO: [SIM-utils-54] Inspecting design source files for 'core_sim' in fileset 'sim_1'...
INFO: [USF-XSim-97] Finding global include files...
INFO: [USF-XSim-98] Fetching design files from 'sim_1'...
INFO: [USF-XSim-2] XSim::Compile design
INFO: [USF-XSim-61] Executing 'COMPILE and ANALYZE' step in 'D:/Arch_Work/exp2/Exp2/Exp2.sim/sim_1/behav/xsim'
"xvlog --incr --relax -prj core_sim_vlog.prj"
INFO: [USF-XSim-69] 'compile' step finished in '1' seconds
Command: launch_simulation -simset sim_1 -mode behavioral
INFO: [Vivado 12-5682] Launching behavioral simulation in 'D:/Arch_Work/exp2/Exp2/Exp2.sim/sim_1/behav/xsim'
INFO: [USF-XSim-3] XSim::Elaborate design
INFO: [USF-XSim-61] Executing 'ELABORATE' step in 'D:/Arch_Work/exp2/Exp2/Exp2.sim/sim_1/behav/xsim'
"xelab -wto bd08de18f65a4fff898ed77aa59a84cb --incr --debug typical --relax --mt 2 -L xil_defaultlib -L unisims_ver -L unimacro_ver -L secureip --snapshot core_sim_behav xil_defaultlib.core_sim xil_defaultlib.glbl -log elaborate.log"
Vivado Simulator 2020.1
Copyright 1986-1999, 2001-2020 Xilinx, Inc. All Rights Reserved.
Running: D:/Vivado/2020.1/bin/unwrapped/win64.o/xelab.exe -wto bd08de18f65a4fff898ed77aa59a84cb --incr --debug typical --relax --mt 2 -L xil_defaultlib -L unisims_ver -L unimacro_ver -L secureip --snapshot core_sim_behav xil_defaultlib.core_sim xil_defaultlib.glbl -log elaborate.log 
Using 2 slave threads.
Starting static elaboration
Pass Through NonSizing Optimizer
WARNING: [VRFC 10-3091] actual bit length 1 differs from formal bit length 2 for port 'PCSource' [D:/Arch_Work/exp2/Exp2/code/core/RV32core.v:216]
WARNING: [VRFC 10-3091] actual bit length 1 differs from formal bit length 32 for port 'Addr' [D:/Arch_Work/exp2/Exp2/code/core/RV32core.v:229]
WARNING: [VRFC 10-3091] actual bit length 1 differs from formal bit length 2 for port 'DatatoReg' [D:/Arch_Work/exp2/Exp2/code/core/RV32core.v:233]
WARNING: [VRFC 10-526] concatenation with unsized literal; will interpret as 32 bits [D:/Arch_Work/exp2/Exp2/code/core/ExceptionUnit.v:109]
WARNING: [VRFC 10-526] concatenation with unsized literal; will interpret as 32 bits [D:/Arch_Work/exp2/Exp2/code/core/ExceptionUnit.v:120]
WARNING: [VRFC 10-526] concatenation with unsized literal; will interpret as 32 bits [D:/Arch_Work/exp2/Exp2/code/core/ExceptionUnit.v:127]
WARNING: [VRFC 10-526] concatenation with unsized literal; will interpret as 32 bits [D:/Arch_Work/exp2/Exp2/code/core/ExceptionUnit.v:128]
Completed static elaboration
INFO: [XSIM 43-4323] No Change in HDL. Linking previously generated obj files to create kernel
INFO: [USF-XSim-69] 'elaborate' step finished in '2' seconds
Vivado Simulator 2020.1
Time resolution is 1 ps
relaunch_sim: Time (s): cpu = 00:00:01 ; elapsed = 00:00:05 . Memory (MB): peak = 1114.637 ; gain = 0.000
close_sim
INFO: [Simtcl 6-16] Simulation closed
launch_simulation
Command: launch_simulation 
INFO: [Vivado 12-5682] Launching behavioral simulation in 'D:/Arch_Work/exp2/Exp2/Exp2.sim/sim_1/behav/xsim'
INFO: [SIM-utils-51] Simulation object is 'sim_1'
INFO: [SIM-utils-54] Inspecting design source files for 'core_sim' in fileset 'sim_1'...
INFO: [USF-XSim-97] Finding global include files...
INFO: [USF-XSim-98] Fetching design files from 'sim_1'...
INFO: [USF-XSim-2] XSim::Compile design
INFO: [USF-XSim-61] Executing 'COMPILE and ANALYZE' step in 'D:/Arch_Work/exp2/Exp2/Exp2.sim/sim_1/behav/xsim'
"xvlog --incr --relax -prj core_sim_vlog.prj"
INFO: [VRFC 10-2263] Analyzing Verilog file "D:/Arch_Work/exp2/Exp2/code/core/ALU.v" into library xil_defaultlib
INFO: [VRFC 10-311] analyzing module ALU
INFO: [VRFC 10-2263] Analyzing Verilog file "D:/Arch_Work/exp2/Exp2/code/auxillary/CPUTEST.v" into library xil_defaultlib
INFO: [VRFC 10-311] analyzing module CPUTEST
INFO: [VRFC 10-2263] Analyzing Verilog file "D:/Arch_Work/exp2/Exp2/code/core/CSRRegs.v" into library xil_defaultlib
INFO: [VRFC 10-311] analyzing module CSRRegs
INFO: [VRFC 10-2263] Analyzing Verilog file "D:/Arch_Work/exp2/Exp2/code/core/CtrlUnit.v" into library xil_defaultlib
INFO: [VRFC 10-311] analyzing module CtrlUnit
INFO: [VRFC 10-2263] Analyzing Verilog file "D:/Arch_Work/exp2/Exp2/code/core/ExceptionUnit.v" into library xil_defaultlib
INFO: [VRFC 10-311] analyzing module ExceptionUnit
WARNING: [VRFC 10-526] concatenation with unsized literal; will interpret as 32 bits [D:/Arch_Work/exp2/Exp2/code/core/ExceptionUnit.v:109]
WARNING: [VRFC 10-526] concatenation with unsized literal; will interpret as 32 bits [D:/Arch_Work/exp2/Exp2/code/core/ExceptionUnit.v:120]
WARNING: [VRFC 10-526] concatenation with unsized literal; will interpret as 32 bits [D:/Arch_Work/exp2/Exp2/code/core/ExceptionUnit.v:127]
INFO: [VRFC 10-2263] Analyzing Verilog file "D:/Arch_Work/exp2/Exp2/code/core/HazardDetectionUnit.v" into library xil_defaultlib
INFO: [VRFC 10-311] analyzing module HazardDetectionUnit
INFO: [VRFC 10-2263] Analyzing Verilog file "D:/Arch_Work/exp2/Exp2/code/core/ImmGen.v" into library xil_defaultlib
INFO: [VRFC 10-311] analyzing module ImmGen
INFO: [VRFC 10-2263] Analyzing Verilog file "D:/Arch_Work/exp2/Exp2/code/common/MUX2T1_32.v" into library xil_defaultlib
INFO: [VRFC 10-311] analyzing module MUX2T1_32
INFO: [VRFC 10-2263] Analyzing Verilog file "D:/Arch_Work/exp2/Exp2/code/common/MUX4T1_32.v" into library xil_defaultlib
INFO: [VRFC 10-311] analyzing module MUX4T1_32
INFO: [VRFC 10-2263] Analyzing Verilog file "D:/Arch_Work/exp2/Exp2/code/core/RAM_B.v" into library xil_defaultlib
INFO: [VRFC 10-311] analyzing module RAM_B
INFO: [VRFC 10-2263] Analyzing Verilog file "D:/Arch_Work/exp2/Exp2/code/common/REG32.v" into library xil_defaultlib
INFO: [VRFC 10-311] analyzing module REG32
INFO: [VRFC 10-2263] Analyzing Verilog file "D:/Arch_Work/exp2/Exp2/code/core/REG_EX_MEM.v" into library xil_defaultlib
INFO: [VRFC 10-311] analyzing module REG_EX_MEM
INFO: [VRFC 10-2263] Analyzing Verilog file "D:/Arch_Work/exp2/Exp2/code/core/REG_ID_EX.v" into library xil_defaultlib
INFO: [VRFC 10-311] analyzing module REG_ID_EX
INFO: [VRFC 10-2263] Analyzing Verilog file "D:/Arch_Work/exp2/Exp2/code/core/REG_IF_ID.v" into library xil_defaultlib
INFO: [VRFC 10-311] analyzing module REG_IF_ID
INFO: [VRFC 10-2263] Analyzing Verilog file "D:/Arch_Work/exp2/Exp2/code/core/REG_MEM_WB.v" into library xil_defaultlib
INFO: [VRFC 10-311] analyzing module REG_MEM_WB
INFO: [VRFC 10-2263] Analyzing Verilog file "D:/Arch_Work/exp2/Exp2/code/core/ROM_D.v" into library xil_defaultlib
INFO: [VRFC 10-311] analyzing module ROM_D
INFO: [VRFC 10-2263] Analyzing Verilog file "D:/Arch_Work/exp2/Exp2/code/core/RV32core.v" into library xil_defaultlib
INFO: [VRFC 10-311] analyzing module RV32core
INFO: [VRFC 10-2458] undeclared symbol Addr, assumed default net type wire [D:/Arch_Work/exp2/Exp2/code/core/RV32core.v:229]
INFO: [VRFC 10-2458] undeclared symbol MWR, assumed default net type wire [D:/Arch_Work/exp2/Exp2/code/core/RV32core.v:230]
INFO: [VRFC 10-2263] Analyzing Verilog file "D:/Arch_Work/exp2/Exp2/code/core/Regs.v" into library xil_defaultlib
INFO: [VRFC 10-311] analyzing module Regs
INFO: [VRFC 10-2263] Analyzing Verilog file "D:/Arch_Work/exp2/Exp2/code/common/add_32.v" into library xil_defaultlib
INFO: [VRFC 10-311] analyzing module add_32
INFO: [VRFC 10-2263] Analyzing Verilog file "D:/Arch_Work/exp2/Exp2/code/common/cmp_32.v" into library xil_defaultlib
INFO: [VRFC 10-311] analyzing module cmp_32
INFO: [VRFC 10-2263] Analyzing Verilog file "D:/Arch_Work/exp2/Exp2/code/auxillary/debug_clk.v" into library xil_defaultlib
INFO: [VRFC 10-311] analyzing module debug_clk
INFO: [VRFC 10-2263] Analyzing Verilog file "D:/Arch_Work/exp2/Exp2/code/sim/core_sim.v" into library xil_defaultlib
INFO: [VRFC 10-311] analyzing module core_sim
INFO: [USF-XSim-69] 'compile' step finished in '3' seconds
INFO: [USF-XSim-3] XSim::Elaborate design
INFO: [USF-XSim-61] Executing 'ELABORATE' step in 'D:/Arch_Work/exp2/Exp2/Exp2.sim/sim_1/behav/xsim'
"xelab -wto bd08de18f65a4fff898ed77aa59a84cb --incr --debug typical --relax --mt 2 -L xil_defaultlib -L unisims_ver -L unimacro_ver -L secureip --snapshot core_sim_behav xil_defaultlib.core_sim xil_defaultlib.glbl -log elaborate.log"
Vivado Simulator 2020.1
Copyright 1986-1999, 2001-2020 Xilinx, Inc. All Rights Reserved.
Running: D:/Vivado/2020.1/bin/unwrapped/win64.o/xelab.exe -wto bd08de18f65a4fff898ed77aa59a84cb --incr --debug typical --relax --mt 2 -L xil_defaultlib -L unisims_ver -L unimacro_ver -L secureip --snapshot core_sim_behav xil_defaultlib.core_sim xil_defaultlib.glbl -log elaborate.log 
Using 2 slave threads.
Starting static elaboration
Pass Through NonSizing Optimizer
WARNING: [VRFC 10-3091] actual bit length 1 differs from formal bit length 2 for port 'PCSource' [D:/Arch_Work/exp2/Exp2/code/core/RV32core.v:216]
WARNING: [VRFC 10-3091] actual bit length 1 differs from formal bit length 32 for port 'Addr' [D:/Arch_Work/exp2/Exp2/code/core/RV32core.v:229]
WARNING: [VRFC 10-3091] actual bit length 1 differs from formal bit length 2 for port 'DatatoReg' [D:/Arch_Work/exp2/Exp2/code/core/RV32core.v:233]
WARNING: [VRFC 10-526] concatenation with unsized literal; will interpret as 32 bits [D:/Arch_Work/exp2/Exp2/code/core/ExceptionUnit.v:109]
WARNING: [VRFC 10-526] concatenation with unsized literal; will interpret as 32 bits [D:/Arch_Work/exp2/Exp2/code/core/ExceptionUnit.v:120]
WARNING: [VRFC 10-526] concatenation with unsized literal; will interpret as 32 bits [D:/Arch_Work/exp2/Exp2/code/core/ExceptionUnit.v:127]
Completed static elaboration
Starting simulation data flow analysis
Completed simulation data flow analysis
Time Resolution for simulation is 1ps
Compiling module xil_defaultlib.debug_clk
Compiling module xil_defaultlib.REG32
Compiling module xil_defaultlib.add_32
Compiling module xil_defaultlib.MUX2T1_32
Compiling module xil_defaultlib.ROM_D
Compiling module xil_defaultlib.REG_IF_ID
Compiling module xil_defaultlib.CtrlUnit
Compiling module xil_defaultlib.Regs
Compiling module xil_defaultlib.ImmGen
Compiling module xil_defaultlib.MUX4T1_32
Compiling module xil_defaultlib.cmp_32
Compiling module xil_defaultlib.HazardDetectionUnit
Compiling module xil_defaultlib.REG_ID_EX
Compiling module xil_defaultlib.ALU
Compiling module xil_defaultlib.REG_EX_MEM
Compiling module xil_defaultlib.RAM_B
Compiling module xil_defaultlib.CSRRegs
Compiling module xil_defaultlib.ExceptionUnit
Compiling module xil_defaultlib.REG_MEM_WB
Compiling module xil_defaultlib.CPUTEST
Compiling module xil_defaultlib.RV32core
Compiling module xil_defaultlib.core_sim
Compiling module xil_defaultlib.glbl
Built simulation snapshot core_sim_behav
INFO: [USF-XSim-69] 'elaborate' step finished in '4' seconds
INFO: [USF-XSim-4] XSim::Simulate design
INFO: [USF-XSim-61] Executing 'SIMULATE' step in 'D:/Arch_Work/exp2/Exp2/Exp2.sim/sim_1/behav/xsim'
INFO: [USF-XSim-98] *** Running xsim
   with args "core_sim_behav -key {Behavioral:sim_1:Functional:core_sim} -tclbatch {core_sim.tcl} -view {D:/Arch_Work/exp2/Exp2/code/sim/core_sim_behav.wcfg} -log {simulate.log}"
INFO: [USF-XSim-8] Loading simulator feature
Vivado Simulator 2020.1
Time resolution is 1 ps
open_wave_config D:/Arch_Work/exp2/Exp2/code/sim/core_sim_behav.wcfg
source core_sim.tcl
# set curr_wave [current_wave_config]
# if { [string length $curr_wave] == 0 } {
#   if { [llength [get_objects]] > 0} {
#     add_wave /
#     set_property needs_save false [current_wave_config]
#   } else {
#      send_msg_id Add_Wave-1 WARNING "No top level signals found. Simulator will start without a wave window. If you want to open a wave window go to 'File->New Waveform Configuration' or type 'create_wave_config' in the TCL console."
#   }
# }
# run 1000ns
INFO: [USF-XSim-96] XSim completed. Design snapshot 'core_sim_behav' loaded.
INFO: [USF-XSim-97] XSim simulation ran for 1000ns
launch_simulation: Time (s): cpu = 00:00:05 ; elapsed = 00:00:11 . Memory (MB): peak = 1114.637 ; gain = 0.000
current_wave_config {core_sim_behav.wcfg}
core_sim_behav.wcfg
add_wave {{/core_sim/core/exp_unit/PC_redirect}} 
reset_run synth_1
WARNING: [Vivado 12-1017] Problems encountered:
1. Failed to delete one or more files in run directory D:/Arch_Work/exp2/Exp2/Exp2.runs/synth_1

launch_runs impl_1 -to_step write_bitstream -jobs 4
[Tue Oct 12 16:12:26 2021] Launched synth_1...
Run output will be captured here: D:/Arch_Work/exp2/Exp2/Exp2.runs/synth_1/runme.log
[Tue Oct 12 16:12:26 2021] Launched impl_1...
Run output will be captured here: D:/Arch_Work/exp2/Exp2/Exp2.runs/impl_1/runme.log
save_wave_config {D:/Arch_Work/exp2/Exp2/code/sim/core_sim_behav.wcfg}
close_sim
ERROR: [Vivado 12-106] *** Exception: java.lang.NullPointerException (See D:/Arch_Work/exp2/Exp2/vivado_pid9772.debug)
INFO: [Simtcl 6-16] Simulation closed
ERROR: [Common 17-39] 'close_sim' failed due to earlier errors.
exit
INFO: [Common 17-206] Exiting Vivado at Tue Oct 12 16:17:16 2021...
