Copyright 1986-2022 Xilinx, Inc. All Rights Reserved.
------------------------------------------------------------------------------------
| Tool Version : Vivado v.2022.2 (win64) Build 3671981 Fri Oct 14 05:00:03 MDT 2022
| Date         : Sun Mar  5 23:04:17 2023
| Host         : LYLD running 64-bit major release  (build 9200)
| Command      : report_control_sets -verbose -file top_control_sets_placed.rpt
| Design       : top
| Device       : xc7k325t
------------------------------------------------------------------------------------

Control Set Information

Table of Contents
-----------------
1. Summary
2. Histogram
3. Flip-Flop Distribution
4. Detailed Control Set Information

1. Summary
----------

+----------------------------------------------------------+-------+
|                          Status                          | Count |
+----------------------------------------------------------+-------+
| Total control sets                                       |    78 |
|    Minimum number of control sets                        |    78 |
|    Addition due to synthesis replication                 |     0 |
|    Addition due to physical synthesis replication        |     0 |
| Unused register locations in slices containing registers |   135 |
+----------------------------------------------------------+-------+
* Control sets can be merged at opt_design using control_set_merge or merge_equivalent_drivers
** Run report_qor_suggestions for automated merging and remapping suggestions


2. Histogram
------------

+--------------------+-------+
|       Fanout       | Count |
+--------------------+-------+
| Total control sets |    78 |
| >= 0 to < 4        |     0 |
| >= 4 to < 6        |     5 |
| >= 6 to < 8        |     4 |
| >= 8 to < 10       |     0 |
| >= 10 to < 12      |     3 |
| >= 12 to < 14      |     3 |
| >= 14 to < 16      |     2 |
| >= 16              |    61 |
+--------------------+-------+
* Control sets can be remapped at either synth_design or opt_design


3. Flip-Flop Distribution
-------------------------

+--------------+-----------------------+------------------------+-----------------+--------------+
| Clock Enable | Synchronous Set/Reset | Asynchronous Set/Reset | Total Registers | Total Slices |
+--------------+-----------------------+------------------------+-----------------+--------------+
| No           | No                    | No                     |            3334 |          615 |
| No           | No                    | Yes                    |             113 |           51 |
| No           | Yes                   | No                     |              75 |           29 |
| Yes          | No                    | No                     |            1536 |          855 |
| Yes          | No                    | Yes                    |            1441 |          634 |
| Yes          | Yes                   | No                     |              54 |           12 |
+--------------+-----------------------+------------------------+-----------------+--------------+


4. Detailed Control Set Information
-----------------------------------

+-------------------+------------------------------------------+----------------------------------+------------------+----------------+--------------+
|    Clock Signal   |               Enable Signal              |         Set/Reset Signal         | Slice Load Count | Bel Load Count | Bels / Slice |
+-------------------+------------------------------------------+----------------------------------+------------------+----------------+--------------+
|  debug_clk        | core/ctrl/A0                             | core/ctrl/state_reg_0            |                1 |              4 |         4.00 |
|  CLK_GEN/CLK_OUT3 | DISPLAY/P2S_LED/data_count[3]_i_1__0_n_0 | rst_all                          |                1 |              4 |         4.00 |
|  debug_clk        | core/ctrl/A0                             | core/ctrl/state_reg              |                2 |              5 |         2.50 |
|  CLK_GEN/CLK_OUT1 |                                          | vga/U12/v_count_reg[8]_0         |                3 |              5 |         1.67 |
|  CLK_GEN/CLK_OUT3 | BTN_SCAN/p_0_in                          |                                  |                1 |              5 |         5.00 |
|  CLK_GEN/CLK_OUT3 | DISPLAY/P2S_SEG/next_data_count          | rst_all                          |                2 |              6 |         3.00 |
|  debug_clk        |                                          | core/mu/state[6]_i_1_n_0         |                2 |              7 |         3.50 |
|  CLK_GEN/CLK_OUT1 | vga/U12/E[0]                             |                                  |                3 |              7 |         2.33 |
|  CLK_GEN/CLK_OUT3 | DISPLAY/P2S_LED/buff_0                   | DISPLAY/P2S_LED/buff[16]_i_1_n_0 |                1 |              7 |         7.00 |
|  CLK_GEN/CLK_OUT3 |                                          | vga/U12/h_count[9]_i_1_n_0       |                6 |             10 |         1.67 |
|  CLK_GEN/CLK_OUT3 | vga/U12/v_count                          |                                  |                4 |             10 |         2.50 |
|  CLK_GEN/CLK_OUT3 | DISPLAY/P2S_LED/buff_0                   |                                  |                3 |             10 |         3.33 |
|  CLK_GEN/CLK_OUT3 |                                          | vga/U12/rdn_reg_n_0              |                4 |             12 |         3.00 |
|  CLK_GEN/CLK_OUT1 |                                          | vga/U12/v_count_reg[8]_20        |                6 |             13 |         2.17 |
|  CLK_GEN/CLK_OUT3 | DISPLAY/P2S_SEG/buff                     | DISPLAY/P2S_SEG/buff[64]_i_1_n_0 |                2 |             13 |         6.50 |
|  CLK_GEN/CLK_OUT3 | DISPLAY/P2S_SEG/buff                     |                                  |                3 |             14 |         4.67 |
|  CLK_GEN/CLK_OUT3 | DISPLAY/P2S_SEG/buff                     | DISPLAY/P2S_SEG/buff[63]_i_1_n_0 |                3 |             15 |         5.00 |
|  CLK_GEN/CLK_OUT4 |                                          |                                  |                5 |             17 |         3.40 |
|  debug_clk        | core/reg_IF_IS/IR_IS_reg[14]_4[0]        | rst_all                          |                8 |             22 |         2.75 |
|  debug_clk        | core/reg_IF_IS/IR_IS_reg[14]_7           | rst_all                          |                8 |             22 |         2.75 |
|  debug_clk        | core/reg_IF_IS/IR_IS_reg[14]_2[0]        | rst_all                          |               11 |             25 |         2.27 |
|  debug_clk        | core/reg_IF_IS/IR_IS_reg[13]_3[0]        | rst_all                          |                8 |             25 |         3.12 |
|  debug_clk        | core/reg_IF_IS/IS_flush_reg_2            | rst_all                          |                8 |             25 |         3.12 |
|  CLK_GEN/CLK_OUT3 |                                          |                                  |               12 |             26 |         2.17 |
|  debug_clk        | core/reg_IF_IS/IS_flush_reg_1[0]         | rst_all                          |               13 |             26 |         2.00 |
|  debug_clk        | core/reg_IF_IS/IR_IS_reg[14]_3[0]        | rst_all                          |               15 |             27 |         1.80 |
|  debug_clk        | core/reg_IF_IS/IS_flush_reg_4[0]         | rst_all                          |               11 |             27 |         2.45 |
|  CLK_GEN/CLK_OUT3 |                                          | rst_all                          |                8 |             28 |         3.50 |
|  CLK_GEN/CLK_OUT1 |                                          |                                  |               20 |             31 |         1.55 |
| ~debug_clk        | core/ctrl/FUS_reg[1][8]_12[0]            | rst_all                          |               15 |             32 |         2.13 |
| ~debug_clk        | core/ctrl/FUS_reg[1][8]_15[0]            | rst_all                          |               13 |             32 |         2.46 |
| ~debug_clk        | core/ctrl/FUS_reg[1][8]_10[0]            | rst_all                          |               19 |             32 |         1.68 |
| ~debug_clk        | core/ctrl/FUS_reg[1][8]_17[0]            | rst_all                          |               13 |             32 |         2.46 |
| ~debug_clk        | core/ctrl/FUS_reg[1][8]_18[0]            | rst_all                          |               17 |             32 |         1.88 |
| ~debug_clk        | core/ctrl/FUS_reg[1][8]_11[0]            | rst_all                          |               12 |             32 |         2.67 |
| ~debug_clk        | core/ctrl/FUS_reg[1][8]_13[0]            | rst_all                          |               14 |             32 |         2.29 |
| ~debug_clk        | core/ctrl/FUS_reg[1][8]_19[0]            | rst_all                          |               11 |             32 |         2.91 |
| ~debug_clk        | core/ctrl/FUS_reg[1][8]_20[0]            | rst_all                          |               19 |             32 |         1.68 |
| ~debug_clk        | core/ctrl/FUS_reg[1][8]_14[0]            | rst_all                          |               26 |             32 |         1.23 |
|  debug_clk        | core/ju/FU_jump_finish                   | rst_all                          |                9 |             32 |         3.56 |
| ~debug_clk        | core/ctrl/FUS_reg[1][8]_2[0]             | rst_all                          |               14 |             32 |         2.29 |
| ~debug_clk        | core/ctrl/FUS_reg[1][8]_6[0]             | rst_all                          |               10 |             32 |         3.20 |
| ~debug_clk        | core/ctrl/FUS_reg[1][8]_30[0]            | rst_all                          |               18 |             32 |         1.78 |
| ~debug_clk        | core/ctrl/FUS_reg[1][8]_27[0]            | rst_all                          |               12 |             32 |         2.67 |
| ~debug_clk        | core/ctrl/FUS_reg[1][8]_24[0]            | rst_all                          |               11 |             32 |         2.91 |
| ~debug_clk        | core/ctrl/FUS_reg[1][8]_23[0]            | rst_all                          |                9 |             32 |         3.56 |
| ~debug_clk        | core/ctrl/FUS_reg[1][8]_21[0]            | rst_all                          |               13 |             32 |         2.46 |
| ~debug_clk        | core/ctrl/FUS_reg[1][8]_29[0]            | rst_all                          |                8 |             32 |         4.00 |
| ~debug_clk        | core/ctrl/FUS_reg[1][8]_3[0]             | rst_all                          |               16 |             32 |         2.00 |
| ~debug_clk        | core/ctrl/FUS_reg[1][8]_9[0]             | rst_all                          |               23 |             32 |         1.39 |
| ~debug_clk        | core/ctrl/FUS_reg[1][8]_26[0]            | rst_all                          |               11 |             32 |         2.91 |
| ~debug_clk        | core/ctrl/FUS_reg[1][8]_22[0]            | rst_all                          |               16 |             32 |         2.00 |
| ~debug_clk        | core/ctrl/FUS_reg[1][8]_28[0]            | rst_all                          |               15 |             32 |         2.13 |
| ~debug_clk        | core/ctrl/FUS_reg[1][8]_4[0]             | rst_all                          |               16 |             32 |         2.00 |
| ~debug_clk        | core/ctrl/FUS_reg[1][8]_8[0]             | rst_all                          |               13 |             32 |         2.46 |
| ~debug_clk        | core/ctrl/FUS_reg[1][8]_25[0]            | rst_all                          |               14 |             32 |         2.29 |
| ~debug_clk        | core/ctrl/FUS_reg[1][8]_7[0]             | rst_all                          |               19 |             32 |         1.68 |
| ~debug_clk        | core/ctrl/FUS_reg[1][8]_5[0]             | rst_all                          |               12 |             32 |         2.67 |
| ~debug_clk        | core/ctrl/FUS_reg[1][8]_16[0]            | rst_all                          |               15 |             32 |         2.13 |
|  debug_clk        | core/alu/FU_ALU_finish                   | rst_all                          |               14 |             32 |         2.29 |
|  debug_clk        | core/du/E[0]                             | rst_all                          |               12 |             32 |         2.67 |
|  debug_clk        | core/mem/E[0]                            | rst_all                          |               12 |             32 |         2.67 |
|  debug_clk        | core/mu/Q[0]                             | rst_all                          |               16 |             32 |         2.00 |
|  debug_clk        | core/reg_IF_IS/E[0]                      | rst_all                          |                7 |             32 |         4.57 |
|  debug_clk        | core/reg_IF_IS/rst_all_reg_0[0]          |                                  |               10 |             32 |         3.20 |
|  debug_clk        | core/reg_IF_IS/rst_all_reg[0]            |                                  |               15 |             32 |         2.13 |
| ~debug_clk        | core/ctrl/FUS_reg[1][8]_1[0]             | rst_all                          |               20 |             32 |         1.60 |
| ~debug_clk        | core/ctrl/FUS_reg[1][8]_0[0]             | rst_all                          |               19 |             32 |         1.68 |
|  CLK_GEN/CLK_OUT1 | vga/U12/should_latch_debug_data          |                                  |                6 |             44 |         7.33 |
|  debug_clk        | core/reg_IF_IS/IS_EN                     | rst_all                          |               19 |             58 |         3.05 |
|  debug_clk        | core/ctrl/A0                             |                                  |               22 |             59 |         2.68 |
|  debug_clk        | core/mu/state[6]_i_1_n_0                 |                                  |               14 |             64 |         4.57 |
|  debug_clk        | core/ctrl/A_valid_reg[0]                 |                                  |               18 |             64 |         3.56 |
|  debug_clk        | core/mem/i_/i__n_0                       |                                  |               36 |             96 |         2.67 |
|  debug_clk        |                                          | rst_all                          |               51 |            113 |         2.22 |
|  debug_clk        | core/ctrl/FUS_reg[5][28]_1               |                                  |               33 |            126 |         3.82 |
| ~debug_clk        | core/mem/add/E[0]                        |                                  |              693 |           1024 |         1.48 |
|  debug_clk        |                                          |                                  |              578 |           3283 |         5.68 |
+-------------------+------------------------------------------+----------------------------------+------------------+----------------+--------------+


